{"/Users/philipleesha/Documents/Projects/littleswaps-firebase/functions/src/followers/index.js": {"path":"/Users/philipleesha/Documents/Projects/littleswaps-firebase/functions/src/followers/index.js","statementMap":{"0":{"start":{"line":5,"column":30},"end":{"line":18,"column":1}},"1":{"start":{"line":6,"column":2},"end":{"line":17,"column":3}},"2":{"start":{"line":7,"column":31},"end":{"line":7,"column":67}},"3":{"start":{"line":9,"column":4},"end":{"line":9,"column":38}},"4":{"start":{"line":10,"column":4},"end":{"line":10,"column":48}},"5":{"start":{"line":12,"column":4},"end":{"line":12,"column":79}},"6":{"start":{"line":13,"column":4},"end":{"line":13,"column":16}},"7":{"start":{"line":15,"column":4},"end":{"line":15,"column":63}},"8":{"start":{"line":16,"column":4},"end":{"line":16,"column":16}},"9":{"start":{"line":20,"column":30},"end":{"line":33,"column":1}},"10":{"start":{"line":21,"column":2},"end":{"line":32,"column":3}},"11":{"start":{"line":22,"column":31},"end":{"line":22,"column":67}},"12":{"start":{"line":24,"column":4},"end":{"line":24,"column":39}},"13":{"start":{"line":25,"column":4},"end":{"line":25,"column":49}},"14":{"start":{"line":27,"column":4},"end":{"line":27,"column":82}},"15":{"start":{"line":28,"column":4},"end":{"line":28,"column":16}},"16":{"start":{"line":30,"column":4},"end":{"line":30,"column":66}},"17":{"start":{"line":31,"column":4},"end":{"line":31,"column":16}}},"fnMap":{"0":{"name":"(anonymous_0)","decl":{"start":{"line":5,"column":30},"end":{"line":5,"column":31}},"loc":{"start":{"line":5,"column":47},"end":{"line":18,"column":1}},"line":5},"1":{"name":"(anonymous_1)","decl":{"start":{"line":20,"column":30},"end":{"line":20,"column":31}},"loc":{"start":{"line":20,"column":47},"end":{"line":33,"column":1}},"line":20}},"branchMap":{},"s":{"0":1,"1":1,"2":1,"3":1,"4":1,"5":1,"6":1,"7":0,"8":0,"9":1,"10":1,"11":1,"12":1,"13":1,"14":1,"15":1,"16":0,"17":0},"f":{"0":1,"1":1},"b":{},"_coverageSchema":"1a1c01bbd47fc00a2c39e90264f33305004495a9","hash":"0dfaf9fb5d3b6d6b007b317b6fce23699799dc21"}
,"/Users/philipleesha/Documents/Projects/littleswaps-firebase/functions/src/followers/updateFollowCounts.js": {"path":"/Users/philipleesha/Documents/Projects/littleswaps-firebase/functions/src/followers/updateFollowCounts.js","statementMap":{"0":{"start":{"line":4,"column":34},"end":{"line":16,"column":1}},"1":{"start":{"line":5,"column":2},"end":{"line":15,"column":3}},"2":{"start":{"line":6,"column":20},"end":{"line":6,"column":69}},"3":{"start":{"line":7,"column":4},"end":{"line":9,"column":7}},"4":{"start":{"line":11,"column":4},"end":{"line":11,"column":16}},"5":{"start":{"line":13,"column":4},"end":{"line":13,"column":57}},"6":{"start":{"line":14,"column":4},"end":{"line":14,"column":16}}},"fnMap":{"0":{"name":"(anonymous_0)","decl":{"start":{"line":4,"column":34},"end":{"line":4,"column":35}},"loc":{"start":{"line":4,"column":75},"end":{"line":16,"column":1}},"line":4}},"branchMap":{"0":{"loc":{"start":{"line":8,"column":7},"end":{"line":8,"column":45}},"type":"cond-expr","locations":[{"start":{"line":8,"column":20},"end":{"line":8,"column":31}},{"start":{"line":8,"column":34},"end":{"line":8,"column":45}}],"line":8}},"s":{"0":1,"1":3,"2":3,"3":3,"4":2,"5":1,"6":1},"f":{"0":3},"b":{"0":[2,1]},"_coverageSchema":"1a1c01bbd47fc00a2c39e90264f33305004495a9","hash":"23e5e9e4e6f41670a460bcee5037584cc8587cbb"}
,"/Users/philipleesha/Documents/Projects/littleswaps-firebase/functions/src/likes/getLikeSnippet.js": {"path":"/Users/philipleesha/Documents/Projects/littleswaps-firebase/functions/src/likes/getLikeSnippet.js","statementMap":{"0":{"start":{"line":3,"column":30},"end":{"line":20,"column":1}},"1":{"start":{"line":4,"column":21},"end":{"line":10,"column":10}},"2":{"start":{"line":12,"column":2},"end":{"line":19,"column":5}},"3":{"start":{"line":13,"column":17},"end":{"line":13,"column":27}},"4":{"start":{"line":14,"column":4},"end":{"line":18,"column":6}}},"fnMap":{"0":{"name":"(anonymous_0)","decl":{"start":{"line":3,"column":30},"end":{"line":3,"column":31}},"loc":{"start":{"line":3,"column":49},"end":{"line":20,"column":1}},"line":3},"1":{"name":"(anonymous_1)","decl":{"start":{"line":12,"column":29},"end":{"line":12,"column":30}},"loc":{"start":{"line":12,"column":36},"end":{"line":19,"column":3}},"line":12}},"branchMap":{"0":{"loc":{"start":{"line":17,"column":16},"end":{"line":17,"column":35}},"type":"binary-expr","locations":[{"start":{"line":17,"column":16},"end":{"line":17,"column":29}},{"start":{"line":17,"column":33},"end":{"line":17,"column":35}}],"line":17}},"s":{"0":1,"1":1,"2":1,"3":1,"4":1},"f":{"0":1,"1":1},"b":{"0":[1,0]},"_coverageSchema":"1a1c01bbd47fc00a2c39e90264f33305004495a9","hash":"6a26c3d8ae1c628e38f36ddd5e02d2568b253cd1"}
,"/Users/philipleesha/Documents/Projects/littleswaps-firebase/functions/src/likes/index.js": {"path":"/Users/philipleesha/Documents/Projects/littleswaps-firebase/functions/src/likes/index.js","statementMap":{"0":{"start":{"line":5,"column":26},"end":{"line":16,"column":1}},"1":{"start":{"line":6,"column":2},"end":{"line":15,"column":3}},"2":{"start":{"line":7,"column":23},"end":{"line":7,"column":55}},"3":{"start":{"line":9,"column":4},"end":{"line":9,"column":44}},"4":{"start":{"line":11,"column":4},"end":{"line":11,"column":16}},"5":{"start":{"line":13,"column":4},"end":{"line":13,"column":59}},"6":{"start":{"line":14,"column":4},"end":{"line":14,"column":16}},"7":{"start":{"line":18,"column":26},"end":{"line":29,"column":1}},"8":{"start":{"line":19,"column":2},"end":{"line":28,"column":3}},"9":{"start":{"line":20,"column":23},"end":{"line":20,"column":55}},"10":{"start":{"line":22,"column":4},"end":{"line":22,"column":38}},"11":{"start":{"line":24,"column":4},"end":{"line":24,"column":16}},"12":{"start":{"line":26,"column":4},"end":{"line":26,"column":59}},"13":{"start":{"line":27,"column":4},"end":{"line":27,"column":16}}},"fnMap":{"0":{"name":"(anonymous_0)","decl":{"start":{"line":5,"column":26},"end":{"line":5,"column":27}},"loc":{"start":{"line":5,"column":43},"end":{"line":16,"column":1}},"line":5},"1":{"name":"(anonymous_1)","decl":{"start":{"line":18,"column":26},"end":{"line":18,"column":27}},"loc":{"start":{"line":18,"column":43},"end":{"line":29,"column":1}},"line":18}},"branchMap":{},"s":{"0":1,"1":1,"2":1,"3":1,"4":1,"5":0,"6":0,"7":1,"8":1,"9":1,"10":1,"11":1,"12":0,"13":0},"f":{"0":1,"1":1},"b":{},"_coverageSchema":"1a1c01bbd47fc00a2c39e90264f33305004495a9","hash":"7feffe8356a855bd38115499cf97aabf59c4d075"}
,"/Users/philipleesha/Documents/Projects/littleswaps-firebase/functions/src/likes/updateProductLike.js": {"path":"/Users/philipleesha/Documents/Projects/littleswaps-firebase/functions/src/likes/updateProductLike.js","statementMap":{"0":{"start":{"line":5,"column":33},"end":{"line":22,"column":1}},"1":{"start":{"line":6,"column":2},"end":{"line":21,"column":3}},"2":{"start":{"line":7,"column":24},"end":{"line":7,"column":54}},"3":{"start":{"line":8,"column":4},"end":{"line":15,"column":9}},"4":{"start":{"line":17,"column":4},"end":{"line":17,"column":16}},"5":{"start":{"line":19,"column":4},"end":{"line":19,"column":48}},"6":{"start":{"line":20,"column":4},"end":{"line":20,"column":16}}},"fnMap":{"0":{"name":"(anonymous_0)","decl":{"start":{"line":5,"column":33},"end":{"line":5,"column":34}},"loc":{"start":{"line":5,"column":63},"end":{"line":22,"column":1}},"line":5}},"branchMap":{"0":{"loc":{"start":{"line":13,"column":52},"end":{"line":13,"column":69}},"type":"cond-expr","locations":[{"start":{"line":13,"column":63},"end":{"line":13,"column":64}},{"start":{"line":13,"column":67},"end":{"line":13,"column":69}}],"line":13}},"s":{"0":1,"1":3,"2":3,"3":3,"4":2,"5":1,"6":1},"f":{"0":3},"b":{"0":[2,1]},"_coverageSchema":"1a1c01bbd47fc00a2c39e90264f33305004495a9","hash":"09309a3e5f243222b9aade2245ba16b3e35e86ed"}
,"/Users/philipleesha/Documents/Projects/littleswaps-firebase/functions/src/orders/index.js": {"path":"/Users/philipleesha/Documents/Projects/littleswaps-firebase/functions/src/orders/index.js","statementMap":{"0":{"start":{"line":9,"column":18},"end":{"line":9,"column":47}},"1":{"start":{"line":11,"column":11},"end":{"line":11,"column":28}},"2":{"start":{"line":12,"column":16},"end":{"line":12,"column":38}},"3":{"start":{"line":13,"column":19},"end":{"line":13,"column":44}},"4":{"start":{"line":14,"column":26},"end":{"line":14,"column":39}},"5":{"start":{"line":16,"column":26},"end":{"line":23,"column":1}},"6":{"start":{"line":17,"column":14},"end":{"line":17,"column":29}},"7":{"start":{"line":18,"column":22},"end":{"line":18,"column":37}},"8":{"start":{"line":19,"column":2},"end":{"line":22,"column":4}},"9":{"start":{"line":25,"column":31},"end":{"line":44,"column":1}},"10":{"start":{"line":26,"column":2},"end":{"line":43,"column":3}},"11":{"start":{"line":27,"column":21},"end":{"line":27,"column":52}},"12":{"start":{"line":29,"column":4},"end":{"line":31,"column":5}},"13":{"start":{"line":30,"column":6},"end":{"line":30,"column":40}},"14":{"start":{"line":33,"column":21},"end":{"line":33,"column":36}},"15":{"start":{"line":35,"column":4},"end":{"line":37,"column":5}},"16":{"start":{"line":36,"column":6},"end":{"line":36,"column":49}},"17":{"start":{"line":39,"column":4},"end":{"line":39,"column":36}},"18":{"start":{"line":41,"column":4},"end":{"line":41,"column":66}},"19":{"start":{"line":42,"column":4},"end":{"line":42,"column":17}},"20":{"start":{"line":46,"column":30},"end":{"line":71,"column":1}},"21":{"start":{"line":52,"column":24},"end":{"line":52,"column":80}},"22":{"start":{"line":53,"column":16},"end":{"line":53,"column":45}},"23":{"start":{"line":55,"column":67},"end":{"line":55,"column":87}},"24":{"start":{"line":56,"column":2},"end":{"line":63,"column":3}},"25":{"start":{"line":57,"column":4},"end":{"line":62,"column":7}},"26":{"start":{"line":65,"column":2},"end":{"line":70,"column":5}},"27":{"start":{"line":73,"column":30},"end":{"line":101,"column":1}},"28":{"start":{"line":78,"column":24},"end":{"line":78,"column":64}},"29":{"start":{"line":79,"column":25},"end":{"line":79,"column":84}},"30":{"start":{"line":81,"column":2},"end":{"line":94,"column":3}},"31":{"start":{"line":82,"column":24},"end":{"line":82,"column":46}},"32":{"start":{"line":83,"column":4},"end":{"line":86,"column":6}},"33":{"start":{"line":87,"column":4},"end":{"line":87,"column":40}},"34":{"start":{"line":88,"column":4},"end":{"line":88,"column":24}},"35":{"start":{"line":90,"column":4},"end":{"line":93,"column":7}},"36":{"start":{"line":96,"column":2},"end":{"line":100,"column":4}},"37":{"start":{"line":103,"column":42},"end":{"line":122,"column":1}},"38":{"start":{"line":106,"column":31},"end":{"line":106,"column":82}},"39":{"start":{"line":107,"column":28},"end":{"line":107,"column":94}},"40":{"start":{"line":108,"column":2},"end":{"line":116,"column":3}},"41":{"start":{"line":109,"column":16},"end":{"line":109,"column":41}},"42":{"start":{"line":110,"column":4},"end":{"line":110,"column":29}},"43":{"start":{"line":111,"column":4},"end":{"line":111,"column":31}},"44":{"start":{"line":112,"column":4},"end":{"line":115,"column":7}},"45":{"start":{"line":118,"column":2},"end":{"line":121,"column":4}},"46":{"start":{"line":124,"column":28},"end":{"line":131,"column":1}},"47":{"start":{"line":125,"column":21},"end":{"line":125,"column":46}},"48":{"start":{"line":126,"column":2},"end":{"line":129,"column":5}},"49":{"start":{"line":130,"column":2},"end":{"line":130,"column":41}},"50":{"start":{"line":133,"column":32},"end":{"line":145,"column":1}},"51":{"start":{"line":134,"column":17},"end":{"line":134,"column":54}},"52":{"start":{"line":135,"column":20},"end":{"line":135,"column":90}},"53":{"start":{"line":136,"column":20},"end":{"line":136,"column":73}},"54":{"start":{"line":137,"column":2},"end":{"line":137,"column":47}},"55":{"start":{"line":138,"column":2},"end":{"line":144,"column":5}},"56":{"start":{"line":147,"column":34},"end":{"line":169,"column":1}},"57":{"start":{"line":148,"column":17},"end":{"line":148,"column":40}},"58":{"start":{"line":149,"column":28},"end":{"line":149,"column":98}},"59":{"start":{"line":150,"column":37},"end":{"line":150,"column":90}},"60":{"start":{"line":151,"column":2},"end":{"line":151,"column":47}},"61":{"start":{"line":152,"column":2},"end":{"line":156,"column":5}},"62":{"start":{"line":157,"column":2},"end":{"line":161,"column":5}},"63":{"start":{"line":162,"column":2},"end":{"line":168,"column":5}},"64":{"start":{"line":171,"column":27},"end":{"line":183,"column":1}},"65":{"start":{"line":172,"column":17},"end":{"line":172,"column":44}},"66":{"start":{"line":173,"column":18},"end":{"line":173,"column":62}},"67":{"start":{"line":174,"column":2},"end":{"line":174,"column":64}},"68":{"start":{"line":176,"column":2},"end":{"line":182,"column":5}},"69":{"start":{"line":185,"column":22},"end":{"line":199,"column":1}},"70":{"start":{"line":186,"column":17},"end":{"line":186,"column":38}},"71":{"start":{"line":187,"column":18},"end":{"line":187,"column":62}},"72":{"start":{"line":188,"column":20},"end":{"line":188,"column":81}},"73":{"start":{"line":190,"column":2},"end":{"line":196,"column":5}},"74":{"start":{"line":198,"column":2},"end":{"line":198,"column":36}},"75":{"start":{"line":201,"column":29},"end":{"line":212,"column":1}},"76":{"start":{"line":202,"column":17},"end":{"line":202,"column":47}},"77":{"start":{"line":203,"column":18},"end":{"line":203,"column":62}},"78":{"start":{"line":204,"column":2},"end":{"line":204,"column":64}},"79":{"start":{"line":205,"column":2},"end":{"line":211,"column":5}},"80":{"start":{"line":214,"column":24},"end":{"line":245,"column":1}},"81":{"start":{"line":215,"column":17},"end":{"line":215,"column":40}},"82":{"start":{"line":216,"column":18},"end":{"line":216,"column":62}},"83":{"start":{"line":217,"column":35},"end":{"line":217,"column":42}},"84":{"start":{"line":218,"column":37},"end":{"line":218,"column":98}},"85":{"start":{"line":219,"column":2},"end":{"line":223,"column":5}},"86":{"start":{"line":224,"column":2},"end":{"line":228,"column":5}},"87":{"start":{"line":229,"column":2},"end":{"line":235,"column":5}},"88":{"start":{"line":236,"column":2},"end":{"line":242,"column":5}},"89":{"start":{"line":244,"column":2},"end":{"line":244,"column":44}},"90":{"start":{"line":247,"column":23},"end":{"line":254,"column":1}},"91":{"start":{"line":256,"column":26},"end":{"line":311,"column":1}},"92":{"start":{"line":257,"column":27},"end":{"line":257,"column":64}},"93":{"start":{"line":258,"column":41},"end":{"line":258,"column":79}},"94":{"start":{"line":259,"column":26},"end":{"line":262,"column":10}},"95":{"start":{"line":263,"column":18},"end":{"line":263,"column":40}},"96":{"start":{"line":265,"column":2},"end":{"line":280,"column":4}},"97":{"start":{"line":281,"column":2},"end":{"line":310,"column":4}},"98":{"start":{"line":313,"column":28},"end":{"line":359,"column":1}},"99":{"start":{"line":314,"column":27},"end":{"line":314,"column":64}},"100":{"start":{"line":315,"column":26},"end":{"line":315,"column":64}},"101":{"start":{"line":317,"column":16},"end":{"line":317,"column":48}},"102":{"start":{"line":318,"column":2},"end":{"line":332,"column":4}},"103":{"start":{"line":333,"column":2},"end":{"line":348,"column":4}},"104":{"start":{"line":349,"column":2},"end":{"line":358,"column":4}},"105":{"start":{"line":361,"column":35},"end":{"line":384,"column":1}},"106":{"start":{"line":362,"column":2},"end":{"line":383,"column":3}},"107":{"start":{"line":363,"column":4},"end":{"line":367,"column":7}},"108":{"start":{"line":369,"column":20},"end":{"line":369,"column":40}},"109":{"start":{"line":370,"column":4},"end":{"line":373,"column":5}},"110":{"start":{"line":371,"column":6},"end":{"line":371,"column":49}},"111":{"start":{"line":372,"column":6},"end":{"line":372,"column":83}},"112":{"start":{"line":375,"column":4},"end":{"line":375,"column":45}},"113":{"start":{"line":377,"column":4},"end":{"line":377,"column":54}},"114":{"start":{"line":378,"column":4},"end":{"line":378,"column":15}},"115":{"start":{"line":381,"column":4},"end":{"line":381,"column":48}},"116":{"start":{"line":382,"column":4},"end":{"line":382,"column":16}},"117":{"start":{"line":386,"column":33},"end":{"line":406,"column":1}},"118":{"start":{"line":387,"column":2},"end":{"line":405,"column":3}},"119":{"start":{"line":388,"column":4},"end":{"line":390,"column":5}},"120":{"start":{"line":389,"column":6},"end":{"line":389,"column":80}},"121":{"start":{"line":392,"column":4},"end":{"line":392,"column":36}},"122":{"start":{"line":394,"column":4},"end":{"line":397,"column":6}},"123":{"start":{"line":399,"column":4},"end":{"line":399,"column":48}},"124":{"start":{"line":400,"column":4},"end":{"line":404,"column":6}},"125":{"start":{"line":408,"column":27},"end":{"line":521,"column":1}},"126":{"start":{"line":409,"column":2},"end":{"line":520,"column":3}},"127":{"start":{"line":410,"column":32},"end":{"line":410,"column":44}},"128":{"start":{"line":411,"column":4},"end":{"line":411,"column":88}},"129":{"start":{"line":413,"column":33},"end":{"line":416,"column":6}},"130":{"start":{"line":418,"column":4},"end":{"line":421,"column":5}},"131":{"start":{"line":419,"column":6},"end":{"line":419,"column":89}},"132":{"start":{"line":420,"column":6},"end":{"line":420,"column":13}},"133":{"start":{"line":423,"column":18},"end":{"line":423,"column":33}},"134":{"start":{"line":424,"column":18},"end":{"line":424,"column":33}},"135":{"start":{"line":426,"column":22},"end":{"line":426,"column":59}},"136":{"start":{"line":427,"column":19},"end":{"line":427,"column":35}},"137":{"start":{"line":428,"column":4},"end":{"line":428,"column":48}},"138":{"start":{"line":430,"column":23},"end":{"line":430,"column":54}},"139":{"start":{"line":432,"column":24},"end":{"line":436,"column":6}},"140":{"start":{"line":438,"column":4},"end":{"line":443,"column":7}},"141":{"start":{"line":445,"column":26},"end":{"line":454,"column":5}},"142":{"start":{"line":456,"column":4},"end":{"line":456,"column":62}},"143":{"start":{"line":457,"column":4},"end":{"line":457,"column":66}},"144":{"start":{"line":459,"column":4},"end":{"line":491,"column":5}},"145":{"start":{"line":460,"column":6},"end":{"line":468,"column":9}},"146":{"start":{"line":470,"column":26},"end":{"line":470,"column":73}},"147":{"start":{"line":471,"column":23},"end":{"line":471,"column":41}},"148":{"start":{"line":473,"column":54},"end":{"line":473,"column":66}},"149":{"start":{"line":474,"column":6},"end":{"line":488,"column":9}},"150":{"start":{"line":490,"column":6},"end":{"line":490,"column":85}},"151":{"start":{"line":493,"column":26},"end":{"line":515,"column":5}},"152":{"start":{"line":517,"column":4},"end":{"line":517,"column":37}},"153":{"start":{"line":519,"column":4},"end":{"line":519,"column":77}}},"fnMap":{"0":{"name":"(anonymous_0)","decl":{"start":{"line":16,"column":26},"end":{"line":16,"column":27}},"loc":{"start":{"line":16,"column":40},"end":{"line":23,"column":1}},"line":16},"1":{"name":"(anonymous_1)","decl":{"start":{"line":25,"column":31},"end":{"line":25,"column":32}},"loc":{"start":{"line":25,"column":49},"end":{"line":44,"column":1}},"line":25},"2":{"name":"(anonymous_2)","decl":{"start":{"line":46,"column":30},"end":{"line":46,"column":31}},"loc":{"start":{"line":51,"column":6},"end":{"line":71,"column":1}},"line":51},"3":{"name":"(anonymous_3)","decl":{"start":{"line":73,"column":30},"end":{"line":73,"column":31}},"loc":{"start":{"line":73,"column":67},"end":{"line":101,"column":1}},"line":73},"4":{"name":"(anonymous_4)","decl":{"start":{"line":103,"column":42},"end":{"line":103,"column":43}},"loc":{"start":{"line":103,"column":79},"end":{"line":122,"column":1}},"line":103},"5":{"name":"(anonymous_5)","decl":{"start":{"line":124,"column":28},"end":{"line":124,"column":29}},"loc":{"start":{"line":124,"column":57},"end":{"line":131,"column":1}},"line":124},"6":{"name":"(anonymous_6)","decl":{"start":{"line":133,"column":32},"end":{"line":133,"column":33}},"loc":{"start":{"line":133,"column":69},"end":{"line":145,"column":1}},"line":133},"7":{"name":"(anonymous_7)","decl":{"start":{"line":147,"column":34},"end":{"line":147,"column":35}},"loc":{"start":{"line":147,"column":71},"end":{"line":169,"column":1}},"line":147},"8":{"name":"(anonymous_8)","decl":{"start":{"line":171,"column":27},"end":{"line":171,"column":28}},"loc":{"start":{"line":171,"column":52},"end":{"line":183,"column":1}},"line":171},"9":{"name":"(anonymous_9)","decl":{"start":{"line":185,"column":22},"end":{"line":185,"column":23}},"loc":{"start":{"line":185,"column":47},"end":{"line":199,"column":1}},"line":185},"10":{"name":"(anonymous_10)","decl":{"start":{"line":201,"column":29},"end":{"line":201,"column":30}},"loc":{"start":{"line":201,"column":54},"end":{"line":212,"column":1}},"line":201},"11":{"name":"(anonymous_11)","decl":{"start":{"line":214,"column":24},"end":{"line":214,"column":25}},"loc":{"start":{"line":214,"column":49},"end":{"line":245,"column":1}},"line":214},"12":{"name":"(anonymous_12)","decl":{"start":{"line":256,"column":26},"end":{"line":256,"column":27}},"loc":{"start":{"line":256,"column":52},"end":{"line":311,"column":1}},"line":256},"13":{"name":"(anonymous_13)","decl":{"start":{"line":313,"column":28},"end":{"line":313,"column":29}},"loc":{"start":{"line":313,"column":54},"end":{"line":359,"column":1}},"line":313},"14":{"name":"(anonymous_14)","decl":{"start":{"line":361,"column":35},"end":{"line":361,"column":36}},"loc":{"start":{"line":361,"column":78},"end":{"line":384,"column":1}},"line":361},"15":{"name":"(anonymous_15)","decl":{"start":{"line":386,"column":33},"end":{"line":386,"column":34}},"loc":{"start":{"line":386,"column":58},"end":{"line":406,"column":1}},"line":386},"16":{"name":"(anonymous_16)","decl":{"start":{"line":408,"column":27},"end":{"line":408,"column":28}},"loc":{"start":{"line":408,"column":44},"end":{"line":521,"column":1}},"line":408}},"branchMap":{"0":{"loc":{"start":{"line":29,"column":4},"end":{"line":31,"column":5}},"type":"if","locations":[{"start":{"line":29,"column":4},"end":{"line":31,"column":5}},{"start":{},"end":{}}],"line":29},"1":{"loc":{"start":{"line":35,"column":4},"end":{"line":37,"column":5}},"type":"if","locations":[{"start":{"line":35,"column":4},"end":{"line":37,"column":5}},{"start":{},"end":{}}],"line":35},"2":{"loc":{"start":{"line":55,"column":22},"end":{"line":55,"column":38}},"type":"default-arg","locations":[{"start":{"line":55,"column":37},"end":{"line":55,"column":38}}],"line":55},"3":{"loc":{"start":{"line":55,"column":40},"end":{"line":55,"column":62}},"type":"default-arg","locations":[{"start":{"line":55,"column":61},"end":{"line":55,"column":62}}],"line":55},"4":{"loc":{"start":{"line":56,"column":2},"end":{"line":63,"column":3}},"type":"if","locations":[{"start":{"line":56,"column":2},"end":{"line":63,"column":3}},{"start":{},"end":{}}],"line":56},"5":{"loc":{"start":{"line":81,"column":2},"end":{"line":94,"column":3}},"type":"if","locations":[{"start":{"line":81,"column":2},"end":{"line":94,"column":3}},{"start":{},"end":{}}],"line":81},"6":{"loc":{"start":{"line":108,"column":2},"end":{"line":116,"column":3}},"type":"if","locations":[{"start":{"line":108,"column":2},"end":{"line":116,"column":3}},{"start":{},"end":{}}],"line":108},"7":{"loc":{"start":{"line":370,"column":4},"end":{"line":373,"column":5}},"type":"if","locations":[{"start":{"line":370,"column":4},"end":{"line":373,"column":5}},{"start":{},"end":{}}],"line":370},"8":{"loc":{"start":{"line":388,"column":4},"end":{"line":390,"column":5}},"type":"if","locations":[{"start":{"line":388,"column":4},"end":{"line":390,"column":5}},{"start":{},"end":{}}],"line":388},"9":{"loc":{"start":{"line":418,"column":4},"end":{"line":421,"column":5}},"type":"if","locations":[{"start":{"line":418,"column":4},"end":{"line":421,"column":5}},{"start":{},"end":{}}],"line":418},"10":{"loc":{"start":{"line":418,"column":8},"end":{"line":418,"column":44}},"type":"binary-expr","locations":[{"start":{"line":418,"column":8},"end":{"line":418,"column":24}},{"start":{"line":418,"column":28},"end":{"line":418,"column":44}}],"line":418},"11":{"loc":{"start":{"line":448,"column":14},"end":{"line":450,"column":54}},"type":"cond-expr","locations":[{"start":{"line":449,"column":10},"end":{"line":449,"column":62}},{"start":{"line":450,"column":10},"end":{"line":450,"column":54}}],"line":448},"12":{"loc":{"start":{"line":453,"column":10},"end":{"line":453,"column":112}},"type":"cond-expr","locations":[{"start":{"line":453,"column":23},"end":{"line":453,"column":67}},{"start":{"line":453,"column":70},"end":{"line":453,"column":112}}],"line":453},"13":{"loc":{"start":{"line":459,"column":4},"end":{"line":491,"column":5}},"type":"if","locations":[{"start":{"line":459,"column":4},"end":{"line":491,"column":5}},{"start":{},"end":{}}],"line":459}},"s":{"0":1,"1":1,"2":1,"3":1,"4":1,"5":1,"6":0,"7":0,"8":0,"9":1,"10":0,"11":0,"12":0,"13":0,"14":0,"15":0,"16":0,"17":0,"18":0,"19":0,"20":1,"21":0,"22":0,"23":0,"24":0,"25":0,"26":0,"27":1,"28":0,"29":0,"30":0,"31":0,"32":0,"33":0,"34":0,"35":0,"36":0,"37":1,"38":0,"39":0,"40":0,"41":0,"42":0,"43":0,"44":0,"45":0,"46":1,"47":0,"48":0,"49":0,"50":1,"51":0,"52":0,"53":0,"54":0,"55":0,"56":1,"57":0,"58":0,"59":0,"60":0,"61":0,"62":0,"63":0,"64":1,"65":0,"66":0,"67":0,"68":0,"69":1,"70":0,"71":0,"72":0,"73":0,"74":0,"75":1,"76":0,"77":0,"78":0,"79":0,"80":1,"81":0,"82":0,"83":0,"84":0,"85":0,"86":0,"87":0,"88":0,"89":0,"90":1,"91":1,"92":0,"93":0,"94":0,"95":0,"96":0,"97":0,"98":1,"99":0,"100":0,"101":0,"102":0,"103":0,"104":0,"105":1,"106":0,"107":0,"108":0,"109":0,"110":0,"111":0,"112":0,"113":0,"114":0,"115":0,"116":0,"117":1,"118":0,"119":0,"120":0,"121":0,"122":0,"123":0,"124":0,"125":1,"126":0,"127":0,"128":0,"129":0,"130":0,"131":0,"132":0,"133":0,"134":0,"135":0,"136":0,"137":0,"138":0,"139":0,"140":0,"141":0,"142":0,"143":0,"144":0,"145":0,"146":0,"147":0,"148":0,"149":0,"150":0,"151":0,"152":0,"153":0},"f":{"0":0,"1":0,"2":0,"3":0,"4":0,"5":0,"6":0,"7":0,"8":0,"9":0,"10":0,"11":0,"12":0,"13":0,"14":0,"15":0,"16":0},"b":{"0":[0,0],"1":[0,0],"2":[0],"3":[0],"4":[0,0],"5":[0,0],"6":[0,0],"7":[0,0],"8":[0,0],"9":[0,0],"10":[0,0],"11":[0,0],"12":[0,0],"13":[0,0]},"_coverageSchema":"1a1c01bbd47fc00a2c39e90264f33305004495a9","hash":"05a709bfa11d46f6b4fc2d8fd7385dbf0289baeb"}
,"/Users/philipleesha/Documents/Projects/littleswaps-firebase/functions/src/payments/index.js": {"path":"/Users/philipleesha/Documents/Projects/littleswaps-firebase/functions/src/payments/index.js","statementMap":{"0":{"start":{"line":8,"column":18},"end":{"line":8,"column":47}},"1":{"start":{"line":10,"column":18},"end":{"line":10,"column":69}},"2":{"start":{"line":12,"column":38},"end":{"line":49,"column":1}},"3":{"start":{"line":13,"column":2},"end":{"line":48,"column":3}},"4":{"start":{"line":14,"column":4},"end":{"line":16,"column":5}},"5":{"start":{"line":15,"column":6},"end":{"line":15,"column":79}},"6":{"start":{"line":18,"column":55},"end":{"line":18,"column":59}},"7":{"start":{"line":20,"column":26},"end":{"line":25,"column":6}},"8":{"start":{"line":27,"column":17},"end":{"line":29,"column":6}},"9":{"start":{"line":31,"column":4},"end":{"line":33,"column":7}},"10":{"start":{"line":35,"column":4},"end":{"line":35,"column":62}},"11":{"start":{"line":37,"column":4},"end":{"line":40,"column":5}},"12":{"start":{"line":42,"column":4},"end":{"line":42,"column":39}},"13":{"start":{"line":43,"column":4},"end":{"line":47,"column":6}},"14":{"start":{"line":51,"column":36},"end":{"line":94,"column":1}},"15":{"start":{"line":52,"column":2},"end":{"line":93,"column":3}},"16":{"start":{"line":53,"column":4},"end":{"line":55,"column":5}},"17":{"start":{"line":54,"column":6},"end":{"line":54,"column":80}},"18":{"start":{"line":57,"column":32},"end":{"line":57,"column":36}},"19":{"start":{"line":59,"column":28},"end":{"line":62,"column":5}},"20":{"start":{"line":64,"column":4},"end":{"line":64,"column":78}},"21":{"start":{"line":65,"column":4},"end":{"line":82,"column":5}},"22":{"start":{"line":66,"column":6},"end":{"line":69,"column":7}},"23":{"start":{"line":70,"column":11},"end":{"line":82,"column":5}},"24":{"start":{"line":71,"column":6},"end":{"line":75,"column":8}},"25":{"start":{"line":77,"column":6},"end":{"line":81,"column":8}},"26":{"start":{"line":84,"column":4},"end":{"line":84,"column":39}},"27":{"start":{"line":85,"column":4},"end":{"line":89,"column":6}},"28":{"start":{"line":96,"column":35},"end":{"line":134,"column":1}},"29":{"start":{"line":97,"column":2},"end":{"line":99,"column":3}},"30":{"start":{"line":98,"column":4},"end":{"line":98,"column":88}},"31":{"start":{"line":101,"column":26},"end":{"line":101,"column":30}},"32":{"start":{"line":103,"column":2},"end":{"line":133,"column":3}},"33":{"start":{"line":104,"column":4},"end":{"line":104,"column":56}},"34":{"start":{"line":105,"column":20},"end":{"line":109,"column":6}},"35":{"start":{"line":111,"column":4},"end":{"line":111,"column":55}},"36":{"start":{"line":114,"column":24},"end":{"line":119,"column":6}},"37":{"start":{"line":121,"column":4},"end":{"line":124,"column":7}},"38":{"start":{"line":126,"column":4},"end":{"line":126,"column":71}},"39":{"start":{"line":128,"column":4},"end":{"line":128,"column":27}},"40":{"start":{"line":130,"column":4},"end":{"line":130,"column":47}},"41":{"start":{"line":131,"column":4},"end":{"line":131,"column":59}},"42":{"start":{"line":132,"column":4},"end":{"line":132,"column":17}},"43":{"start":{"line":136,"column":32},"end":{"line":155,"column":1}},"44":{"start":{"line":137,"column":2},"end":{"line":139,"column":3}},"45":{"start":{"line":138,"column":4},"end":{"line":138,"column":88}},"46":{"start":{"line":141,"column":24},"end":{"line":141,"column":28}},"47":{"start":{"line":142,"column":2},"end":{"line":142,"column":37}},"48":{"start":{"line":144,"column":2},"end":{"line":154,"column":3}},"49":{"start":{"line":145,"column":20},"end":{"line":147,"column":6}},"50":{"start":{"line":149,"column":4},"end":{"line":149,"column":19}},"51":{"start":{"line":151,"column":4},"end":{"line":151,"column":47}},"52":{"start":{"line":152,"column":4},"end":{"line":152,"column":57}},"53":{"start":{"line":153,"column":4},"end":{"line":153,"column":17}},"54":{"start":{"line":157,"column":33},"end":{"line":179,"column":1}},"55":{"start":{"line":158,"column":2},"end":{"line":158,"column":34}},"56":{"start":{"line":159,"column":2},"end":{"line":162,"column":3}},"57":{"start":{"line":160,"column":4},"end":{"line":160,"column":68}},"58":{"start":{"line":161,"column":4},"end":{"line":161,"column":112}},"59":{"start":{"line":164,"column":24},"end":{"line":164,"column":28}},"60":{"start":{"line":165,"column":2},"end":{"line":165,"column":37}},"61":{"start":{"line":167,"column":2},"end":{"line":178,"column":3}},"62":{"start":{"line":168,"column":29},"end":{"line":171,"column":5}},"63":{"start":{"line":173,"column":4},"end":{"line":173,"column":33}},"64":{"start":{"line":175,"column":4},"end":{"line":175,"column":47}},"65":{"start":{"line":176,"column":4},"end":{"line":176,"column":65}},"66":{"start":{"line":177,"column":4},"end":{"line":177,"column":17}},"67":{"start":{"line":181,"column":31},"end":{"line":201,"column":1}},"68":{"start":{"line":182,"column":2},"end":{"line":182,"column":33}},"69":{"start":{"line":184,"column":2},"end":{"line":187,"column":3}},"70":{"start":{"line":185,"column":4},"end":{"line":185,"column":69}},"71":{"start":{"line":186,"column":4},"end":{"line":186,"column":112}},"72":{"start":{"line":189,"column":24},"end":{"line":189,"column":28}},"73":{"start":{"line":190,"column":2},"end":{"line":190,"column":38}},"74":{"start":{"line":192,"column":2},"end":{"line":200,"column":3}},"75":{"start":{"line":193,"column":22},"end":{"line":193,"column":70}},"76":{"start":{"line":195,"column":4},"end":{"line":195,"column":25}},"77":{"start":{"line":197,"column":4},"end":{"line":197,"column":48}},"78":{"start":{"line":198,"column":4},"end":{"line":198,"column":61}},"79":{"start":{"line":199,"column":4},"end":{"line":199,"column":17}},"80":{"start":{"line":203,"column":30},"end":{"line":235,"column":1}},"81":{"start":{"line":204,"column":2},"end":{"line":204,"column":63}},"82":{"start":{"line":205,"column":2},"end":{"line":208,"column":3}},"83":{"start":{"line":206,"column":4},"end":{"line":206,"column":35}},"84":{"start":{"line":207,"column":4},"end":{"line":207,"column":78}},"85":{"start":{"line":210,"column":45},"end":{"line":210,"column":49}},"86":{"start":{"line":211,"column":2},"end":{"line":211,"column":33}},"87":{"start":{"line":212,"column":2},"end":{"line":234,"column":3}},"88":{"start":{"line":213,"column":21},"end":{"line":224,"column":6}},"89":{"start":{"line":226,"column":4},"end":{"line":226,"column":20}},"90":{"start":{"line":228,"column":4},"end":{"line":228,"column":39}},"91":{"start":{"line":229,"column":4},"end":{"line":233,"column":6}},"92":{"start":{"line":237,"column":27},"end":{"line":262,"column":1}},"93":{"start":{"line":238,"column":2},"end":{"line":238,"column":60}},"94":{"start":{"line":239,"column":2},"end":{"line":241,"column":3}},"95":{"start":{"line":240,"column":4},"end":{"line":240,"column":78}},"96":{"start":{"line":243,"column":32},"end":{"line":243,"column":36}},"97":{"start":{"line":245,"column":2},"end":{"line":261,"column":3}},"98":{"start":{"line":246,"column":24},"end":{"line":251,"column":6}},"99":{"start":{"line":253,"column":4},"end":{"line":253,"column":23}},"100":{"start":{"line":255,"column":4},"end":{"line":255,"column":39}},"101":{"start":{"line":256,"column":4},"end":{"line":260,"column":6}},"102":{"start":{"line":264,"column":33},"end":{"line":320,"column":1}},"103":{"start":{"line":265,"column":2},"end":{"line":319,"column":3}},"104":{"start":{"line":266,"column":4},"end":{"line":271,"column":7}},"105":{"start":{"line":273,"column":18},"end":{"line":273,"column":36}},"106":{"start":{"line":274,"column":4},"end":{"line":277,"column":5}},"107":{"start":{"line":275,"column":6},"end":{"line":275,"column":43}},"108":{"start":{"line":276,"column":6},"end":{"line":276,"column":50}},"109":{"start":{"line":285,"column":8},"end":{"line":285,"column":21}},"110":{"start":{"line":287,"column":22},"end":{"line":287,"column":30}},"111":{"start":{"line":289,"column":4},"end":{"line":294,"column":5}},"112":{"start":{"line":290,"column":6},"end":{"line":293,"column":9}},"113":{"start":{"line":296,"column":24},"end":{"line":296,"column":64}},"114":{"start":{"line":297,"column":4},"end":{"line":302,"column":7}},"115":{"start":{"line":304,"column":4},"end":{"line":307,"column":7}},"116":{"start":{"line":309,"column":4},"end":{"line":312,"column":7}},"117":{"start":{"line":314,"column":4},"end":{"line":314,"column":54}},"118":{"start":{"line":315,"column":4},"end":{"line":318,"column":7}},"119":{"start":{"line":322,"column":35},"end":{"line":370,"column":1}},"120":{"start":{"line":323,"column":2},"end":{"line":369,"column":3}},"121":{"start":{"line":324,"column":4},"end":{"line":329,"column":7}},"122":{"start":{"line":331,"column":18},"end":{"line":331,"column":36}},"123":{"start":{"line":332,"column":4},"end":{"line":335,"column":5}},"124":{"start":{"line":333,"column":6},"end":{"line":333,"column":43}},"125":{"start":{"line":334,"column":6},"end":{"line":334,"column":50}},"126":{"start":{"line":337,"column":28},"end":{"line":337,"column":36}},"127":{"start":{"line":338,"column":53},"end":{"line":338,"column":57}},"128":{"start":{"line":339,"column":4},"end":{"line":344,"column":5}},"129":{"start":{"line":340,"column":6},"end":{"line":343,"column":9}},"130":{"start":{"line":346,"column":34},"end":{"line":346,"column":49}},"131":{"start":{"line":348,"column":26},"end":{"line":352,"column":5}},"132":{"start":{"line":354,"column":24},"end":{"line":354,"column":58}},"133":{"start":{"line":355,"column":4},"end":{"line":361,"column":5}},"134":{"start":{"line":356,"column":6},"end":{"line":356,"column":55}},"135":{"start":{"line":357,"column":6},"end":{"line":360,"column":9}},"136":{"start":{"line":363,"column":4},"end":{"line":363,"column":64}},"137":{"start":{"line":365,"column":4},"end":{"line":365,"column":63}},"138":{"start":{"line":367,"column":4},"end":{"line":367,"column":52}},"139":{"start":{"line":368,"column":4},"end":{"line":368,"column":57}},"140":{"start":{"line":372,"column":35},"end":{"line":398,"column":1}},"141":{"start":{"line":373,"column":14},"end":{"line":373,"column":49}},"142":{"start":{"line":377,"column":2},"end":{"line":382,"column":3}},"143":{"start":{"line":378,"column":4},"end":{"line":378,"column":81}},"144":{"start":{"line":380,"column":4},"end":{"line":380,"column":43}},"145":{"start":{"line":381,"column":4},"end":{"line":381,"column":67}},"146":{"start":{"line":384,"column":2},"end":{"line":394,"column":3}},"147":{"start":{"line":389,"column":6},"end":{"line":389,"column":44}},"148":{"start":{"line":390,"column":6},"end":{"line":390,"column":12}},"149":{"start":{"line":392,"column":6},"end":{"line":392,"column":55}},"150":{"start":{"line":393,"column":6},"end":{"line":393,"column":56}},"151":{"start":{"line":397,"column":2},"end":{"line":397,"column":42}},"152":{"start":{"line":400,"column":33},"end":{"line":451,"column":1}},"153":{"start":{"line":401,"column":2},"end":{"line":404,"column":3}},"154":{"start":{"line":402,"column":4},"end":{"line":402,"column":69}},"155":{"start":{"line":403,"column":4},"end":{"line":403,"column":112}},"156":{"start":{"line":406,"column":2},"end":{"line":406,"column":48}},"157":{"start":{"line":413,"column":6},"end":{"line":413,"column":10}},"158":{"start":{"line":415,"column":2},"end":{"line":450,"column":3}},"159":{"start":{"line":416,"column":27},"end":{"line":439,"column":6}},"160":{"start":{"line":441,"column":4},"end":{"line":441,"column":64}},"161":{"start":{"line":443,"column":4},"end":{"line":446,"column":6}},"162":{"start":{"line":448,"column":4},"end":{"line":448,"column":59}},"163":{"start":{"line":449,"column":4},"end":{"line":449,"column":17}}},"fnMap":{"0":{"name":"(anonymous_0)","decl":{"start":{"line":12,"column":38},"end":{"line":12,"column":39}},"loc":{"start":{"line":12,"column":83},"end":{"line":49,"column":1}},"line":12},"1":{"name":"(anonymous_1)","decl":{"start":{"line":51,"column":36},"end":{"line":51,"column":37}},"loc":{"start":{"line":51,"column":81},"end":{"line":94,"column":1}},"line":51},"2":{"name":"(anonymous_2)","decl":{"start":{"line":96,"column":35},"end":{"line":96,"column":36}},"loc":{"start":{"line":96,"column":80},"end":{"line":134,"column":1}},"line":96},"3":{"name":"(anonymous_3)","decl":{"start":{"line":136,"column":32},"end":{"line":136,"column":33}},"loc":{"start":{"line":136,"column":77},"end":{"line":155,"column":1}},"line":136},"4":{"name":"(anonymous_4)","decl":{"start":{"line":157,"column":33},"end":{"line":157,"column":34}},"loc":{"start":{"line":157,"column":78},"end":{"line":179,"column":1}},"line":157},"5":{"name":"(anonymous_5)","decl":{"start":{"line":181,"column":31},"end":{"line":181,"column":32}},"loc":{"start":{"line":181,"column":76},"end":{"line":201,"column":1}},"line":181},"6":{"name":"(anonymous_6)","decl":{"start":{"line":203,"column":30},"end":{"line":203,"column":31}},"loc":{"start":{"line":203,"column":75},"end":{"line":235,"column":1}},"line":203},"7":{"name":"(anonymous_7)","decl":{"start":{"line":237,"column":27},"end":{"line":237,"column":28}},"loc":{"start":{"line":237,"column":72},"end":{"line":262,"column":1}},"line":237},"8":{"name":"(anonymous_8)","decl":{"start":{"line":264,"column":33},"end":{"line":264,"column":34}},"loc":{"start":{"line":264,"column":53},"end":{"line":320,"column":1}},"line":264},"9":{"name":"(anonymous_9)","decl":{"start":{"line":322,"column":35},"end":{"line":322,"column":36}},"loc":{"start":{"line":322,"column":55},"end":{"line":370,"column":1}},"line":322},"10":{"name":"(anonymous_10)","decl":{"start":{"line":372,"column":35},"end":{"line":372,"column":36}},"loc":{"start":{"line":372,"column":55},"end":{"line":398,"column":1}},"line":372},"11":{"name":"(anonymous_11)","decl":{"start":{"line":400,"column":33},"end":{"line":400,"column":34}},"loc":{"start":{"line":400,"column":58},"end":{"line":451,"column":1}},"line":400}},"branchMap":{"0":{"loc":{"start":{"line":12,"column":60},"end":{"line":12,"column":78}},"type":"default-arg","locations":[{"start":{"line":12,"column":69},"end":{"line":12,"column":78}}],"line":12},"1":{"loc":{"start":{"line":14,"column":4},"end":{"line":16,"column":5}},"type":"if","locations":[{"start":{"line":14,"column":4},"end":{"line":16,"column":5}},{"start":{},"end":{}}],"line":14},"2":{"loc":{"start":{"line":51,"column":58},"end":{"line":51,"column":76}},"type":"default-arg","locations":[{"start":{"line":51,"column":67},"end":{"line":51,"column":76}}],"line":51},"3":{"loc":{"start":{"line":53,"column":4},"end":{"line":55,"column":5}},"type":"if","locations":[{"start":{"line":53,"column":4},"end":{"line":55,"column":5}},{"start":{},"end":{}}],"line":53},"4":{"loc":{"start":{"line":65,"column":4},"end":{"line":82,"column":5}},"type":"if","locations":[{"start":{"line":65,"column":4},"end":{"line":82,"column":5}},{"start":{"line":70,"column":11},"end":{"line":82,"column":5}}],"line":65},"5":{"loc":{"start":{"line":70,"column":11},"end":{"line":82,"column":5}},"type":"if","locations":[{"start":{"line":70,"column":11},"end":{"line":82,"column":5}},{"start":{"line":76,"column":11},"end":{"line":82,"column":5}}],"line":70},"6":{"loc":{"start":{"line":96,"column":57},"end":{"line":96,"column":75}},"type":"default-arg","locations":[{"start":{"line":96,"column":66},"end":{"line":96,"column":75}}],"line":96},"7":{"loc":{"start":{"line":97,"column":2},"end":{"line":99,"column":3}},"type":"if","locations":[{"start":{"line":97,"column":2},"end":{"line":99,"column":3}},{"start":{},"end":{}}],"line":97},"8":{"loc":{"start":{"line":136,"column":54},"end":{"line":136,"column":72}},"type":"default-arg","locations":[{"start":{"line":136,"column":63},"end":{"line":136,"column":72}}],"line":136},"9":{"loc":{"start":{"line":137,"column":2},"end":{"line":139,"column":3}},"type":"if","locations":[{"start":{"line":137,"column":2},"end":{"line":139,"column":3}},{"start":{},"end":{}}],"line":137},"10":{"loc":{"start":{"line":157,"column":55},"end":{"line":157,"column":73}},"type":"default-arg","locations":[{"start":{"line":157,"column":64},"end":{"line":157,"column":73}}],"line":157},"11":{"loc":{"start":{"line":159,"column":2},"end":{"line":162,"column":3}},"type":"if","locations":[{"start":{"line":159,"column":2},"end":{"line":162,"column":3}},{"start":{},"end":{}}],"line":159},"12":{"loc":{"start":{"line":181,"column":53},"end":{"line":181,"column":71}},"type":"default-arg","locations":[{"start":{"line":181,"column":62},"end":{"line":181,"column":71}}],"line":181},"13":{"loc":{"start":{"line":184,"column":2},"end":{"line":187,"column":3}},"type":"if","locations":[{"start":{"line":184,"column":2},"end":{"line":187,"column":3}},{"start":{},"end":{}}],"line":184},"14":{"loc":{"start":{"line":203,"column":52},"end":{"line":203,"column":70}},"type":"default-arg","locations":[{"start":{"line":203,"column":61},"end":{"line":203,"column":70}}],"line":203},"15":{"loc":{"start":{"line":205,"column":2},"end":{"line":208,"column":3}},"type":"if","locations":[{"start":{"line":205,"column":2},"end":{"line":208,"column":3}},{"start":{},"end":{}}],"line":205},"16":{"loc":{"start":{"line":237,"column":49},"end":{"line":237,"column":67}},"type":"default-arg","locations":[{"start":{"line":237,"column":58},"end":{"line":237,"column":67}}],"line":237},"17":{"loc":{"start":{"line":239,"column":2},"end":{"line":241,"column":3}},"type":"if","locations":[{"start":{"line":239,"column":2},"end":{"line":241,"column":3}},{"start":{},"end":{}}],"line":239},"18":{"loc":{"start":{"line":274,"column":4},"end":{"line":277,"column":5}},"type":"if","locations":[{"start":{"line":274,"column":4},"end":{"line":277,"column":5}},{"start":{},"end":{}}],"line":274},"19":{"loc":{"start":{"line":274,"column":8},"end":{"line":274,"column":45}},"type":"binary-expr","locations":[{"start":{"line":274,"column":8},"end":{"line":274,"column":14}},{"start":{"line":274,"column":18},"end":{"line":274,"column":45}}],"line":274},"20":{"loc":{"start":{"line":289,"column":4},"end":{"line":294,"column":5}},"type":"if","locations":[{"start":{"line":289,"column":4},"end":{"line":294,"column":5}},{"start":{},"end":{}}],"line":289},"21":{"loc":{"start":{"line":289,"column":8},"end":{"line":289,"column":56}},"type":"binary-expr","locations":[{"start":{"line":289,"column":8},"end":{"line":289,"column":18}},{"start":{"line":289,"column":22},"end":{"line":289,"column":32}},{"start":{"line":289,"column":36},"end":{"line":289,"column":56}}],"line":289},"22":{"loc":{"start":{"line":332,"column":4},"end":{"line":335,"column":5}},"type":"if","locations":[{"start":{"line":332,"column":4},"end":{"line":335,"column":5}},{"start":{},"end":{}}],"line":332},"23":{"loc":{"start":{"line":332,"column":8},"end":{"line":332,"column":45}},"type":"binary-expr","locations":[{"start":{"line":332,"column":8},"end":{"line":332,"column":14}},{"start":{"line":332,"column":18},"end":{"line":332,"column":45}}],"line":332},"24":{"loc":{"start":{"line":339,"column":4},"end":{"line":344,"column":5}},"type":"if","locations":[{"start":{"line":339,"column":4},"end":{"line":344,"column":5}},{"start":{},"end":{}}],"line":339},"25":{"loc":{"start":{"line":339,"column":8},"end":{"line":339,"column":38}},"type":"binary-expr","locations":[{"start":{"line":339,"column":8},"end":{"line":339,"column":18}},{"start":{"line":339,"column":22},"end":{"line":339,"column":38}}],"line":339},"26":{"loc":{"start":{"line":354,"column":38},"end":{"line":354,"column":57}},"type":"binary-expr","locations":[{"start":{"line":354,"column":38},"end":{"line":354,"column":47}},{"start":{"line":354,"column":51},"end":{"line":354,"column":57}}],"line":354},"27":{"loc":{"start":{"line":355,"column":4},"end":{"line":361,"column":5}},"type":"if","locations":[{"start":{"line":355,"column":4},"end":{"line":361,"column":5}},{"start":{},"end":{}}],"line":355},"28":{"loc":{"start":{"line":384,"column":2},"end":{"line":394,"column":3}},"type":"switch","locations":[{"start":{"line":385,"column":4},"end":{"line":385,"column":41}},{"start":{"line":386,"column":4},"end":{"line":390,"column":12}},{"start":{"line":391,"column":4},"end":{"line":393,"column":56}}],"line":384},"29":{"loc":{"start":{"line":401,"column":2},"end":{"line":404,"column":3}},"type":"if","locations":[{"start":{"line":401,"column":2},"end":{"line":404,"column":3}},{"start":{},"end":{}}],"line":401},"30":{"loc":{"start":{"line":412,"column":4},"end":{"line":412,"column":29}},"type":"default-arg","locations":[{"start":{"line":412,"column":18},"end":{"line":412,"column":29}}],"line":412}},"s":{"0":1,"1":1,"2":1,"3":4,"4":4,"5":1,"6":3,"7":3,"8":2,"9":1,"10":1,"11":1,"12":3,"13":3,"14":1,"15":5,"16":5,"17":1,"18":4,"19":4,"20":3,"21":3,"22":1,"23":2,"24":1,"25":1,"26":2,"27":2,"28":1,"29":0,"30":0,"31":0,"32":0,"33":0,"34":0,"35":0,"36":0,"37":0,"38":0,"39":0,"40":0,"41":0,"42":0,"43":1,"44":0,"45":0,"46":0,"47":0,"48":0,"49":0,"50":0,"51":0,"52":0,"53":0,"54":1,"55":0,"56":0,"57":0,"58":0,"59":0,"60":0,"61":0,"62":0,"63":0,"64":0,"65":0,"66":0,"67":1,"68":0,"69":0,"70":0,"71":0,"72":0,"73":0,"74":0,"75":0,"76":0,"77":0,"78":0,"79":0,"80":1,"81":0,"82":0,"83":0,"84":0,"85":0,"86":0,"87":0,"88":0,"89":0,"90":0,"91":0,"92":1,"93":0,"94":0,"95":0,"96":0,"97":0,"98":0,"99":0,"100":0,"101":0,"102":1,"103":0,"104":0,"105":0,"106":0,"107":0,"108":0,"109":0,"110":0,"111":0,"112":0,"113":0,"114":0,"115":0,"116":0,"117":0,"118":0,"119":1,"120":0,"121":0,"122":0,"123":0,"124":0,"125":0,"126":0,"127":0,"128":0,"129":0,"130":0,"131":0,"132":0,"133":0,"134":0,"135":0,"136":0,"137":0,"138":0,"139":0,"140":1,"141":0,"142":0,"143":0,"144":0,"145":0,"146":0,"147":0,"148":0,"149":0,"150":0,"151":0,"152":1,"153":0,"154":0,"155":0,"156":0,"157":0,"158":0,"159":0,"160":0,"161":0,"162":0,"163":0},"f":{"0":4,"1":5,"2":0,"3":0,"4":0,"5":0,"6":0,"7":0,"8":0,"9":0,"10":0,"11":0},"b":{"0":[0],"1":[1,3],"2":[0],"3":[1,4],"4":[1,2],"5":[1,1],"6":[0],"7":[0,0],"8":[0],"9":[0,0],"10":[0],"11":[0,0],"12":[0],"13":[0,0],"14":[0],"15":[0,0],"16":[0],"17":[0,0],"18":[0,0],"19":[0,0],"20":[0,0],"21":[0,0,0],"22":[0,0],"23":[0,0],"24":[0,0],"25":[0,0],"26":[0,0],"27":[0,0],"28":[0,0,0],"29":[0,0],"30":[0]},"_coverageSchema":"1a1c01bbd47fc00a2c39e90264f33305004495a9","hash":"90477be067031f3aba9c4c21540727c2bab0d620"}
,"/Users/philipleesha/Documents/Projects/littleswaps-firebase/functions/src/products/connectToPostgres.js": {"path":"/Users/philipleesha/Documents/Projects/littleswaps-firebase/functions/src/products/connectToPostgres.js","statementMap":{"0":{"start":{"line":2,"column":18},"end":{"line":2,"column":22}},"1":{"start":{"line":4,"column":33},"end":{"line":14,"column":1}},"2":{"start":{"line":5,"column":19},"end":{"line":11,"column":3}},"3":{"start":{"line":13,"column":2},"end":{"line":13,"column":29}}},"fnMap":{"0":{"name":"(anonymous_0)","decl":{"start":{"line":4,"column":33},"end":{"line":4,"column":34}},"loc":{"start":{"line":4,"column":39},"end":{"line":14,"column":1}},"line":4}},"branchMap":{},"s":{"0":1,"1":1,"2":1,"3":1},"f":{"0":1},"b":{},"_coverageSchema":"1a1c01bbd47fc00a2c39e90264f33305004495a9","hash":"390346c2999e149b6191913599c6e3d6d9935e5c"}
,"/Users/philipleesha/Documents/Projects/littleswaps-firebase/functions/src/products/constants.js": {"path":"/Users/philipleesha/Documents/Projects/littleswaps-firebase/functions/src/products/constants.js","statementMap":{"0":{"start":{"line":1,"column":27},"end":{"line":25,"column":1}},"1":{"start":{"line":27,"column":27},"end":{"line":51,"column":1}},"2":{"start":{"line":53,"column":27},"end":{"line":53,"column":72}},"3":{"start":{"line":55,"column":27},"end":{"line":96,"column":1}},"4":{"start":{"line":61,"column":6},"end":{"line":96,"column":1}}},"fnMap":{"0":{"name":"(anonymous_0)","decl":{"start":{"line":55,"column":27},"end":{"line":55,"column":28}},"loc":{"start":{"line":61,"column":6},"end":{"line":96,"column":1}},"line":61}},"branchMap":{"0":{"loc":{"start":{"line":84,"column":33},"end":{"line":84,"column":55}},"type":"cond-expr","locations":[{"start":{"line":84,"column":45},"end":{"line":84,"column":48}},{"start":{"line":84,"column":51},"end":{"line":84,"column":55}}],"line":84},"1":{"loc":{"start":{"line":94,"column":6},"end":{"line":94,"column":41}},"type":"cond-expr","locations":[{"start":{"line":94,"column":22},"end":{"line":94,"column":36}},{"start":{"line":94,"column":39},"end":{"line":94,"column":41}}],"line":94}},"s":{"0":1,"1":1,"2":1,"3":1,"4":0},"f":{"0":0},"b":{"0":[0,0],"1":[0,0]},"_coverageSchema":"1a1c01bbd47fc00a2c39e90264f33305004495a9","hash":"a7b98eea91e2925ca0afc225c330d7fa43d6a6df"}
,"/Users/philipleesha/Documents/Projects/littleswaps-firebase/functions/src/products/index.js": {"path":"/Users/philipleesha/Documents/Projects/littleswaps-firebase/functions/src/products/index.js","statementMap":{"0":{"start":{"line":14,"column":26},"end":{"line":14,"column":39}},"1":{"start":{"line":16,"column":26},"end":{"line":48,"column":1}},"2":{"start":{"line":17,"column":24},"end":{"line":17,"column":26}},"3":{"start":{"line":18,"column":59},"end":{"line":18,"column":66}},"4":{"start":{"line":20,"column":26},"end":{"line":26,"column":3}},"5":{"start":{"line":21,"column":4},"end":{"line":25,"column":7}},"6":{"start":{"line":28,"column":2},"end":{"line":39,"column":3}},"7":{"start":{"line":30,"column":6},"end":{"line":30,"column":38}},"8":{"start":{"line":31,"column":6},"end":{"line":31,"column":38}},"9":{"start":{"line":32,"column":6},"end":{"line":32,"column":12}},"10":{"start":{"line":35,"column":6},"end":{"line":35,"column":38}},"11":{"start":{"line":36,"column":6},"end":{"line":36,"column":38}},"12":{"start":{"line":37,"column":6},"end":{"line":37,"column":52}},"13":{"start":{"line":38,"column":6},"end":{"line":38,"column":12}},"14":{"start":{"line":41,"column":2},"end":{"line":47,"column":5}},"15":{"start":{"line":42,"column":4},"end":{"line":46,"column":7}},"16":{"start":{"line":51,"column":29},"end":{"line":101,"column":1}},"17":{"start":{"line":53,"column":2},"end":{"line":100,"column":3}},"18":{"start":{"line":54,"column":22},"end":{"line":54,"column":44}},"19":{"start":{"line":55,"column":23},"end":{"line":59,"column":12}},"20":{"start":{"line":60,"column":17},"end":{"line":60,"column":34}},"21":{"start":{"line":62,"column":4},"end":{"line":67,"column":7}},"22":{"start":{"line":69,"column":4},"end":{"line":69,"column":29}},"23":{"start":{"line":71,"column":4},"end":{"line":92,"column":6}},"24":{"start":{"line":94,"column":4},"end":{"line":97,"column":5}},"25":{"start":{"line":99,"column":4},"end":{"line":99,"column":25}},"26":{"start":{"line":103,"column":29},"end":{"line":162,"column":1}},"27":{"start":{"line":106,"column":2},"end":{"line":161,"column":3}},"28":{"start":{"line":107,"column":23},"end":{"line":107,"column":47}},"29":{"start":{"line":108,"column":22},"end":{"line":108,"column":45}},"30":{"start":{"line":109,"column":4},"end":{"line":109,"column":41}},"31":{"start":{"line":110,"column":4},"end":{"line":110,"column":39}},"32":{"start":{"line":113,"column":22},"end":{"line":113,"column":44}},"33":{"start":{"line":114,"column":23},"end":{"line":118,"column":12}},"34":{"start":{"line":119,"column":17},"end":{"line":119,"column":34}},"35":{"start":{"line":121,"column":4},"end":{"line":125,"column":7}},"36":{"start":{"line":127,"column":4},"end":{"line":129,"column":5}},"37":{"start":{"line":128,"column":6},"end":{"line":128,"column":30}},"38":{"start":{"line":131,"column":4},"end":{"line":131,"column":29}},"39":{"start":{"line":133,"column":4},"end":{"line":156,"column":8}},"40":{"start":{"line":158,"column":4},"end":{"line":158,"column":66}},"41":{"start":{"line":160,"column":4},"end":{"line":160,"column":25}},"42":{"start":{"line":164,"column":29},"end":{"line":185,"column":1}},"43":{"start":{"line":168,"column":20},"end":{"line":168,"column":42}},"44":{"start":{"line":170,"column":2},"end":{"line":182,"column":3}},"45":{"start":{"line":171,"column":4},"end":{"line":171,"column":29}},"46":{"start":{"line":172,"column":4},"end":{"line":172,"column":44}},"47":{"start":{"line":174,"column":4},"end":{"line":174,"column":72}},"48":{"start":{"line":176,"column":4},"end":{"line":179,"column":6}},"49":{"start":{"line":181,"column":4},"end":{"line":181,"column":25}},"50":{"start":{"line":184,"column":2},"end":{"line":184,"column":14}},"51":{"start":{"line":187,"column":30},"end":{"line":257,"column":1}},"52":{"start":{"line":189,"column":2},"end":{"line":256,"column":3}},"53":{"start":{"line":190,"column":4},"end":{"line":192,"column":5}},"54":{"start":{"line":191,"column":6},"end":{"line":191,"column":79}},"55":{"start":{"line":194,"column":4},"end":{"line":194,"column":29}},"56":{"start":{"line":215,"column":8},"end":{"line":215,"column":12}},"57":{"start":{"line":218,"column":27},"end":{"line":218,"column":59}},"58":{"start":{"line":220,"column":20},"end":{"line":244,"column":5}},"59":{"start":{"line":246,"column":4},"end":{"line":249,"column":6}},"60":{"start":{"line":251,"column":4},"end":{"line":251,"column":43}},"61":{"start":{"line":252,"column":4},"end":{"line":252,"column":79}},"62":{"start":{"line":253,"column":4},"end":{"line":253,"column":68}},"63":{"start":{"line":255,"column":4},"end":{"line":255,"column":25}}},"fnMap":{"0":{"name":"(anonymous_0)","decl":{"start":{"line":16,"column":26},"end":{"line":16,"column":27}},"loc":{"start":{"line":16,"column":39},"end":{"line":48,"column":1}},"line":16},"1":{"name":"(anonymous_1)","decl":{"start":{"line":20,"column":26},"end":{"line":20,"column":27}},"loc":{"start":{"line":20,"column":46},"end":{"line":26,"column":3}},"line":20},"2":{"name":"(anonymous_2)","decl":{"start":{"line":41,"column":24},"end":{"line":41,"column":25}},"loc":{"start":{"line":41,"column":52},"end":{"line":47,"column":3}},"line":41},"3":{"name":"(anonymous_3)","decl":{"start":{"line":51,"column":29},"end":{"line":51,"column":30}},"loc":{"start":{"line":51,"column":46},"end":{"line":101,"column":1}},"line":51},"4":{"name":"(anonymous_4)","decl":{"start":{"line":103,"column":29},"end":{"line":103,"column":30}},"loc":{"start":{"line":103,"column":46},"end":{"line":162,"column":1}},"line":103},"5":{"name":"(anonymous_5)","decl":{"start":{"line":164,"column":29},"end":{"line":164,"column":30}},"loc":{"start":{"line":164,"column":46},"end":{"line":185,"column":1}},"line":164},"6":{"name":"(anonymous_6)","decl":{"start":{"line":187,"column":30},"end":{"line":187,"column":31}},"loc":{"start":{"line":187,"column":55},"end":{"line":257,"column":1}},"line":187}},"branchMap":{"0":{"loc":{"start":{"line":28,"column":2},"end":{"line":39,"column":3}},"type":"switch","locations":[{"start":{"line":29,"column":4},"end":{"line":32,"column":12}},{"start":{"line":34,"column":4},"end":{"line":38,"column":12}}],"line":28},"1":{"loc":{"start":{"line":79,"column":6},"end":{"line":79,"column":27}},"type":"binary-expr","locations":[{"start":{"line":79,"column":6},"end":{"line":79,"column":19}},{"start":{"line":79,"column":23},"end":{"line":79,"column":27}}],"line":79},"2":{"loc":{"start":{"line":83,"column":6},"end":{"line":83,"column":30}},"type":"binary-expr","locations":[{"start":{"line":83,"column":6},"end":{"line":83,"column":22}},{"start":{"line":83,"column":26},"end":{"line":83,"column":30}}],"line":83},"3":{"loc":{"start":{"line":84,"column":6},"end":{"line":84,"column":23}},"type":"binary-expr","locations":[{"start":{"line":84,"column":6},"end":{"line":84,"column":15}},{"start":{"line":84,"column":19},"end":{"line":84,"column":23}}],"line":84},"4":{"loc":{"start":{"line":86,"column":6},"end":{"line":86,"column":25}},"type":"binary-expr","locations":[{"start":{"line":86,"column":6},"end":{"line":86,"column":17}},{"start":{"line":86,"column":21},"end":{"line":86,"column":25}}],"line":86},"5":{"loc":{"start":{"line":88,"column":6},"end":{"line":88,"column":21}},"type":"binary-expr","locations":[{"start":{"line":88,"column":6},"end":{"line":88,"column":16}},{"start":{"line":88,"column":20},"end":{"line":88,"column":21}}],"line":88},"6":{"loc":{"start":{"line":90,"column":6},"end":{"line":90,"column":36}},"type":"binary-expr","locations":[{"start":{"line":90,"column":6},"end":{"line":90,"column":28}},{"start":{"line":90,"column":32},"end":{"line":90,"column":36}}],"line":90},"7":{"loc":{"start":{"line":91,"column":6},"end":{"line":91,"column":28}},"type":"binary-expr","locations":[{"start":{"line":91,"column":6},"end":{"line":91,"column":20}},{"start":{"line":91,"column":24},"end":{"line":91,"column":28}}],"line":91},"8":{"loc":{"start":{"line":99,"column":4},"end":{"line":99,"column":24}},"type":"binary-expr","locations":[{"start":{"line":99,"column":4},"end":{"line":99,"column":6}},{"start":{"line":99,"column":10},"end":{"line":99,"column":24}}],"line":99},"9":{"loc":{"start":{"line":124,"column":14},"end":{"line":124,"column":64}},"type":"binary-expr","locations":[{"start":{"line":124,"column":14},"end":{"line":124,"column":38}},{"start":{"line":124,"column":42},"end":{"line":124,"column":64}}],"line":124},"10":{"loc":{"start":{"line":127,"column":4},"end":{"line":129,"column":5}},"type":"if","locations":[{"start":{"line":127,"column":4},"end":{"line":129,"column":5}},{"start":{},"end":{}}],"line":127},"11":{"loc":{"start":{"line":127,"column":8},"end":{"line":127,"column":112}},"type":"binary-expr","locations":[{"start":{"line":127,"column":8},"end":{"line":127,"column":54}},{"start":{"line":127,"column":58},"end":{"line":127,"column":112}}],"line":127},"12":{"loc":{"start":{"line":153,"column":8},"end":{"line":153,"column":91}},"type":"cond-expr","locations":[{"start":{"line":153,"column":28},"end":{"line":153,"column":84}},{"start":{"line":153,"column":87},"end":{"line":153,"column":91}}],"line":153},"13":{"loc":{"start":{"line":160,"column":4},"end":{"line":160,"column":24}},"type":"binary-expr","locations":[{"start":{"line":160,"column":4},"end":{"line":160,"column":6}},{"start":{"line":160,"column":10},"end":{"line":160,"column":24}}],"line":160},"14":{"loc":{"start":{"line":181,"column":4},"end":{"line":181,"column":24}},"type":"binary-expr","locations":[{"start":{"line":181,"column":4},"end":{"line":181,"column":6}},{"start":{"line":181,"column":10},"end":{"line":181,"column":24}}],"line":181},"15":{"loc":{"start":{"line":190,"column":4},"end":{"line":192,"column":5}},"type":"if","locations":[{"start":{"line":190,"column":4},"end":{"line":192,"column":5}},{"start":{},"end":{}}],"line":190},"16":{"loc":{"start":{"line":196,"column":6},"end":{"line":196,"column":23}},"type":"default-arg","locations":[{"start":{"line":196,"column":19},"end":{"line":196,"column":23}}],"line":196},"17":{"loc":{"start":{"line":197,"column":6},"end":{"line":197,"column":31}},"type":"default-arg","locations":[{"start":{"line":197,"column":27},"end":{"line":197,"column":31}}],"line":197},"18":{"loc":{"start":{"line":198,"column":6},"end":{"line":198,"column":30}},"type":"default-arg","locations":[{"start":{"line":198,"column":26},"end":{"line":198,"column":30}}],"line":198},"19":{"loc":{"start":{"line":199,"column":6},"end":{"line":199,"column":24}},"type":"default-arg","locations":[{"start":{"line":199,"column":20},"end":{"line":199,"column":24}}],"line":199},"20":{"loc":{"start":{"line":200,"column":6},"end":{"line":200,"column":24}},"type":"default-arg","locations":[{"start":{"line":200,"column":20},"end":{"line":200,"column":24}}],"line":200},"21":{"loc":{"start":{"line":201,"column":6},"end":{"line":201,"column":23}},"type":"default-arg","locations":[{"start":{"line":201,"column":19},"end":{"line":201,"column":23}}],"line":201},"22":{"loc":{"start":{"line":202,"column":6},"end":{"line":202,"column":27}},"type":"default-arg","locations":[{"start":{"line":202,"column":23},"end":{"line":202,"column":27}}],"line":202},"23":{"loc":{"start":{"line":203,"column":6},"end":{"line":203,"column":27}},"type":"default-arg","locations":[{"start":{"line":203,"column":23},"end":{"line":203,"column":27}}],"line":203},"24":{"loc":{"start":{"line":206,"column":6},"end":{"line":206,"column":19}},"type":"default-arg","locations":[{"start":{"line":206,"column":15},"end":{"line":206,"column":19}}],"line":206},"25":{"loc":{"start":{"line":207,"column":6},"end":{"line":207,"column":23}},"type":"default-arg","locations":[{"start":{"line":207,"column":18},"end":{"line":207,"column":23}}],"line":207},"26":{"loc":{"start":{"line":208,"column":6},"end":{"line":208,"column":27}},"type":"default-arg","locations":[{"start":{"line":208,"column":22},"end":{"line":208,"column":27}}],"line":208},"27":{"loc":{"start":{"line":209,"column":6},"end":{"line":209,"column":22}},"type":"default-arg","locations":[{"start":{"line":209,"column":18},"end":{"line":209,"column":22}}],"line":209},"28":{"loc":{"start":{"line":210,"column":6},"end":{"line":210,"column":21}},"type":"default-arg","locations":[{"start":{"line":210,"column":17},"end":{"line":210,"column":21}}],"line":210},"29":{"loc":{"start":{"line":211,"column":6},"end":{"line":211,"column":19}},"type":"default-arg","locations":[{"start":{"line":211,"column":15},"end":{"line":211,"column":19}}],"line":211},"30":{"loc":{"start":{"line":212,"column":6},"end":{"line":212,"column":24}},"type":"default-arg","locations":[{"start":{"line":212,"column":15},"end":{"line":212,"column":24}}],"line":212},"31":{"loc":{"start":{"line":213,"column":6},"end":{"line":213,"column":28}},"type":"default-arg","locations":[{"start":{"line":213,"column":22},"end":{"line":213,"column":28}}],"line":213},"32":{"loc":{"start":{"line":214,"column":6},"end":{"line":214,"column":16}},"type":"default-arg","locations":[{"start":{"line":214,"column":15},"end":{"line":214,"column":16}}],"line":214},"33":{"loc":{"start":{"line":218,"column":27},"end":{"line":218,"column":59}},"type":"cond-expr","locations":[{"start":{"line":218,"column":36},"end":{"line":218,"column":52}},{"start":{"line":218,"column":55},"end":{"line":218,"column":59}}],"line":218},"34":{"loc":{"start":{"line":229,"column":8},"end":{"line":229,"column":45}},"type":"cond-expr","locations":[{"start":{"line":229,"column":21},"end":{"line":229,"column":38}},{"start":{"line":229,"column":41},"end":{"line":229,"column":45}}],"line":229},"35":{"loc":{"start":{"line":248,"column":18},"end":{"line":248,"column":65}},"type":"cond-expr","locations":[{"start":{"line":248,"column":39},"end":{"line":248,"column":61}},{"start":{"line":248,"column":64},"end":{"line":248,"column":65}}],"line":248},"36":{"loc":{"start":{"line":255,"column":4},"end":{"line":255,"column":24}},"type":"binary-expr","locations":[{"start":{"line":255,"column":4},"end":{"line":255,"column":6}},{"start":{"line":255,"column":10},"end":{"line":255,"column":24}}],"line":255}},"s":{"0":1,"1":1,"2":0,"3":0,"4":0,"5":0,"6":0,"7":0,"8":0,"9":0,"10":0,"11":0,"12":0,"13":0,"14":0,"15":0,"16":1,"17":0,"18":0,"19":0,"20":0,"21":0,"22":0,"23":0,"24":0,"25":0,"26":1,"27":1,"28":1,"29":1,"30":1,"31":1,"32":1,"33":1,"34":1,"35":1,"36":1,"37":0,"38":1,"39":1,"40":0,"41":1,"42":1,"43":0,"44":0,"45":0,"46":0,"47":0,"48":0,"49":0,"50":0,"51":1,"52":0,"53":0,"54":0,"55":0,"56":0,"57":0,"58":0,"59":0,"60":0,"61":0,"62":0,"63":0},"f":{"0":0,"1":0,"2":0,"3":0,"4":1,"5":0,"6":0},"b":{"0":[0,0],"1":[0,0],"2":[0,0],"3":[0,0],"4":[0,0],"5":[0,0],"6":[0,0],"7":[0,0],"8":[0,0],"9":[1,1],"10":[0,1],"11":[1,1],"12":[0,1],"13":[1,1],"14":[0,0],"15":[0,0],"16":[0],"17":[0],"18":[0],"19":[0],"20":[0],"21":[0],"22":[0],"23":[0],"24":[0],"25":[0],"26":[0],"27":[0],"28":[0],"29":[0],"30":[0],"31":[0],"32":[0],"33":[0,0],"34":[0,0],"35":[0,0],"36":[0,0]},"_coverageSchema":"1a1c01bbd47fc00a2c39e90264f33305004495a9","hash":"24c464bf0b4d8aa5003796a7a24df31a06e48a8d"}
,"/Users/philipleesha/Documents/Projects/littleswaps-firebase/functions/src/products/updateUsersListingCounts.js": {"path":"/Users/philipleesha/Documents/Projects/littleswaps-firebase/functions/src/products/updateUsersListingCounts.js","statementMap":{"0":{"start":{"line":4,"column":40},"end":{"line":50,"column":1}},"1":{"start":{"line":10,"column":2},"end":{"line":49,"column":3}},"2":{"start":{"line":11,"column":22},"end":{"line":23,"column":5}},"3":{"start":{"line":24,"column":4},"end":{"line":24,"column":84}},"4":{"start":{"line":25,"column":20},"end":{"line":25,"column":67}},"5":{"start":{"line":27,"column":4},"end":{"line":31,"column":5}},"6":{"start":{"line":28,"column":6},"end":{"line":28,"column":38}},"7":{"start":{"line":30,"column":6},"end":{"line":30,"column":64}},"8":{"start":{"line":33,"column":23},"end":{"line":33,"column":42}},"9":{"start":{"line":34,"column":4},"end":{"line":44,"column":5}},"10":{"start":{"line":35,"column":19},"end":{"line":35,"column":36}},"11":{"start":{"line":36,"column":21},"end":{"line":40,"column":7}},"12":{"start":{"line":41,"column":6},"end":{"line":41,"column":58}},"13":{"start":{"line":43,"column":6},"end":{"line":43,"column":59}},"14":{"start":{"line":46,"column":4},"end":{"line":46,"column":61}},"15":{"start":{"line":48,"column":4},"end":{"line":48,"column":63}}},"fnMap":{"0":{"name":"(anonymous_0)","decl":{"start":{"line":4,"column":40},"end":{"line":4,"column":41}},"loc":{"start":{"line":9,"column":6},"end":{"line":50,"column":1}},"line":9}},"branchMap":{"0":{"loc":{"start":{"line":5,"column":2},"end":{"line":5,"column":15}},"type":"default-arg","locations":[{"start":{"line":5,"column":10},"end":{"line":5,"column":15}}],"line":5},"1":{"loc":{"start":{"line":6,"column":2},"end":{"line":6,"column":18}},"type":"default-arg","locations":[{"start":{"line":6,"column":13},"end":{"line":6,"column":18}}],"line":6},"2":{"loc":{"start":{"line":7,"column":2},"end":{"line":7,"column":24}},"type":"default-arg","locations":[{"start":{"line":7,"column":19},"end":{"line":7,"column":24}}],"line":7},"3":{"loc":{"start":{"line":8,"column":2},"end":{"line":8,"column":16}},"type":"default-arg","locations":[{"start":{"line":8,"column":11},"end":{"line":8,"column":16}}],"line":8},"4":{"loc":{"start":{"line":12,"column":10},"end":{"line":14,"column":7}},"type":"binary-expr","locations":[{"start":{"line":12,"column":10},"end":{"line":12,"column":15}},{"start":{"line":12,"column":19},"end":{"line":14,"column":7}}],"line":12},"5":{"loc":{"start":{"line":15,"column":10},"end":{"line":17,"column":7}},"type":"binary-expr","locations":[{"start":{"line":15,"column":10},"end":{"line":15,"column":16}},{"start":{"line":15,"column":20},"end":{"line":17,"column":7}}],"line":15},"6":{"loc":{"start":{"line":18,"column":10},"end":{"line":22,"column":7}},"type":"binary-expr","locations":[{"start":{"line":18,"column":10},"end":{"line":18,"column":24}},{"start":{"line":18,"column":28},"end":{"line":22,"column":7}}],"line":18},"7":{"loc":{"start":{"line":20,"column":10},"end":{"line":20,"column":40}},"type":"cond-expr","locations":[{"start":{"line":20,"column":21},"end":{"line":20,"column":22}},{"start":{"line":20,"column":25},"end":{"line":20,"column":40}}],"line":20},"8":{"loc":{"start":{"line":20,"column":25},"end":{"line":20,"column":40}},"type":"cond-expr","locations":[{"start":{"line":20,"column":34},"end":{"line":20,"column":36}},{"start":{"line":20,"column":39},"end":{"line":20,"column":40}}],"line":20},"9":{"loc":{"start":{"line":27,"column":4},"end":{"line":31,"column":5}},"type":"if","locations":[{"start":{"line":27,"column":4},"end":{"line":31,"column":5}},{"start":{"line":29,"column":11},"end":{"line":31,"column":5}}],"line":27},"10":{"loc":{"start":{"line":34,"column":4},"end":{"line":44,"column":5}},"type":"if","locations":[{"start":{"line":34,"column":4},"end":{"line":44,"column":5}},{"start":{"line":42,"column":11},"end":{"line":44,"column":5}}],"line":34}},"s":{"0":1,"1":7,"2":7,"3":7,"4":7,"5":7,"6":6,"7":1,"8":6,"9":6,"10":0,"11":0,"12":0,"13":1,"14":1,"15":6},"f":{"0":7},"b":{"0":[4],"1":[5],"2":[5],"3":[6],"4":[7,3],"5":[7,1],"6":[7,2],"7":[1,1],"8":[1,0],"9":[6,1],"10":[0,1]},"_coverageSchema":"1a1c01bbd47fc00a2c39e90264f33305004495a9","hash":"9285fa0c82e71e4219f9a8eecb6460d9ffc0eedd"}
,"/Users/philipleesha/Documents/Projects/littleswaps-firebase/functions/src/utils/constants.js": {"path":"/Users/philipleesha/Documents/Projects/littleswaps-firebase/functions/src/utils/constants.js","statementMap":{"0":{"start":{"line":1,"column":31},"end":{"line":7,"column":1}},"1":{"start":{"line":2,"column":19},"end":{"line":2,"column":36}},"2":{"start":{"line":3,"column":2},"end":{"line":6,"column":3}}},"fnMap":{"0":{"name":"(anonymous_0)","decl":{"start":{"line":1,"column":31},"end":{"line":1,"column":32}},"loc":{"start":{"line":1,"column":47},"end":{"line":7,"column":1}},"line":1}},"branchMap":{},"s":{"0":1,"1":1,"2":1},"f":{"0":1},"b":{},"_coverageSchema":"1a1c01bbd47fc00a2c39e90264f33305004495a9","hash":"bc2de4ea22904ffcc41df33b01c89038fa60edd5"}
,"/Users/philipleesha/Documents/Projects/littleswaps-firebase/functions/src/utils/emails.js": {"path":"/Users/philipleesha/Documents/Projects/littleswaps-firebase/functions/src/utils/emails.js","statementMap":{"0":{"start":{"line":4,"column":30},"end":{"line":15,"column":1}},"1":{"start":{"line":17,"column":25},"end":{"line":51,"column":1}},"2":{"start":{"line":18,"column":2},"end":{"line":50,"column":3}},"3":{"start":{"line":19,"column":4},"end":{"line":19,"column":92}},"4":{"start":{"line":20,"column":4},"end":{"line":46,"column":5}},"5":{"start":{"line":21,"column":6},"end":{"line":39,"column":9}},"6":{"start":{"line":41,"column":6},"end":{"line":41,"column":71}},"7":{"start":{"line":42,"column":6},"end":{"line":42,"column":51}},"8":{"start":{"line":44,"column":6},"end":{"line":44,"column":98}},"9":{"start":{"line":45,"column":6},"end":{"line":45,"column":45}},"10":{"start":{"line":48,"column":4},"end":{"line":48,"column":73}},"11":{"start":{"line":49,"column":4},"end":{"line":49,"column":32}}},"fnMap":{"0":{"name":"(anonymous_0)","decl":{"start":{"line":17,"column":25},"end":{"line":17,"column":26}},"loc":{"start":{"line":17,"column":64},"end":{"line":51,"column":1}},"line":17}},"branchMap":{"0":{"loc":{"start":{"line":18,"column":2},"end":{"line":50,"column":3}},"type":"if","locations":[{"start":{"line":18,"column":2},"end":{"line":50,"column":3}},{"start":{"line":47,"column":9},"end":{"line":50,"column":3}}],"line":18},"1":{"loc":{"start":{"line":18,"column":6},"end":{"line":18,"column":25}},"type":"binary-expr","locations":[{"start":{"line":18,"column":6},"end":{"line":18,"column":11}},{"start":{"line":18,"column":15},"end":{"line":18,"column":25}}],"line":18}},"s":{"0":1,"1":1,"2":0,"3":0,"4":0,"5":0,"6":0,"7":0,"8":0,"9":0,"10":0,"11":0},"f":{"0":0},"b":{"0":[0,0],"1":[0,0]},"_coverageSchema":"1a1c01bbd47fc00a2c39e90264f33305004495a9","hash":"b6027098cd9791974dd4fb45b05ddb2e9d0743cc"}
,"/Users/philipleesha/Documents/Projects/littleswaps-firebase/functions/src/utils/pushNotifications.js": {"path":"/Users/philipleesha/Documents/Projects/littleswaps-firebase/functions/src/utils/pushNotifications.js","statementMap":{"0":{"start":{"line":5,"column":26},"end":{"line":5,"column":39}},"1":{"start":{"line":7,"column":38},"end":{"line":14,"column":1}},"2":{"start":{"line":8,"column":18},"end":{"line":8,"column":52}},"3":{"start":{"line":10,"column":2},"end":{"line":13,"column":3}},"4":{"start":{"line":11,"column":4},"end":{"line":11,"column":53}},"5":{"start":{"line":12,"column":4},"end":{"line":12,"column":51}},"6":{"start":{"line":16,"column":31},"end":{"line":139,"column":1}},"7":{"start":{"line":19,"column":2},"end":{"line":136,"column":3}},"8":{"start":{"line":22,"column":6},"end":{"line":29,"column":8}},"9":{"start":{"line":30,"column":6},"end":{"line":30,"column":12}},"10":{"start":{"line":33,"column":6},"end":{"line":40,"column":8}},"11":{"start":{"line":41,"column":6},"end":{"line":41,"column":12}},"12":{"start":{"line":44,"column":6},"end":{"line":51,"column":8}},"13":{"start":{"line":52,"column":6},"end":{"line":52,"column":12}},"14":{"start":{"line":55,"column":6},"end":{"line":62,"column":8}},"15":{"start":{"line":63,"column":6},"end":{"line":63,"column":12}},"16":{"start":{"line":66,"column":6},"end":{"line":73,"column":8}},"17":{"start":{"line":74,"column":6},"end":{"line":74,"column":12}},"18":{"start":{"line":77,"column":6},"end":{"line":84,"column":8}},"19":{"start":{"line":85,"column":6},"end":{"line":85,"column":12}},"20":{"start":{"line":89,"column":6},"end":{"line":96,"column":8}},"21":{"start":{"line":97,"column":6},"end":{"line":97,"column":12}},"22":{"start":{"line":101,"column":6},"end":{"line":108,"column":8}},"23":{"start":{"line":109,"column":6},"end":{"line":109,"column":12}},"24":{"start":{"line":112,"column":6},"end":{"line":119,"column":8}},"25":{"start":{"line":120,"column":6},"end":{"line":120,"column":12}},"26":{"start":{"line":123,"column":6},"end":{"line":130,"column":8}},"27":{"start":{"line":131,"column":6},"end":{"line":131,"column":12}},"28":{"start":{"line":134,"column":6},"end":{"line":134,"column":58}},"29":{"start":{"line":135,"column":6},"end":{"line":135,"column":12}},"30":{"start":{"line":138,"column":2},"end":{"line":138,"column":29}},"31":{"start":{"line":142,"column":25},"end":{"line":161,"column":1}},"32":{"start":{"line":143,"column":18},"end":{"line":143,"column":79}},"33":{"start":{"line":145,"column":2},"end":{"line":160,"column":3}},"34":{"start":{"line":146,"column":21},"end":{"line":146,"column":35}},"35":{"start":{"line":147,"column":22},"end":{"line":147,"column":40}},"36":{"start":{"line":149,"column":4},"end":{"line":157,"column":5}},"37":{"start":{"line":150,"column":6},"end":{"line":150,"column":59}},"38":{"start":{"line":151,"column":6},"end":{"line":151,"column":40}},"39":{"start":{"line":152,"column":23},"end":{"line":152,"column":60}},"40":{"start":{"line":153,"column":6},"end":{"line":153,"column":69}},"41":{"start":{"line":154,"column":6},"end":{"line":154,"column":22}},"42":{"start":{"line":156,"column":6},"end":{"line":156,"column":59}},"43":{"start":{"line":159,"column":4},"end":{"line":159,"column":64}}},"fnMap":{"0":{"name":"(anonymous_0)","decl":{"start":{"line":7,"column":38},"end":{"line":7,"column":39}},"loc":{"start":{"line":7,"column":72},"end":{"line":14,"column":1}},"line":7},"1":{"name":"(anonymous_1)","decl":{"start":{"line":16,"column":31},"end":{"line":16,"column":32}},"loc":{"start":{"line":16,"column":47},"end":{"line":139,"column":1}},"line":16},"2":{"name":"(anonymous_2)","decl":{"start":{"line":142,"column":25},"end":{"line":142,"column":26}},"loc":{"start":{"line":142,"column":52},"end":{"line":161,"column":1}},"line":142}},"branchMap":{"0":{"loc":{"start":{"line":10,"column":2},"end":{"line":13,"column":3}},"type":"if","locations":[{"start":{"line":10,"column":2},"end":{"line":13,"column":3}},{"start":{},"end":{}}],"line":10},"1":{"loc":{"start":{"line":19,"column":2},"end":{"line":136,"column":3}},"type":"switch","locations":[{"start":{"line":20,"column":4},"end":{"line":20,"column":51}},{"start":{"line":21,"column":4},"end":{"line":30,"column":12}},{"start":{"line":32,"column":4},"end":{"line":41,"column":12}},{"start":{"line":43,"column":4},"end":{"line":52,"column":12}},{"start":{"line":54,"column":4},"end":{"line":63,"column":12}},{"start":{"line":65,"column":4},"end":{"line":74,"column":12}},{"start":{"line":76,"column":4},"end":{"line":85,"column":12}},{"start":{"line":87,"column":4},"end":{"line":87,"column":52}},{"start":{"line":88,"column":4},"end":{"line":97,"column":12}},{"start":{"line":99,"column":4},"end":{"line":99,"column":44}},{"start":{"line":100,"column":4},"end":{"line":109,"column":12}},{"start":{"line":111,"column":4},"end":{"line":120,"column":12}},{"start":{"line":122,"column":4},"end":{"line":131,"column":12}},{"start":{"line":133,"column":4},"end":{"line":135,"column":12}}],"line":19},"2":{"loc":{"start":{"line":145,"column":2},"end":{"line":160,"column":3}},"type":"if","locations":[{"start":{"line":145,"column":2},"end":{"line":160,"column":3}},{"start":{"line":158,"column":9},"end":{"line":160,"column":3}}],"line":145},"3":{"loc":{"start":{"line":149,"column":4},"end":{"line":157,"column":5}},"type":"if","locations":[{"start":{"line":149,"column":4},"end":{"line":157,"column":5}},{"start":{"line":155,"column":11},"end":{"line":157,"column":5}}],"line":149}},"s":{"0":1,"1":1,"2":0,"3":0,"4":0,"5":0,"6":1,"7":0,"8":0,"9":0,"10":0,"11":0,"12":0,"13":0,"14":0,"15":0,"16":0,"17":0,"18":0,"19":0,"20":0,"21":0,"22":0,"23":0,"24":0,"25":0,"26":0,"27":0,"28":0,"29":0,"30":0,"31":1,"32":0,"33":0,"34":0,"35":0,"36":0,"37":0,"38":0,"39":0,"40":0,"41":0,"42":0,"43":0},"f":{"0":0,"1":0,"2":0},"b":{"0":[0,0],"1":[0,0,0,0,0,0,0,0,0,0,0,0,0,0],"2":[0,0],"3":[0,0]},"_coverageSchema":"1a1c01bbd47fc00a2c39e90264f33305004495a9","hash":"03af14d553746c42b53e9a27f547d12ce276d991"}
}
