{"/Users/philipleesha/Documents/Projects/littleswaps-firebase/functions/src/followers/index.js": {"path":"/Users/philipleesha/Documents/Projects/littleswaps-firebase/functions/src/followers/index.js","statementMap":{"0":{"start":{"line":5,"column":30},"end":{"line":18,"column":1}},"1":{"start":{"line":6,"column":2},"end":{"line":17,"column":3}},"2":{"start":{"line":7,"column":31},"end":{"line":7,"column":67}},"3":{"start":{"line":9,"column":4},"end":{"line":9,"column":38}},"4":{"start":{"line":10,"column":4},"end":{"line":10,"column":48}},"5":{"start":{"line":12,"column":4},"end":{"line":12,"column":79}},"6":{"start":{"line":13,"column":4},"end":{"line":13,"column":16}},"7":{"start":{"line":15,"column":4},"end":{"line":15,"column":63}},"8":{"start":{"line":16,"column":4},"end":{"line":16,"column":16}},"9":{"start":{"line":20,"column":30},"end":{"line":33,"column":1}},"10":{"start":{"line":21,"column":2},"end":{"line":32,"column":3}},"11":{"start":{"line":22,"column":31},"end":{"line":22,"column":67}},"12":{"start":{"line":24,"column":4},"end":{"line":24,"column":39}},"13":{"start":{"line":25,"column":4},"end":{"line":25,"column":49}},"14":{"start":{"line":27,"column":4},"end":{"line":27,"column":82}},"15":{"start":{"line":28,"column":4},"end":{"line":28,"column":16}},"16":{"start":{"line":30,"column":4},"end":{"line":30,"column":66}},"17":{"start":{"line":31,"column":4},"end":{"line":31,"column":16}}},"fnMap":{"0":{"name":"(anonymous_0)","decl":{"start":{"line":5,"column":30},"end":{"line":5,"column":31}},"loc":{"start":{"line":5,"column":47},"end":{"line":18,"column":1}},"line":5},"1":{"name":"(anonymous_1)","decl":{"start":{"line":20,"column":30},"end":{"line":20,"column":31}},"loc":{"start":{"line":20,"column":47},"end":{"line":33,"column":1}},"line":20}},"branchMap":{},"s":{"0":1,"1":1,"2":1,"3":1,"4":1,"5":1,"6":1,"7":0,"8":0,"9":1,"10":1,"11":1,"12":1,"13":1,"14":1,"15":1,"16":0,"17":0},"f":{"0":1,"1":1},"b":{},"_coverageSchema":"1a1c01bbd47fc00a2c39e90264f33305004495a9","hash":"0dfaf9fb5d3b6d6b007b317b6fce23699799dc21"}
,"/Users/philipleesha/Documents/Projects/littleswaps-firebase/functions/src/followers/updateFollowCounts.js": {"path":"/Users/philipleesha/Documents/Projects/littleswaps-firebase/functions/src/followers/updateFollowCounts.js","statementMap":{"0":{"start":{"line":4,"column":34},"end":{"line":16,"column":1}},"1":{"start":{"line":5,"column":2},"end":{"line":15,"column":3}},"2":{"start":{"line":6,"column":20},"end":{"line":6,"column":69}},"3":{"start":{"line":7,"column":4},"end":{"line":9,"column":7}},"4":{"start":{"line":11,"column":4},"end":{"line":11,"column":16}},"5":{"start":{"line":13,"column":4},"end":{"line":13,"column":57}},"6":{"start":{"line":14,"column":4},"end":{"line":14,"column":16}}},"fnMap":{"0":{"name":"(anonymous_0)","decl":{"start":{"line":4,"column":34},"end":{"line":4,"column":35}},"loc":{"start":{"line":4,"column":75},"end":{"line":16,"column":1}},"line":4}},"branchMap":{"0":{"loc":{"start":{"line":8,"column":7},"end":{"line":8,"column":45}},"type":"cond-expr","locations":[{"start":{"line":8,"column":20},"end":{"line":8,"column":31}},{"start":{"line":8,"column":34},"end":{"line":8,"column":45}}],"line":8}},"s":{"0":1,"1":3,"2":3,"3":3,"4":2,"5":1,"6":1},"f":{"0":3},"b":{"0":[2,1]},"_coverageSchema":"1a1c01bbd47fc00a2c39e90264f33305004495a9","hash":"23e5e9e4e6f41670a460bcee5037584cc8587cbb"}
,"/Users/philipleesha/Documents/Projects/littleswaps-firebase/functions/src/likes/getLikeSnippet.js": {"path":"/Users/philipleesha/Documents/Projects/littleswaps-firebase/functions/src/likes/getLikeSnippet.js","statementMap":{"0":{"start":{"line":3,"column":30},"end":{"line":20,"column":1}},"1":{"start":{"line":4,"column":21},"end":{"line":10,"column":10}},"2":{"start":{"line":12,"column":2},"end":{"line":19,"column":5}},"3":{"start":{"line":13,"column":17},"end":{"line":13,"column":27}},"4":{"start":{"line":14,"column":4},"end":{"line":18,"column":6}}},"fnMap":{"0":{"name":"(anonymous_0)","decl":{"start":{"line":3,"column":30},"end":{"line":3,"column":31}},"loc":{"start":{"line":3,"column":49},"end":{"line":20,"column":1}},"line":3},"1":{"name":"(anonymous_1)","decl":{"start":{"line":12,"column":29},"end":{"line":12,"column":30}},"loc":{"start":{"line":12,"column":36},"end":{"line":19,"column":3}},"line":12}},"branchMap":{"0":{"loc":{"start":{"line":17,"column":16},"end":{"line":17,"column":35}},"type":"binary-expr","locations":[{"start":{"line":17,"column":16},"end":{"line":17,"column":29}},{"start":{"line":17,"column":33},"end":{"line":17,"column":35}}],"line":17}},"s":{"0":1,"1":1,"2":1,"3":1,"4":1},"f":{"0":1,"1":1},"b":{"0":[1,0]},"_coverageSchema":"1a1c01bbd47fc00a2c39e90264f33305004495a9","hash":"6a26c3d8ae1c628e38f36ddd5e02d2568b253cd1"}
,"/Users/philipleesha/Documents/Projects/littleswaps-firebase/functions/src/likes/index.js": {"path":"/Users/philipleesha/Documents/Projects/littleswaps-firebase/functions/src/likes/index.js","statementMap":{"0":{"start":{"line":5,"column":26},"end":{"line":16,"column":1}},"1":{"start":{"line":6,"column":2},"end":{"line":15,"column":3}},"2":{"start":{"line":7,"column":23},"end":{"line":7,"column":55}},"3":{"start":{"line":9,"column":4},"end":{"line":9,"column":44}},"4":{"start":{"line":11,"column":4},"end":{"line":11,"column":16}},"5":{"start":{"line":13,"column":4},"end":{"line":13,"column":59}},"6":{"start":{"line":14,"column":4},"end":{"line":14,"column":16}},"7":{"start":{"line":18,"column":26},"end":{"line":29,"column":1}},"8":{"start":{"line":19,"column":2},"end":{"line":28,"column":3}},"9":{"start":{"line":20,"column":23},"end":{"line":20,"column":55}},"10":{"start":{"line":22,"column":4},"end":{"line":22,"column":38}},"11":{"start":{"line":24,"column":4},"end":{"line":24,"column":16}},"12":{"start":{"line":26,"column":4},"end":{"line":26,"column":59}},"13":{"start":{"line":27,"column":4},"end":{"line":27,"column":16}}},"fnMap":{"0":{"name":"(anonymous_0)","decl":{"start":{"line":5,"column":26},"end":{"line":5,"column":27}},"loc":{"start":{"line":5,"column":43},"end":{"line":16,"column":1}},"line":5},"1":{"name":"(anonymous_1)","decl":{"start":{"line":18,"column":26},"end":{"line":18,"column":27}},"loc":{"start":{"line":18,"column":43},"end":{"line":29,"column":1}},"line":18}},"branchMap":{},"s":{"0":1,"1":1,"2":1,"3":1,"4":1,"5":0,"6":0,"7":1,"8":1,"9":1,"10":1,"11":1,"12":0,"13":0},"f":{"0":1,"1":1},"b":{},"_coverageSchema":"1a1c01bbd47fc00a2c39e90264f33305004495a9","hash":"7feffe8356a855bd38115499cf97aabf59c4d075"}
,"/Users/philipleesha/Documents/Projects/littleswaps-firebase/functions/src/likes/updateProductLike.js": {"path":"/Users/philipleesha/Documents/Projects/littleswaps-firebase/functions/src/likes/updateProductLike.js","statementMap":{"0":{"start":{"line":5,"column":33},"end":{"line":22,"column":1}},"1":{"start":{"line":6,"column":2},"end":{"line":21,"column":3}},"2":{"start":{"line":7,"column":24},"end":{"line":7,"column":54}},"3":{"start":{"line":8,"column":4},"end":{"line":15,"column":9}},"4":{"start":{"line":17,"column":4},"end":{"line":17,"column":16}},"5":{"start":{"line":19,"column":4},"end":{"line":19,"column":48}},"6":{"start":{"line":20,"column":4},"end":{"line":20,"column":16}}},"fnMap":{"0":{"name":"(anonymous_0)","decl":{"start":{"line":5,"column":33},"end":{"line":5,"column":34}},"loc":{"start":{"line":5,"column":63},"end":{"line":22,"column":1}},"line":5}},"branchMap":{"0":{"loc":{"start":{"line":13,"column":52},"end":{"line":13,"column":69}},"type":"cond-expr","locations":[{"start":{"line":13,"column":63},"end":{"line":13,"column":64}},{"start":{"line":13,"column":67},"end":{"line":13,"column":69}}],"line":13}},"s":{"0":1,"1":3,"2":3,"3":3,"4":2,"5":1,"6":1},"f":{"0":3},"b":{"0":[2,1]},"_coverageSchema":"1a1c01bbd47fc00a2c39e90264f33305004495a9","hash":"09309a3e5f243222b9aade2245ba16b3e35e86ed"}
,"/Users/philipleesha/Documents/Projects/littleswaps-firebase/functions/src/orders/index.js": {"path":"/Users/philipleesha/Documents/Projects/littleswaps-firebase/functions/src/orders/index.js","statementMap":{"0":{"start":{"line":8,"column":18},"end":{"line":8,"column":47}},"1":{"start":{"line":10,"column":11},"end":{"line":10,"column":28}},"2":{"start":{"line":11,"column":16},"end":{"line":11,"column":38}},"3":{"start":{"line":12,"column":19},"end":{"line":12,"column":44}},"4":{"start":{"line":15,"column":33},"end":{"line":34,"column":1}},"5":{"start":{"line":16,"column":2},"end":{"line":33,"column":3}},"6":{"start":{"line":17,"column":4},"end":{"line":19,"column":5}},"7":{"start":{"line":18,"column":6},"end":{"line":18,"column":80}},"8":{"start":{"line":20,"column":4},"end":{"line":20,"column":36}},"9":{"start":{"line":22,"column":4},"end":{"line":25,"column":6}},"10":{"start":{"line":27,"column":4},"end":{"line":27,"column":48}},"11":{"start":{"line":28,"column":4},"end":{"line":32,"column":6}},"12":{"start":{"line":36,"column":27},"end":{"line":149,"column":1}},"13":{"start":{"line":37,"column":2},"end":{"line":148,"column":3}},"14":{"start":{"line":38,"column":32},"end":{"line":38,"column":44}},"15":{"start":{"line":39,"column":4},"end":{"line":39,"column":88}},"16":{"start":{"line":41,"column":33},"end":{"line":44,"column":6}},"17":{"start":{"line":46,"column":4},"end":{"line":49,"column":5}},"18":{"start":{"line":47,"column":6},"end":{"line":47,"column":89}},"19":{"start":{"line":48,"column":6},"end":{"line":48,"column":13}},"20":{"start":{"line":51,"column":18},"end":{"line":51,"column":33}},"21":{"start":{"line":52,"column":18},"end":{"line":52,"column":33}},"22":{"start":{"line":54,"column":22},"end":{"line":54,"column":59}},"23":{"start":{"line":55,"column":19},"end":{"line":55,"column":35}},"24":{"start":{"line":56,"column":4},"end":{"line":56,"column":48}},"25":{"start":{"line":58,"column":23},"end":{"line":58,"column":54}},"26":{"start":{"line":60,"column":24},"end":{"line":64,"column":6}},"27":{"start":{"line":66,"column":4},"end":{"line":71,"column":7}},"28":{"start":{"line":73,"column":26},"end":{"line":82,"column":5}},"29":{"start":{"line":84,"column":4},"end":{"line":84,"column":62}},"30":{"start":{"line":85,"column":4},"end":{"line":85,"column":66}},"31":{"start":{"line":87,"column":4},"end":{"line":119,"column":5}},"32":{"start":{"line":88,"column":6},"end":{"line":96,"column":9}},"33":{"start":{"line":98,"column":26},"end":{"line":98,"column":73}},"34":{"start":{"line":99,"column":23},"end":{"line":99,"column":41}},"35":{"start":{"line":101,"column":54},"end":{"line":101,"column":66}},"36":{"start":{"line":102,"column":6},"end":{"line":116,"column":9}},"37":{"start":{"line":118,"column":6},"end":{"line":118,"column":85}},"38":{"start":{"line":121,"column":26},"end":{"line":143,"column":5}},"39":{"start":{"line":145,"column":4},"end":{"line":145,"column":37}},"40":{"start":{"line":147,"column":4},"end":{"line":147,"column":77}}},"fnMap":{"0":{"name":"(anonymous_0)","decl":{"start":{"line":15,"column":33},"end":{"line":15,"column":34}},"loc":{"start":{"line":15,"column":58},"end":{"line":34,"column":1}},"line":15},"1":{"name":"(anonymous_1)","decl":{"start":{"line":36,"column":27},"end":{"line":36,"column":28}},"loc":{"start":{"line":36,"column":64},"end":{"line":149,"column":1}},"line":36}},"branchMap":{"0":{"loc":{"start":{"line":17,"column":4},"end":{"line":19,"column":5}},"type":"if","locations":[{"start":{"line":17,"column":4},"end":{"line":19,"column":5}},{"start":{},"end":{}}],"line":17},"1":{"loc":{"start":{"line":36,"column":41},"end":{"line":36,"column":59}},"type":"default-arg","locations":[{"start":{"line":36,"column":50},"end":{"line":36,"column":59}}],"line":36},"2":{"loc":{"start":{"line":46,"column":4},"end":{"line":49,"column":5}},"type":"if","locations":[{"start":{"line":46,"column":4},"end":{"line":49,"column":5}},{"start":{},"end":{}}],"line":46},"3":{"loc":{"start":{"line":46,"column":8},"end":{"line":46,"column":44}},"type":"binary-expr","locations":[{"start":{"line":46,"column":8},"end":{"line":46,"column":24}},{"start":{"line":46,"column":28},"end":{"line":46,"column":44}}],"line":46},"4":{"loc":{"start":{"line":76,"column":14},"end":{"line":78,"column":52}},"type":"cond-expr","locations":[{"start":{"line":77,"column":10},"end":{"line":77,"column":60}},{"start":{"line":78,"column":10},"end":{"line":78,"column":52}}],"line":76},"5":{"loc":{"start":{"line":81,"column":10},"end":{"line":81,"column":112}},"type":"cond-expr","locations":[{"start":{"line":81,"column":23},"end":{"line":81,"column":67}},{"start":{"line":81,"column":70},"end":{"line":81,"column":112}}],"line":81},"6":{"loc":{"start":{"line":87,"column":4},"end":{"line":119,"column":5}},"type":"if","locations":[{"start":{"line":87,"column":4},"end":{"line":119,"column":5}},{"start":{},"end":{}}],"line":87}},"s":{"0":1,"1":1,"2":1,"3":1,"4":1,"5":3,"6":3,"7":1,"8":2,"9":1,"10":2,"11":2,"12":1,"13":4,"14":4,"15":4,"16":4,"17":4,"18":1,"19":1,"20":3,"21":3,"22":3,"23":3,"24":3,"25":3,"26":3,"27":1,"28":1,"29":1,"30":1,"31":1,"32":0,"33":0,"34":0,"35":0,"36":0,"37":0,"38":1,"39":1,"40":2},"f":{"0":3,"1":4},"b":{"0":[1,2],"1":[2],"2":[1,3],"3":[4,3],"4":[0,1],"5":[0,1],"6":[0,1]},"_coverageSchema":"1a1c01bbd47fc00a2c39e90264f33305004495a9","hash":"02fd5074a1bde46288bf36c7d64c5acd111788ba"}
,"/Users/philipleesha/Documents/Projects/littleswaps-firebase/functions/src/orders/onUpdateOrderStatus.js": {"path":"/Users/philipleesha/Documents/Projects/littleswaps-firebase/functions/src/orders/onUpdateOrderStatus.js","statementMap":{"0":{"start":{"line":7,"column":11},"end":{"line":7,"column":28}},"1":{"start":{"line":8,"column":16},"end":{"line":8,"column":38}},"2":{"start":{"line":9,"column":19},"end":{"line":9,"column":44}},"3":{"start":{"line":10,"column":26},"end":{"line":10,"column":37}},"4":{"start":{"line":12,"column":26},"end":{"line":19,"column":1}},"5":{"start":{"line":13,"column":14},"end":{"line":13,"column":29}},"6":{"start":{"line":14,"column":22},"end":{"line":14,"column":37}},"7":{"start":{"line":15,"column":2},"end":{"line":18,"column":4}},"8":{"start":{"line":21,"column":31},"end":{"line":40,"column":1}},"9":{"start":{"line":22,"column":2},"end":{"line":39,"column":3}},"10":{"start":{"line":23,"column":21},"end":{"line":23,"column":52}},"11":{"start":{"line":25,"column":4},"end":{"line":27,"column":5}},"12":{"start":{"line":26,"column":6},"end":{"line":26,"column":40}},"13":{"start":{"line":29,"column":21},"end":{"line":29,"column":36}},"14":{"start":{"line":31,"column":4},"end":{"line":33,"column":5}},"15":{"start":{"line":32,"column":6},"end":{"line":32,"column":49}},"16":{"start":{"line":35,"column":4},"end":{"line":35,"column":36}},"17":{"start":{"line":37,"column":4},"end":{"line":37,"column":66}},"18":{"start":{"line":38,"column":4},"end":{"line":38,"column":17}},"19":{"start":{"line":42,"column":30},"end":{"line":67,"column":1}},"20":{"start":{"line":48,"column":24},"end":{"line":48,"column":80}},"21":{"start":{"line":49,"column":16},"end":{"line":49,"column":45}},"22":{"start":{"line":51,"column":67},"end":{"line":51,"column":87}},"23":{"start":{"line":52,"column":2},"end":{"line":59,"column":3}},"24":{"start":{"line":53,"column":4},"end":{"line":58,"column":7}},"25":{"start":{"line":61,"column":2},"end":{"line":66,"column":5}},"26":{"start":{"line":69,"column":30},"end":{"line":97,"column":1}},"27":{"start":{"line":74,"column":24},"end":{"line":74,"column":64}},"28":{"start":{"line":75,"column":25},"end":{"line":75,"column":84}},"29":{"start":{"line":77,"column":2},"end":{"line":90,"column":3}},"30":{"start":{"line":78,"column":24},"end":{"line":78,"column":46}},"31":{"start":{"line":79,"column":4},"end":{"line":82,"column":6}},"32":{"start":{"line":83,"column":4},"end":{"line":83,"column":40}},"33":{"start":{"line":84,"column":4},"end":{"line":84,"column":24}},"34":{"start":{"line":86,"column":4},"end":{"line":89,"column":7}},"35":{"start":{"line":92,"column":2},"end":{"line":96,"column":4}},"36":{"start":{"line":99,"column":42},"end":{"line":118,"column":1}},"37":{"start":{"line":102,"column":31},"end":{"line":102,"column":82}},"38":{"start":{"line":103,"column":28},"end":{"line":103,"column":94}},"39":{"start":{"line":104,"column":2},"end":{"line":112,"column":3}},"40":{"start":{"line":105,"column":16},"end":{"line":105,"column":41}},"41":{"start":{"line":106,"column":4},"end":{"line":106,"column":29}},"42":{"start":{"line":107,"column":4},"end":{"line":107,"column":31}},"43":{"start":{"line":108,"column":4},"end":{"line":111,"column":7}},"44":{"start":{"line":114,"column":2},"end":{"line":117,"column":4}},"45":{"start":{"line":120,"column":28},"end":{"line":127,"column":1}},"46":{"start":{"line":121,"column":21},"end":{"line":121,"column":46}},"47":{"start":{"line":122,"column":2},"end":{"line":125,"column":5}},"48":{"start":{"line":126,"column":2},"end":{"line":126,"column":41}},"49":{"start":{"line":129,"column":32},"end":{"line":141,"column":1}},"50":{"start":{"line":130,"column":17},"end":{"line":130,"column":54}},"51":{"start":{"line":131,"column":20},"end":{"line":131,"column":90}},"52":{"start":{"line":132,"column":20},"end":{"line":132,"column":73}},"53":{"start":{"line":133,"column":2},"end":{"line":133,"column":47}},"54":{"start":{"line":134,"column":2},"end":{"line":140,"column":5}},"55":{"start":{"line":143,"column":34},"end":{"line":165,"column":1}},"56":{"start":{"line":144,"column":17},"end":{"line":144,"column":40}},"57":{"start":{"line":145,"column":28},"end":{"line":145,"column":98}},"58":{"start":{"line":146,"column":37},"end":{"line":146,"column":90}},"59":{"start":{"line":147,"column":2},"end":{"line":147,"column":47}},"60":{"start":{"line":148,"column":2},"end":{"line":152,"column":5}},"61":{"start":{"line":153,"column":2},"end":{"line":157,"column":5}},"62":{"start":{"line":158,"column":2},"end":{"line":164,"column":5}},"63":{"start":{"line":167,"column":27},"end":{"line":179,"column":1}},"64":{"start":{"line":168,"column":17},"end":{"line":168,"column":44}},"65":{"start":{"line":169,"column":18},"end":{"line":169,"column":62}},"66":{"start":{"line":170,"column":2},"end":{"line":170,"column":64}},"67":{"start":{"line":172,"column":2},"end":{"line":178,"column":5}},"68":{"start":{"line":181,"column":22},"end":{"line":195,"column":1}},"69":{"start":{"line":182,"column":17},"end":{"line":182,"column":38}},"70":{"start":{"line":183,"column":18},"end":{"line":183,"column":62}},"71":{"start":{"line":184,"column":20},"end":{"line":184,"column":81}},"72":{"start":{"line":186,"column":2},"end":{"line":192,"column":5}},"73":{"start":{"line":194,"column":2},"end":{"line":194,"column":36}},"74":{"start":{"line":197,"column":29},"end":{"line":208,"column":1}},"75":{"start":{"line":198,"column":17},"end":{"line":198,"column":47}},"76":{"start":{"line":199,"column":18},"end":{"line":199,"column":62}},"77":{"start":{"line":200,"column":2},"end":{"line":200,"column":64}},"78":{"start":{"line":201,"column":2},"end":{"line":207,"column":5}},"79":{"start":{"line":210,"column":24},"end":{"line":241,"column":1}},"80":{"start":{"line":211,"column":17},"end":{"line":211,"column":40}},"81":{"start":{"line":212,"column":18},"end":{"line":212,"column":62}},"82":{"start":{"line":213,"column":35},"end":{"line":213,"column":42}},"83":{"start":{"line":214,"column":37},"end":{"line":214,"column":98}},"84":{"start":{"line":215,"column":2},"end":{"line":219,"column":5}},"85":{"start":{"line":220,"column":2},"end":{"line":224,"column":5}},"86":{"start":{"line":225,"column":2},"end":{"line":231,"column":5}},"87":{"start":{"line":232,"column":2},"end":{"line":238,"column":5}},"88":{"start":{"line":240,"column":2},"end":{"line":240,"column":44}},"89":{"start":{"line":243,"column":23},"end":{"line":250,"column":1}},"90":{"start":{"line":252,"column":26},"end":{"line":307,"column":1}},"91":{"start":{"line":253,"column":27},"end":{"line":253,"column":64}},"92":{"start":{"line":254,"column":41},"end":{"line":254,"column":79}},"93":{"start":{"line":255,"column":26},"end":{"line":258,"column":10}},"94":{"start":{"line":259,"column":18},"end":{"line":259,"column":40}},"95":{"start":{"line":261,"column":2},"end":{"line":276,"column":4}},"96":{"start":{"line":277,"column":2},"end":{"line":306,"column":4}},"97":{"start":{"line":309,"column":28},"end":{"line":355,"column":1}},"98":{"start":{"line":310,"column":27},"end":{"line":310,"column":64}},"99":{"start":{"line":311,"column":26},"end":{"line":311,"column":64}},"100":{"start":{"line":313,"column":16},"end":{"line":313,"column":48}},"101":{"start":{"line":314,"column":2},"end":{"line":328,"column":4}},"102":{"start":{"line":329,"column":2},"end":{"line":344,"column":4}},"103":{"start":{"line":345,"column":2},"end":{"line":354,"column":4}},"104":{"start":{"line":357,"column":35},"end":{"line":380,"column":1}},"105":{"start":{"line":358,"column":2},"end":{"line":379,"column":3}},"106":{"start":{"line":359,"column":4},"end":{"line":363,"column":7}},"107":{"start":{"line":365,"column":20},"end":{"line":365,"column":40}},"108":{"start":{"line":366,"column":4},"end":{"line":369,"column":5}},"109":{"start":{"line":367,"column":6},"end":{"line":367,"column":49}},"110":{"start":{"line":368,"column":6},"end":{"line":368,"column":83}},"111":{"start":{"line":371,"column":4},"end":{"line":371,"column":45}},"112":{"start":{"line":373,"column":4},"end":{"line":373,"column":54}},"113":{"start":{"line":374,"column":4},"end":{"line":374,"column":15}},"114":{"start":{"line":377,"column":4},"end":{"line":377,"column":48}},"115":{"start":{"line":378,"column":4},"end":{"line":378,"column":16}}},"fnMap":{"0":{"name":"(anonymous_0)","decl":{"start":{"line":12,"column":26},"end":{"line":12,"column":27}},"loc":{"start":{"line":12,"column":40},"end":{"line":19,"column":1}},"line":12},"1":{"name":"(anonymous_1)","decl":{"start":{"line":21,"column":31},"end":{"line":21,"column":32}},"loc":{"start":{"line":21,"column":49},"end":{"line":40,"column":1}},"line":21},"2":{"name":"(anonymous_2)","decl":{"start":{"line":42,"column":30},"end":{"line":42,"column":31}},"loc":{"start":{"line":47,"column":6},"end":{"line":67,"column":1}},"line":47},"3":{"name":"(anonymous_3)","decl":{"start":{"line":69,"column":30},"end":{"line":69,"column":31}},"loc":{"start":{"line":69,"column":67},"end":{"line":97,"column":1}},"line":69},"4":{"name":"(anonymous_4)","decl":{"start":{"line":99,"column":42},"end":{"line":99,"column":43}},"loc":{"start":{"line":99,"column":79},"end":{"line":118,"column":1}},"line":99},"5":{"name":"(anonymous_5)","decl":{"start":{"line":120,"column":28},"end":{"line":120,"column":29}},"loc":{"start":{"line":120,"column":57},"end":{"line":127,"column":1}},"line":120},"6":{"name":"(anonymous_6)","decl":{"start":{"line":129,"column":32},"end":{"line":129,"column":33}},"loc":{"start":{"line":129,"column":69},"end":{"line":141,"column":1}},"line":129},"7":{"name":"(anonymous_7)","decl":{"start":{"line":143,"column":34},"end":{"line":143,"column":35}},"loc":{"start":{"line":143,"column":71},"end":{"line":165,"column":1}},"line":143},"8":{"name":"(anonymous_8)","decl":{"start":{"line":167,"column":27},"end":{"line":167,"column":28}},"loc":{"start":{"line":167,"column":52},"end":{"line":179,"column":1}},"line":167},"9":{"name":"(anonymous_9)","decl":{"start":{"line":181,"column":22},"end":{"line":181,"column":23}},"loc":{"start":{"line":181,"column":47},"end":{"line":195,"column":1}},"line":181},"10":{"name":"(anonymous_10)","decl":{"start":{"line":197,"column":29},"end":{"line":197,"column":30}},"loc":{"start":{"line":197,"column":54},"end":{"line":208,"column":1}},"line":197},"11":{"name":"(anonymous_11)","decl":{"start":{"line":210,"column":24},"end":{"line":210,"column":25}},"loc":{"start":{"line":210,"column":49},"end":{"line":241,"column":1}},"line":210},"12":{"name":"(anonymous_12)","decl":{"start":{"line":252,"column":26},"end":{"line":252,"column":27}},"loc":{"start":{"line":252,"column":52},"end":{"line":307,"column":1}},"line":252},"13":{"name":"(anonymous_13)","decl":{"start":{"line":309,"column":28},"end":{"line":309,"column":29}},"loc":{"start":{"line":309,"column":54},"end":{"line":355,"column":1}},"line":309},"14":{"name":"(anonymous_14)","decl":{"start":{"line":357,"column":35},"end":{"line":357,"column":36}},"loc":{"start":{"line":357,"column":78},"end":{"line":380,"column":1}},"line":357}},"branchMap":{"0":{"loc":{"start":{"line":25,"column":4},"end":{"line":27,"column":5}},"type":"if","locations":[{"start":{"line":25,"column":4},"end":{"line":27,"column":5}},{"start":{},"end":{}}],"line":25},"1":{"loc":{"start":{"line":31,"column":4},"end":{"line":33,"column":5}},"type":"if","locations":[{"start":{"line":31,"column":4},"end":{"line":33,"column":5}},{"start":{},"end":{}}],"line":31},"2":{"loc":{"start":{"line":51,"column":22},"end":{"line":51,"column":38}},"type":"default-arg","locations":[{"start":{"line":51,"column":37},"end":{"line":51,"column":38}}],"line":51},"3":{"loc":{"start":{"line":51,"column":40},"end":{"line":51,"column":62}},"type":"default-arg","locations":[{"start":{"line":51,"column":61},"end":{"line":51,"column":62}}],"line":51},"4":{"loc":{"start":{"line":52,"column":2},"end":{"line":59,"column":3}},"type":"if","locations":[{"start":{"line":52,"column":2},"end":{"line":59,"column":3}},{"start":{},"end":{}}],"line":52},"5":{"loc":{"start":{"line":77,"column":2},"end":{"line":90,"column":3}},"type":"if","locations":[{"start":{"line":77,"column":2},"end":{"line":90,"column":3}},{"start":{},"end":{}}],"line":77},"6":{"loc":{"start":{"line":104,"column":2},"end":{"line":112,"column":3}},"type":"if","locations":[{"start":{"line":104,"column":2},"end":{"line":112,"column":3}},{"start":{},"end":{}}],"line":104},"7":{"loc":{"start":{"line":366,"column":4},"end":{"line":369,"column":5}},"type":"if","locations":[{"start":{"line":366,"column":4},"end":{"line":369,"column":5}},{"start":{},"end":{}}],"line":366}},"s":{"0":1,"1":1,"2":1,"3":1,"4":1,"5":0,"6":0,"7":0,"8":1,"9":0,"10":0,"11":0,"12":0,"13":0,"14":0,"15":0,"16":0,"17":0,"18":0,"19":1,"20":0,"21":0,"22":0,"23":0,"24":0,"25":0,"26":1,"27":0,"28":0,"29":0,"30":0,"31":0,"32":0,"33":0,"34":0,"35":0,"36":1,"37":0,"38":0,"39":0,"40":0,"41":0,"42":0,"43":0,"44":0,"45":1,"46":0,"47":0,"48":0,"49":1,"50":0,"51":0,"52":0,"53":0,"54":0,"55":1,"56":0,"57":0,"58":0,"59":0,"60":0,"61":0,"62":0,"63":1,"64":0,"65":0,"66":0,"67":0,"68":1,"69":0,"70":0,"71":0,"72":0,"73":0,"74":1,"75":0,"76":0,"77":0,"78":0,"79":1,"80":0,"81":0,"82":0,"83":0,"84":0,"85":0,"86":0,"87":0,"88":0,"89":1,"90":1,"91":0,"92":0,"93":0,"94":0,"95":0,"96":0,"97":1,"98":0,"99":0,"100":0,"101":0,"102":0,"103":0,"104":1,"105":0,"106":0,"107":0,"108":0,"109":0,"110":0,"111":0,"112":0,"113":0,"114":0,"115":0},"f":{"0":0,"1":0,"2":0,"3":0,"4":0,"5":0,"6":0,"7":0,"8":0,"9":0,"10":0,"11":0,"12":0,"13":0,"14":0},"b":{"0":[0,0],"1":[0,0],"2":[0],"3":[0],"4":[0,0],"5":[0,0],"6":[0,0],"7":[0,0]},"_coverageSchema":"1a1c01bbd47fc00a2c39e90264f33305004495a9","hash":"8bd79686d3da28f8f65061f50cea3cfbf899a00e"}
,"/Users/philipleesha/Documents/Projects/littleswaps-firebase/functions/src/payments/index.js": {"path":"/Users/philipleesha/Documents/Projects/littleswaps-firebase/functions/src/payments/index.js","statementMap":{"0":{"start":{"line":9,"column":18},"end":{"line":9,"column":47}},"1":{"start":{"line":11,"column":18},"end":{"line":11,"column":69}},"2":{"start":{"line":13,"column":38},"end":{"line":50,"column":1}},"3":{"start":{"line":14,"column":2},"end":{"line":49,"column":3}},"4":{"start":{"line":15,"column":4},"end":{"line":17,"column":5}},"5":{"start":{"line":16,"column":6},"end":{"line":16,"column":79}},"6":{"start":{"line":19,"column":55},"end":{"line":19,"column":59}},"7":{"start":{"line":21,"column":26},"end":{"line":26,"column":6}},"8":{"start":{"line":28,"column":17},"end":{"line":30,"column":6}},"9":{"start":{"line":32,"column":4},"end":{"line":34,"column":7}},"10":{"start":{"line":36,"column":4},"end":{"line":36,"column":62}},"11":{"start":{"line":38,"column":4},"end":{"line":41,"column":5}},"12":{"start":{"line":43,"column":4},"end":{"line":43,"column":39}},"13":{"start":{"line":44,"column":4},"end":{"line":48,"column":6}},"14":{"start":{"line":52,"column":36},"end":{"line":95,"column":1}},"15":{"start":{"line":53,"column":2},"end":{"line":94,"column":3}},"16":{"start":{"line":54,"column":4},"end":{"line":56,"column":5}},"17":{"start":{"line":55,"column":6},"end":{"line":55,"column":80}},"18":{"start":{"line":58,"column":32},"end":{"line":58,"column":36}},"19":{"start":{"line":60,"column":28},"end":{"line":63,"column":5}},"20":{"start":{"line":65,"column":4},"end":{"line":65,"column":78}},"21":{"start":{"line":66,"column":4},"end":{"line":83,"column":5}},"22":{"start":{"line":67,"column":6},"end":{"line":70,"column":7}},"23":{"start":{"line":71,"column":11},"end":{"line":83,"column":5}},"24":{"start":{"line":72,"column":6},"end":{"line":76,"column":8}},"25":{"start":{"line":78,"column":6},"end":{"line":82,"column":8}},"26":{"start":{"line":85,"column":4},"end":{"line":85,"column":39}},"27":{"start":{"line":86,"column":4},"end":{"line":90,"column":6}},"28":{"start":{"line":97,"column":35},"end":{"line":135,"column":1}},"29":{"start":{"line":98,"column":2},"end":{"line":100,"column":3}},"30":{"start":{"line":99,"column":4},"end":{"line":99,"column":78}},"31":{"start":{"line":102,"column":2},"end":{"line":134,"column":3}},"32":{"start":{"line":104,"column":28},"end":{"line":104,"column":32}},"33":{"start":{"line":105,"column":4},"end":{"line":105,"column":56}},"34":{"start":{"line":106,"column":20},"end":{"line":110,"column":6}},"35":{"start":{"line":112,"column":4},"end":{"line":112,"column":55}},"36":{"start":{"line":115,"column":24},"end":{"line":120,"column":6}},"37":{"start":{"line":122,"column":4},"end":{"line":125,"column":7}},"38":{"start":{"line":127,"column":4},"end":{"line":127,"column":71}},"39":{"start":{"line":129,"column":4},"end":{"line":129,"column":27}},"40":{"start":{"line":131,"column":4},"end":{"line":131,"column":47}},"41":{"start":{"line":132,"column":4},"end":{"line":132,"column":59}},"42":{"start":{"line":133,"column":4},"end":{"line":133,"column":17}},"43":{"start":{"line":137,"column":32},"end":{"line":155,"column":1}},"44":{"start":{"line":138,"column":2},"end":{"line":140,"column":3}},"45":{"start":{"line":139,"column":4},"end":{"line":139,"column":78}},"46":{"start":{"line":142,"column":24},"end":{"line":142,"column":28}},"47":{"start":{"line":143,"column":2},"end":{"line":143,"column":37}},"48":{"start":{"line":145,"column":2},"end":{"line":154,"column":3}},"49":{"start":{"line":146,"column":20},"end":{"line":148,"column":6}},"50":{"start":{"line":150,"column":4},"end":{"line":150,"column":19}},"51":{"start":{"line":152,"column":4},"end":{"line":152,"column":65}},"52":{"start":{"line":153,"column":4},"end":{"line":153,"column":17}},"53":{"start":{"line":157,"column":33},"end":{"line":177,"column":1}},"54":{"start":{"line":158,"column":2},"end":{"line":161,"column":3}},"55":{"start":{"line":159,"column":4},"end":{"line":159,"column":68}},"56":{"start":{"line":160,"column":4},"end":{"line":160,"column":102}},"57":{"start":{"line":163,"column":24},"end":{"line":163,"column":28}},"58":{"start":{"line":164,"column":2},"end":{"line":164,"column":37}},"59":{"start":{"line":166,"column":2},"end":{"line":176,"column":3}},"60":{"start":{"line":167,"column":29},"end":{"line":170,"column":5}},"61":{"start":{"line":172,"column":4},"end":{"line":172,"column":33}},"62":{"start":{"line":174,"column":4},"end":{"line":174,"column":73}},"63":{"start":{"line":175,"column":4},"end":{"line":175,"column":17}},"64":{"start":{"line":179,"column":31},"end":{"line":198,"column":1}},"65":{"start":{"line":180,"column":2},"end":{"line":180,"column":33}},"66":{"start":{"line":182,"column":2},"end":{"line":185,"column":3}},"67":{"start":{"line":183,"column":4},"end":{"line":183,"column":69}},"68":{"start":{"line":184,"column":4},"end":{"line":184,"column":102}},"69":{"start":{"line":187,"column":24},"end":{"line":187,"column":28}},"70":{"start":{"line":188,"column":2},"end":{"line":188,"column":38}},"71":{"start":{"line":190,"column":2},"end":{"line":197,"column":3}},"72":{"start":{"line":191,"column":22},"end":{"line":191,"column":70}},"73":{"start":{"line":193,"column":4},"end":{"line":193,"column":25}},"74":{"start":{"line":195,"column":4},"end":{"line":195,"column":69}},"75":{"start":{"line":196,"column":4},"end":{"line":196,"column":17}},"76":{"start":{"line":200,"column":33},"end":{"line":251,"column":1}},"77":{"start":{"line":201,"column":2},"end":{"line":204,"column":3}},"78":{"start":{"line":202,"column":4},"end":{"line":202,"column":69}},"79":{"start":{"line":203,"column":4},"end":{"line":203,"column":102}},"80":{"start":{"line":206,"column":2},"end":{"line":206,"column":48}},"81":{"start":{"line":213,"column":6},"end":{"line":213,"column":10}},"82":{"start":{"line":215,"column":2},"end":{"line":250,"column":3}},"83":{"start":{"line":216,"column":27},"end":{"line":239,"column":6}},"84":{"start":{"line":241,"column":4},"end":{"line":241,"column":64}},"85":{"start":{"line":243,"column":4},"end":{"line":246,"column":6}},"86":{"start":{"line":248,"column":4},"end":{"line":248,"column":59}},"87":{"start":{"line":249,"column":4},"end":{"line":249,"column":17}},"88":{"start":{"line":253,"column":35},"end":{"line":276,"column":1}},"89":{"start":{"line":254,"column":14},"end":{"line":254,"column":49}},"90":{"start":{"line":258,"column":2},"end":{"line":263,"column":3}},"91":{"start":{"line":259,"column":4},"end":{"line":259,"column":81}},"92":{"start":{"line":261,"column":4},"end":{"line":261,"column":43}},"93":{"start":{"line":262,"column":4},"end":{"line":262,"column":67}},"94":{"start":{"line":265,"column":2},"end":{"line":273,"column":3}},"95":{"start":{"line":268,"column":6},"end":{"line":268,"column":44}},"96":{"start":{"line":269,"column":6},"end":{"line":269,"column":12}},"97":{"start":{"line":271,"column":6},"end":{"line":271,"column":55}},"98":{"start":{"line":272,"column":6},"end":{"line":272,"column":56}},"99":{"start":{"line":275,"column":2},"end":{"line":275,"column":42}},"100":{"start":{"line":278,"column":30},"end":{"line":310,"column":1}},"101":{"start":{"line":279,"column":2},"end":{"line":279,"column":63}},"102":{"start":{"line":280,"column":2},"end":{"line":283,"column":3}},"103":{"start":{"line":281,"column":4},"end":{"line":281,"column":35}},"104":{"start":{"line":282,"column":4},"end":{"line":282,"column":78}},"105":{"start":{"line":285,"column":45},"end":{"line":285,"column":49}},"106":{"start":{"line":286,"column":2},"end":{"line":286,"column":33}},"107":{"start":{"line":287,"column":2},"end":{"line":309,"column":3}},"108":{"start":{"line":288,"column":21},"end":{"line":299,"column":6}},"109":{"start":{"line":301,"column":4},"end":{"line":301,"column":20}},"110":{"start":{"line":303,"column":4},"end":{"line":303,"column":39}},"111":{"start":{"line":304,"column":4},"end":{"line":308,"column":6}},"112":{"start":{"line":312,"column":27},"end":{"line":342,"column":1}},"113":{"start":{"line":313,"column":2},"end":{"line":313,"column":60}},"114":{"start":{"line":314,"column":2},"end":{"line":316,"column":3}},"115":{"start":{"line":315,"column":4},"end":{"line":315,"column":78}},"116":{"start":{"line":318,"column":32},"end":{"line":318,"column":36}},"117":{"start":{"line":321,"column":2},"end":{"line":341,"column":3}},"118":{"start":{"line":322,"column":4},"end":{"line":324,"column":7}},"119":{"start":{"line":326,"column":24},"end":{"line":331,"column":6}},"120":{"start":{"line":333,"column":4},"end":{"line":333,"column":23}},"121":{"start":{"line":335,"column":4},"end":{"line":335,"column":39}},"122":{"start":{"line":336,"column":4},"end":{"line":340,"column":6}},"123":{"start":{"line":344,"column":31},"end":{"line":387,"column":1}},"124":{"start":{"line":345,"column":2},"end":{"line":345,"column":71}},"125":{"start":{"line":347,"column":2},"end":{"line":349,"column":3}},"126":{"start":{"line":348,"column":4},"end":{"line":348,"column":78}},"127":{"start":{"line":351,"column":63},"end":{"line":351,"column":67}},"128":{"start":{"line":352,"column":20},"end":{"line":352,"column":41}},"129":{"start":{"line":354,"column":2},"end":{"line":356,"column":3}},"130":{"start":{"line":355,"column":4},"end":{"line":355,"column":88}},"131":{"start":{"line":358,"column":14},"end":{"line":366,"column":5}},"132":{"start":{"line":368,"column":2},"end":{"line":386,"column":3}},"133":{"start":{"line":369,"column":21},"end":{"line":373,"column":6}},"134":{"start":{"line":375,"column":4},"end":{"line":375,"column":59}},"135":{"start":{"line":377,"column":4},"end":{"line":377,"column":25}},"136":{"start":{"line":379,"column":4},"end":{"line":379,"column":48}},"137":{"start":{"line":381,"column":4},"end":{"line":385,"column":6}},"138":{"start":{"line":389,"column":33},"end":{"line":445,"column":1}},"139":{"start":{"line":390,"column":2},"end":{"line":444,"column":3}},"140":{"start":{"line":391,"column":4},"end":{"line":396,"column":7}},"141":{"start":{"line":398,"column":18},"end":{"line":398,"column":36}},"142":{"start":{"line":399,"column":4},"end":{"line":402,"column":5}},"143":{"start":{"line":400,"column":6},"end":{"line":400,"column":43}},"144":{"start":{"line":401,"column":6},"end":{"line":401,"column":50}},"145":{"start":{"line":410,"column":8},"end":{"line":410,"column":21}},"146":{"start":{"line":412,"column":22},"end":{"line":412,"column":30}},"147":{"start":{"line":414,"column":4},"end":{"line":419,"column":5}},"148":{"start":{"line":415,"column":6},"end":{"line":418,"column":9}},"149":{"start":{"line":421,"column":24},"end":{"line":421,"column":64}},"150":{"start":{"line":422,"column":4},"end":{"line":427,"column":7}},"151":{"start":{"line":429,"column":4},"end":{"line":432,"column":7}},"152":{"start":{"line":434,"column":4},"end":{"line":437,"column":7}},"153":{"start":{"line":439,"column":4},"end":{"line":439,"column":54}},"154":{"start":{"line":440,"column":4},"end":{"line":443,"column":7}},"155":{"start":{"line":447,"column":35},"end":{"line":495,"column":1}},"156":{"start":{"line":448,"column":2},"end":{"line":494,"column":3}},"157":{"start":{"line":449,"column":4},"end":{"line":454,"column":7}},"158":{"start":{"line":456,"column":18},"end":{"line":456,"column":36}},"159":{"start":{"line":457,"column":4},"end":{"line":460,"column":5}},"160":{"start":{"line":458,"column":6},"end":{"line":458,"column":43}},"161":{"start":{"line":459,"column":6},"end":{"line":459,"column":50}},"162":{"start":{"line":462,"column":28},"end":{"line":462,"column":36}},"163":{"start":{"line":463,"column":53},"end":{"line":463,"column":57}},"164":{"start":{"line":464,"column":4},"end":{"line":469,"column":5}},"165":{"start":{"line":465,"column":6},"end":{"line":468,"column":9}},"166":{"start":{"line":471,"column":34},"end":{"line":471,"column":49}},"167":{"start":{"line":473,"column":26},"end":{"line":477,"column":5}},"168":{"start":{"line":479,"column":24},"end":{"line":479,"column":58}},"169":{"start":{"line":480,"column":4},"end":{"line":486,"column":5}},"170":{"start":{"line":481,"column":6},"end":{"line":481,"column":55}},"171":{"start":{"line":482,"column":6},"end":{"line":485,"column":9}},"172":{"start":{"line":488,"column":4},"end":{"line":488,"column":64}},"173":{"start":{"line":490,"column":4},"end":{"line":490,"column":63}},"174":{"start":{"line":492,"column":4},"end":{"line":492,"column":52}},"175":{"start":{"line":493,"column":4},"end":{"line":493,"column":57}}},"fnMap":{"0":{"name":"(anonymous_0)","decl":{"start":{"line":13,"column":38},"end":{"line":13,"column":39}},"loc":{"start":{"line":13,"column":83},"end":{"line":50,"column":1}},"line":13},"1":{"name":"(anonymous_1)","decl":{"start":{"line":52,"column":36},"end":{"line":52,"column":37}},"loc":{"start":{"line":52,"column":81},"end":{"line":95,"column":1}},"line":52},"2":{"name":"(anonymous_2)","decl":{"start":{"line":97,"column":35},"end":{"line":97,"column":36}},"loc":{"start":{"line":97,"column":80},"end":{"line":135,"column":1}},"line":97},"3":{"name":"(anonymous_3)","decl":{"start":{"line":137,"column":32},"end":{"line":137,"column":33}},"loc":{"start":{"line":137,"column":77},"end":{"line":155,"column":1}},"line":137},"4":{"name":"(anonymous_4)","decl":{"start":{"line":157,"column":33},"end":{"line":157,"column":34}},"loc":{"start":{"line":157,"column":78},"end":{"line":177,"column":1}},"line":157},"5":{"name":"(anonymous_5)","decl":{"start":{"line":179,"column":31},"end":{"line":179,"column":32}},"loc":{"start":{"line":179,"column":76},"end":{"line":198,"column":1}},"line":179},"6":{"name":"(anonymous_6)","decl":{"start":{"line":200,"column":33},"end":{"line":200,"column":34}},"loc":{"start":{"line":200,"column":78},"end":{"line":251,"column":1}},"line":200},"7":{"name":"(anonymous_7)","decl":{"start":{"line":253,"column":35},"end":{"line":253,"column":36}},"loc":{"start":{"line":253,"column":55},"end":{"line":276,"column":1}},"line":253},"8":{"name":"(anonymous_8)","decl":{"start":{"line":278,"column":30},"end":{"line":278,"column":31}},"loc":{"start":{"line":278,"column":75},"end":{"line":310,"column":1}},"line":278},"9":{"name":"(anonymous_9)","decl":{"start":{"line":312,"column":27},"end":{"line":312,"column":28}},"loc":{"start":{"line":312,"column":72},"end":{"line":342,"column":1}},"line":312},"10":{"name":"(anonymous_10)","decl":{"start":{"line":344,"column":31},"end":{"line":344,"column":32}},"loc":{"start":{"line":344,"column":56},"end":{"line":387,"column":1}},"line":344},"11":{"name":"(anonymous_11)","decl":{"start":{"line":389,"column":33},"end":{"line":389,"column":34}},"loc":{"start":{"line":389,"column":53},"end":{"line":445,"column":1}},"line":389},"12":{"name":"(anonymous_12)","decl":{"start":{"line":447,"column":35},"end":{"line":447,"column":36}},"loc":{"start":{"line":447,"column":55},"end":{"line":495,"column":1}},"line":447}},"branchMap":{"0":{"loc":{"start":{"line":13,"column":60},"end":{"line":13,"column":78}},"type":"default-arg","locations":[{"start":{"line":13,"column":69},"end":{"line":13,"column":78}}],"line":13},"1":{"loc":{"start":{"line":15,"column":4},"end":{"line":17,"column":5}},"type":"if","locations":[{"start":{"line":15,"column":4},"end":{"line":17,"column":5}},{"start":{},"end":{}}],"line":15},"2":{"loc":{"start":{"line":52,"column":58},"end":{"line":52,"column":76}},"type":"default-arg","locations":[{"start":{"line":52,"column":67},"end":{"line":52,"column":76}}],"line":52},"3":{"loc":{"start":{"line":54,"column":4},"end":{"line":56,"column":5}},"type":"if","locations":[{"start":{"line":54,"column":4},"end":{"line":56,"column":5}},{"start":{},"end":{}}],"line":54},"4":{"loc":{"start":{"line":66,"column":4},"end":{"line":83,"column":5}},"type":"if","locations":[{"start":{"line":66,"column":4},"end":{"line":83,"column":5}},{"start":{"line":71,"column":11},"end":{"line":83,"column":5}}],"line":66},"5":{"loc":{"start":{"line":71,"column":11},"end":{"line":83,"column":5}},"type":"if","locations":[{"start":{"line":71,"column":11},"end":{"line":83,"column":5}},{"start":{"line":77,"column":11},"end":{"line":83,"column":5}}],"line":71},"6":{"loc":{"start":{"line":97,"column":57},"end":{"line":97,"column":75}},"type":"default-arg","locations":[{"start":{"line":97,"column":66},"end":{"line":97,"column":75}}],"line":97},"7":{"loc":{"start":{"line":98,"column":2},"end":{"line":100,"column":3}},"type":"if","locations":[{"start":{"line":98,"column":2},"end":{"line":100,"column":3}},{"start":{},"end":{}}],"line":98},"8":{"loc":{"start":{"line":137,"column":54},"end":{"line":137,"column":72}},"type":"default-arg","locations":[{"start":{"line":137,"column":63},"end":{"line":137,"column":72}}],"line":137},"9":{"loc":{"start":{"line":138,"column":2},"end":{"line":140,"column":3}},"type":"if","locations":[{"start":{"line":138,"column":2},"end":{"line":140,"column":3}},{"start":{},"end":{}}],"line":138},"10":{"loc":{"start":{"line":157,"column":55},"end":{"line":157,"column":73}},"type":"default-arg","locations":[{"start":{"line":157,"column":64},"end":{"line":157,"column":73}}],"line":157},"11":{"loc":{"start":{"line":158,"column":2},"end":{"line":161,"column":3}},"type":"if","locations":[{"start":{"line":158,"column":2},"end":{"line":161,"column":3}},{"start":{},"end":{}}],"line":158},"12":{"loc":{"start":{"line":179,"column":53},"end":{"line":179,"column":71}},"type":"default-arg","locations":[{"start":{"line":179,"column":62},"end":{"line":179,"column":71}}],"line":179},"13":{"loc":{"start":{"line":182,"column":2},"end":{"line":185,"column":3}},"type":"if","locations":[{"start":{"line":182,"column":2},"end":{"line":185,"column":3}},{"start":{},"end":{}}],"line":182},"14":{"loc":{"start":{"line":200,"column":55},"end":{"line":200,"column":73}},"type":"default-arg","locations":[{"start":{"line":200,"column":64},"end":{"line":200,"column":73}}],"line":200},"15":{"loc":{"start":{"line":201,"column":2},"end":{"line":204,"column":3}},"type":"if","locations":[{"start":{"line":201,"column":2},"end":{"line":204,"column":3}},{"start":{},"end":{}}],"line":201},"16":{"loc":{"start":{"line":212,"column":4},"end":{"line":212,"column":29}},"type":"default-arg","locations":[{"start":{"line":212,"column":18},"end":{"line":212,"column":29}}],"line":212},"17":{"loc":{"start":{"line":265,"column":2},"end":{"line":273,"column":3}},"type":"switch","locations":[{"start":{"line":266,"column":4},"end":{"line":266,"column":41}},{"start":{"line":267,"column":4},"end":{"line":269,"column":12}},{"start":{"line":270,"column":4},"end":{"line":272,"column":56}}],"line":265},"18":{"loc":{"start":{"line":278,"column":52},"end":{"line":278,"column":70}},"type":"default-arg","locations":[{"start":{"line":278,"column":61},"end":{"line":278,"column":70}}],"line":278},"19":{"loc":{"start":{"line":280,"column":2},"end":{"line":283,"column":3}},"type":"if","locations":[{"start":{"line":280,"column":2},"end":{"line":283,"column":3}},{"start":{},"end":{}}],"line":280},"20":{"loc":{"start":{"line":312,"column":49},"end":{"line":312,"column":67}},"type":"default-arg","locations":[{"start":{"line":312,"column":58},"end":{"line":312,"column":67}}],"line":312},"21":{"loc":{"start":{"line":314,"column":2},"end":{"line":316,"column":3}},"type":"if","locations":[{"start":{"line":314,"column":2},"end":{"line":316,"column":3}},{"start":{},"end":{}}],"line":314},"22":{"loc":{"start":{"line":347,"column":2},"end":{"line":349,"column":3}},"type":"if","locations":[{"start":{"line":347,"column":2},"end":{"line":349,"column":3}},{"start":{},"end":{}}],"line":347},"23":{"loc":{"start":{"line":354,"column":2},"end":{"line":356,"column":3}},"type":"if","locations":[{"start":{"line":354,"column":2},"end":{"line":356,"column":3}},{"start":{},"end":{}}],"line":354},"24":{"loc":{"start":{"line":399,"column":4},"end":{"line":402,"column":5}},"type":"if","locations":[{"start":{"line":399,"column":4},"end":{"line":402,"column":5}},{"start":{},"end":{}}],"line":399},"25":{"loc":{"start":{"line":399,"column":8},"end":{"line":399,"column":45}},"type":"binary-expr","locations":[{"start":{"line":399,"column":8},"end":{"line":399,"column":14}},{"start":{"line":399,"column":18},"end":{"line":399,"column":45}}],"line":399},"26":{"loc":{"start":{"line":414,"column":4},"end":{"line":419,"column":5}},"type":"if","locations":[{"start":{"line":414,"column":4},"end":{"line":419,"column":5}},{"start":{},"end":{}}],"line":414},"27":{"loc":{"start":{"line":414,"column":8},"end":{"line":414,"column":56}},"type":"binary-expr","locations":[{"start":{"line":414,"column":8},"end":{"line":414,"column":18}},{"start":{"line":414,"column":22},"end":{"line":414,"column":32}},{"start":{"line":414,"column":36},"end":{"line":414,"column":56}}],"line":414},"28":{"loc":{"start":{"line":457,"column":4},"end":{"line":460,"column":5}},"type":"if","locations":[{"start":{"line":457,"column":4},"end":{"line":460,"column":5}},{"start":{},"end":{}}],"line":457},"29":{"loc":{"start":{"line":457,"column":8},"end":{"line":457,"column":45}},"type":"binary-expr","locations":[{"start":{"line":457,"column":8},"end":{"line":457,"column":14}},{"start":{"line":457,"column":18},"end":{"line":457,"column":45}}],"line":457},"30":{"loc":{"start":{"line":464,"column":4},"end":{"line":469,"column":5}},"type":"if","locations":[{"start":{"line":464,"column":4},"end":{"line":469,"column":5}},{"start":{},"end":{}}],"line":464},"31":{"loc":{"start":{"line":464,"column":8},"end":{"line":464,"column":38}},"type":"binary-expr","locations":[{"start":{"line":464,"column":8},"end":{"line":464,"column":18}},{"start":{"line":464,"column":22},"end":{"line":464,"column":38}}],"line":464},"32":{"loc":{"start":{"line":479,"column":38},"end":{"line":479,"column":57}},"type":"binary-expr","locations":[{"start":{"line":479,"column":38},"end":{"line":479,"column":47}},{"start":{"line":479,"column":51},"end":{"line":479,"column":57}}],"line":479},"33":{"loc":{"start":{"line":480,"column":4},"end":{"line":486,"column":5}},"type":"if","locations":[{"start":{"line":480,"column":4},"end":{"line":486,"column":5}},{"start":{},"end":{}}],"line":480}},"s":{"0":1,"1":1,"2":1,"3":4,"4":4,"5":1,"6":3,"7":3,"8":2,"9":1,"10":1,"11":1,"12":3,"13":3,"14":1,"15":5,"16":5,"17":1,"18":4,"19":4,"20":3,"21":3,"22":1,"23":2,"24":1,"25":1,"26":2,"27":2,"28":1,"29":3,"30":1,"31":2,"32":2,"33":2,"34":2,"35":1,"36":1,"37":1,"38":1,"39":1,"40":1,"41":1,"42":1,"43":1,"44":3,"45":1,"46":2,"47":2,"48":2,"49":2,"50":1,"51":1,"52":1,"53":1,"54":3,"55":1,"56":1,"57":2,"58":2,"59":2,"60":2,"61":1,"62":1,"63":1,"64":1,"65":4,"66":4,"67":2,"68":2,"69":2,"70":2,"71":2,"72":2,"73":1,"74":1,"75":1,"76":1,"77":2,"78":0,"79":0,"80":2,"81":2,"82":2,"83":2,"84":1,"85":1,"86":1,"87":1,"88":1,"89":0,"90":0,"91":0,"92":0,"93":0,"94":0,"95":0,"96":0,"97":0,"98":0,"99":0,"100":1,"101":0,"102":0,"103":0,"104":0,"105":0,"106":0,"107":0,"108":0,"109":0,"110":0,"111":0,"112":1,"113":0,"114":0,"115":0,"116":0,"117":0,"118":0,"119":0,"120":0,"121":0,"122":0,"123":1,"124":0,"125":0,"126":0,"127":0,"128":0,"129":0,"130":0,"131":0,"132":0,"133":0,"134":0,"135":0,"136":0,"137":0,"138":1,"139":0,"140":0,"141":0,"142":0,"143":0,"144":0,"145":0,"146":0,"147":0,"148":0,"149":0,"150":0,"151":0,"152":0,"153":0,"154":0,"155":1,"156":0,"157":0,"158":0,"159":0,"160":0,"161":0,"162":0,"163":0,"164":0,"165":0,"166":0,"167":0,"168":0,"169":0,"170":0,"171":0,"172":0,"173":0,"174":0,"175":0},"f":{"0":4,"1":5,"2":3,"3":3,"4":3,"5":4,"6":2,"7":0,"8":0,"9":0,"10":0,"11":0,"12":0},"b":{"0":[0],"1":[1,3],"2":[0],"3":[1,4],"4":[1,2],"5":[1,1],"6":[0],"7":[1,2],"8":[0],"9":[1,2],"10":[0],"11":[1,2],"12":[0],"13":[2,2],"14":[0],"15":[0,2],"16":[2],"17":[0,0,0],"18":[0],"19":[0,0],"20":[0],"21":[0,0],"22":[0,0],"23":[0,0],"24":[0,0],"25":[0,0],"26":[0,0],"27":[0,0,0],"28":[0,0],"29":[0,0],"30":[0,0],"31":[0,0],"32":[0,0],"33":[0,0]},"_coverageSchema":"1a1c01bbd47fc00a2c39e90264f33305004495a9","hash":"8bd84a22719c4c91eb774cc4700e5e4178564007"}
,"/Users/philipleesha/Documents/Projects/littleswaps-firebase/functions/src/products/connectToPostgres.js": {"path":"/Users/philipleesha/Documents/Projects/littleswaps-firebase/functions/src/products/connectToPostgres.js","statementMap":{"0":{"start":{"line":2,"column":18},"end":{"line":2,"column":22}},"1":{"start":{"line":4,"column":33},"end":{"line":14,"column":1}},"2":{"start":{"line":5,"column":19},"end":{"line":11,"column":3}},"3":{"start":{"line":13,"column":2},"end":{"line":13,"column":29}}},"fnMap":{"0":{"name":"(anonymous_0)","decl":{"start":{"line":4,"column":33},"end":{"line":4,"column":34}},"loc":{"start":{"line":4,"column":39},"end":{"line":14,"column":1}},"line":4}},"branchMap":{},"s":{"0":1,"1":1,"2":1,"3":1},"f":{"0":1},"b":{},"_coverageSchema":"1a1c01bbd47fc00a2c39e90264f33305004495a9","hash":"390346c2999e149b6191913599c6e3d6d9935e5c"}
,"/Users/philipleesha/Documents/Projects/littleswaps-firebase/functions/src/products/constants.js": {"path":"/Users/philipleesha/Documents/Projects/littleswaps-firebase/functions/src/products/constants.js","statementMap":{"0":{"start":{"line":1,"column":27},"end":{"line":25,"column":1}},"1":{"start":{"line":27,"column":27},"end":{"line":51,"column":1}},"2":{"start":{"line":53,"column":27},"end":{"line":53,"column":72}},"3":{"start":{"line":55,"column":27},"end":{"line":96,"column":1}},"4":{"start":{"line":61,"column":6},"end":{"line":96,"column":1}}},"fnMap":{"0":{"name":"(anonymous_0)","decl":{"start":{"line":55,"column":27},"end":{"line":55,"column":28}},"loc":{"start":{"line":61,"column":6},"end":{"line":96,"column":1}},"line":61}},"branchMap":{"0":{"loc":{"start":{"line":84,"column":33},"end":{"line":84,"column":55}},"type":"cond-expr","locations":[{"start":{"line":84,"column":45},"end":{"line":84,"column":48}},{"start":{"line":84,"column":51},"end":{"line":84,"column":55}}],"line":84},"1":{"loc":{"start":{"line":94,"column":6},"end":{"line":94,"column":41}},"type":"cond-expr","locations":[{"start":{"line":94,"column":22},"end":{"line":94,"column":36}},{"start":{"line":94,"column":39},"end":{"line":94,"column":41}}],"line":94}},"s":{"0":1,"1":1,"2":1,"3":1,"4":4},"f":{"0":4},"b":{"0":[3,1],"1":[0,4]},"_coverageSchema":"1a1c01bbd47fc00a2c39e90264f33305004495a9","hash":"a7b98eea91e2925ca0afc225c330d7fa43d6a6df"}
,"/Users/philipleesha/Documents/Projects/littleswaps-firebase/functions/src/products/index.js": {"path":"/Users/philipleesha/Documents/Projects/littleswaps-firebase/functions/src/products/index.js","statementMap":{"0":{"start":{"line":14,"column":26},"end":{"line":14,"column":37}},"1":{"start":{"line":16,"column":26},"end":{"line":48,"column":1}},"2":{"start":{"line":17,"column":24},"end":{"line":17,"column":26}},"3":{"start":{"line":18,"column":59},"end":{"line":18,"column":66}},"4":{"start":{"line":20,"column":26},"end":{"line":26,"column":3}},"5":{"start":{"line":21,"column":4},"end":{"line":25,"column":7}},"6":{"start":{"line":28,"column":2},"end":{"line":39,"column":3}},"7":{"start":{"line":30,"column":6},"end":{"line":30,"column":38}},"8":{"start":{"line":31,"column":6},"end":{"line":31,"column":38}},"9":{"start":{"line":32,"column":6},"end":{"line":32,"column":12}},"10":{"start":{"line":35,"column":6},"end":{"line":35,"column":38}},"11":{"start":{"line":36,"column":6},"end":{"line":36,"column":38}},"12":{"start":{"line":37,"column":6},"end":{"line":37,"column":52}},"13":{"start":{"line":38,"column":6},"end":{"line":38,"column":12}},"14":{"start":{"line":41,"column":2},"end":{"line":47,"column":5}},"15":{"start":{"line":42,"column":4},"end":{"line":46,"column":7}},"16":{"start":{"line":51,"column":29},"end":{"line":101,"column":1}},"17":{"start":{"line":53,"column":2},"end":{"line":100,"column":3}},"18":{"start":{"line":54,"column":22},"end":{"line":54,"column":44}},"19":{"start":{"line":55,"column":23},"end":{"line":59,"column":12}},"20":{"start":{"line":60,"column":17},"end":{"line":60,"column":34}},"21":{"start":{"line":62,"column":4},"end":{"line":67,"column":7}},"22":{"start":{"line":69,"column":4},"end":{"line":69,"column":29}},"23":{"start":{"line":71,"column":4},"end":{"line":92,"column":6}},"24":{"start":{"line":94,"column":4},"end":{"line":97,"column":5}},"25":{"start":{"line":99,"column":4},"end":{"line":99,"column":25}},"26":{"start":{"line":103,"column":29},"end":{"line":161,"column":1}},"27":{"start":{"line":106,"column":2},"end":{"line":160,"column":3}},"28":{"start":{"line":107,"column":23},"end":{"line":107,"column":47}},"29":{"start":{"line":108,"column":22},"end":{"line":108,"column":45}},"30":{"start":{"line":109,"column":4},"end":{"line":109,"column":41}},"31":{"start":{"line":110,"column":4},"end":{"line":110,"column":39}},"32":{"start":{"line":112,"column":22},"end":{"line":112,"column":44}},"33":{"start":{"line":113,"column":23},"end":{"line":117,"column":12}},"34":{"start":{"line":118,"column":17},"end":{"line":118,"column":34}},"35":{"start":{"line":120,"column":4},"end":{"line":124,"column":7}},"36":{"start":{"line":126,"column":4},"end":{"line":128,"column":5}},"37":{"start":{"line":127,"column":6},"end":{"line":127,"column":30}},"38":{"start":{"line":130,"column":4},"end":{"line":130,"column":29}},"39":{"start":{"line":132,"column":4},"end":{"line":155,"column":8}},"40":{"start":{"line":157,"column":4},"end":{"line":157,"column":66}},"41":{"start":{"line":159,"column":4},"end":{"line":159,"column":25}},"42":{"start":{"line":163,"column":29},"end":{"line":184,"column":1}},"43":{"start":{"line":167,"column":20},"end":{"line":167,"column":42}},"44":{"start":{"line":169,"column":2},"end":{"line":181,"column":3}},"45":{"start":{"line":170,"column":4},"end":{"line":170,"column":29}},"46":{"start":{"line":171,"column":4},"end":{"line":171,"column":44}},"47":{"start":{"line":173,"column":4},"end":{"line":173,"column":72}},"48":{"start":{"line":175,"column":4},"end":{"line":178,"column":6}},"49":{"start":{"line":180,"column":4},"end":{"line":180,"column":25}},"50":{"start":{"line":183,"column":2},"end":{"line":183,"column":14}},"51":{"start":{"line":186,"column":30},"end":{"line":256,"column":1}},"52":{"start":{"line":188,"column":2},"end":{"line":255,"column":3}},"53":{"start":{"line":189,"column":4},"end":{"line":191,"column":5}},"54":{"start":{"line":190,"column":6},"end":{"line":190,"column":79}},"55":{"start":{"line":193,"column":4},"end":{"line":193,"column":29}},"56":{"start":{"line":214,"column":8},"end":{"line":214,"column":12}},"57":{"start":{"line":217,"column":27},"end":{"line":217,"column":59}},"58":{"start":{"line":219,"column":20},"end":{"line":243,"column":5}},"59":{"start":{"line":245,"column":4},"end":{"line":248,"column":6}},"60":{"start":{"line":250,"column":4},"end":{"line":250,"column":43}},"61":{"start":{"line":251,"column":4},"end":{"line":251,"column":79}},"62":{"start":{"line":252,"column":4},"end":{"line":252,"column":68}},"63":{"start":{"line":254,"column":4},"end":{"line":254,"column":25}},"64":{"start":{"line":258,"column":23},"end":{"line":285,"column":1}},"65":{"start":{"line":259,"column":2},"end":{"line":284,"column":3}},"66":{"start":{"line":260,"column":4},"end":{"line":262,"column":5}},"67":{"start":{"line":261,"column":6},"end":{"line":261,"column":79}},"68":{"start":{"line":264,"column":34},"end":{"line":264,"column":38}},"69":{"start":{"line":266,"column":4},"end":{"line":272,"column":9}},"70":{"start":{"line":274,"column":4},"end":{"line":280,"column":9}},"71":{"start":{"line":283,"column":4},"end":{"line":283,"column":49}}},"fnMap":{"0":{"name":"(anonymous_0)","decl":{"start":{"line":16,"column":26},"end":{"line":16,"column":27}},"loc":{"start":{"line":16,"column":39},"end":{"line":48,"column":1}},"line":16},"1":{"name":"(anonymous_1)","decl":{"start":{"line":20,"column":26},"end":{"line":20,"column":27}},"loc":{"start":{"line":20,"column":46},"end":{"line":26,"column":3}},"line":20},"2":{"name":"(anonymous_2)","decl":{"start":{"line":41,"column":24},"end":{"line":41,"column":25}},"loc":{"start":{"line":41,"column":52},"end":{"line":47,"column":3}},"line":41},"3":{"name":"(anonymous_3)","decl":{"start":{"line":51,"column":29},"end":{"line":51,"column":30}},"loc":{"start":{"line":51,"column":46},"end":{"line":101,"column":1}},"line":51},"4":{"name":"(anonymous_4)","decl":{"start":{"line":103,"column":29},"end":{"line":103,"column":30}},"loc":{"start":{"line":103,"column":46},"end":{"line":161,"column":1}},"line":103},"5":{"name":"(anonymous_5)","decl":{"start":{"line":163,"column":29},"end":{"line":163,"column":30}},"loc":{"start":{"line":163,"column":46},"end":{"line":184,"column":1}},"line":163},"6":{"name":"(anonymous_6)","decl":{"start":{"line":186,"column":30},"end":{"line":186,"column":31}},"loc":{"start":{"line":186,"column":55},"end":{"line":256,"column":1}},"line":186},"7":{"name":"(anonymous_7)","decl":{"start":{"line":258,"column":23},"end":{"line":258,"column":24}},"loc":{"start":{"line":258,"column":48},"end":{"line":285,"column":1}},"line":258}},"branchMap":{"0":{"loc":{"start":{"line":28,"column":2},"end":{"line":39,"column":3}},"type":"switch","locations":[{"start":{"line":29,"column":4},"end":{"line":32,"column":12}},{"start":{"line":34,"column":4},"end":{"line":38,"column":12}}],"line":28},"1":{"loc":{"start":{"line":79,"column":6},"end":{"line":79,"column":27}},"type":"binary-expr","locations":[{"start":{"line":79,"column":6},"end":{"line":79,"column":19}},{"start":{"line":79,"column":23},"end":{"line":79,"column":27}}],"line":79},"2":{"loc":{"start":{"line":83,"column":6},"end":{"line":83,"column":30}},"type":"binary-expr","locations":[{"start":{"line":83,"column":6},"end":{"line":83,"column":22}},{"start":{"line":83,"column":26},"end":{"line":83,"column":30}}],"line":83},"3":{"loc":{"start":{"line":84,"column":6},"end":{"line":84,"column":23}},"type":"binary-expr","locations":[{"start":{"line":84,"column":6},"end":{"line":84,"column":15}},{"start":{"line":84,"column":19},"end":{"line":84,"column":23}}],"line":84},"4":{"loc":{"start":{"line":86,"column":6},"end":{"line":86,"column":25}},"type":"binary-expr","locations":[{"start":{"line":86,"column":6},"end":{"line":86,"column":17}},{"start":{"line":86,"column":21},"end":{"line":86,"column":25}}],"line":86},"5":{"loc":{"start":{"line":88,"column":6},"end":{"line":88,"column":21}},"type":"binary-expr","locations":[{"start":{"line":88,"column":6},"end":{"line":88,"column":16}},{"start":{"line":88,"column":20},"end":{"line":88,"column":21}}],"line":88},"6":{"loc":{"start":{"line":90,"column":6},"end":{"line":90,"column":36}},"type":"binary-expr","locations":[{"start":{"line":90,"column":6},"end":{"line":90,"column":28}},{"start":{"line":90,"column":32},"end":{"line":90,"column":36}}],"line":90},"7":{"loc":{"start":{"line":91,"column":6},"end":{"line":91,"column":28}},"type":"binary-expr","locations":[{"start":{"line":91,"column":6},"end":{"line":91,"column":20}},{"start":{"line":91,"column":24},"end":{"line":91,"column":28}}],"line":91},"8":{"loc":{"start":{"line":99,"column":4},"end":{"line":99,"column":24}},"type":"binary-expr","locations":[{"start":{"line":99,"column":4},"end":{"line":99,"column":6}},{"start":{"line":99,"column":10},"end":{"line":99,"column":24}}],"line":99},"9":{"loc":{"start":{"line":123,"column":22},"end":{"line":123,"column":72}},"type":"binary-expr","locations":[{"start":{"line":123,"column":22},"end":{"line":123,"column":46}},{"start":{"line":123,"column":50},"end":{"line":123,"column":72}}],"line":123},"10":{"loc":{"start":{"line":126,"column":4},"end":{"line":128,"column":5}},"type":"if","locations":[{"start":{"line":126,"column":4},"end":{"line":128,"column":5}},{"start":{},"end":{}}],"line":126},"11":{"loc":{"start":{"line":126,"column":8},"end":{"line":126,"column":112}},"type":"binary-expr","locations":[{"start":{"line":126,"column":8},"end":{"line":126,"column":54}},{"start":{"line":126,"column":58},"end":{"line":126,"column":112}}],"line":126},"12":{"loc":{"start":{"line":152,"column":8},"end":{"line":152,"column":91}},"type":"cond-expr","locations":[{"start":{"line":152,"column":28},"end":{"line":152,"column":84}},{"start":{"line":152,"column":87},"end":{"line":152,"column":91}}],"line":152},"13":{"loc":{"start":{"line":159,"column":4},"end":{"line":159,"column":24}},"type":"binary-expr","locations":[{"start":{"line":159,"column":4},"end":{"line":159,"column":6}},{"start":{"line":159,"column":10},"end":{"line":159,"column":24}}],"line":159},"14":{"loc":{"start":{"line":180,"column":4},"end":{"line":180,"column":24}},"type":"binary-expr","locations":[{"start":{"line":180,"column":4},"end":{"line":180,"column":6}},{"start":{"line":180,"column":10},"end":{"line":180,"column":24}}],"line":180},"15":{"loc":{"start":{"line":189,"column":4},"end":{"line":191,"column":5}},"type":"if","locations":[{"start":{"line":189,"column":4},"end":{"line":191,"column":5}},{"start":{},"end":{}}],"line":189},"16":{"loc":{"start":{"line":195,"column":6},"end":{"line":195,"column":23}},"type":"default-arg","locations":[{"start":{"line":195,"column":19},"end":{"line":195,"column":23}}],"line":195},"17":{"loc":{"start":{"line":196,"column":6},"end":{"line":196,"column":31}},"type":"default-arg","locations":[{"start":{"line":196,"column":27},"end":{"line":196,"column":31}}],"line":196},"18":{"loc":{"start":{"line":197,"column":6},"end":{"line":197,"column":30}},"type":"default-arg","locations":[{"start":{"line":197,"column":26},"end":{"line":197,"column":30}}],"line":197},"19":{"loc":{"start":{"line":198,"column":6},"end":{"line":198,"column":24}},"type":"default-arg","locations":[{"start":{"line":198,"column":20},"end":{"line":198,"column":24}}],"line":198},"20":{"loc":{"start":{"line":199,"column":6},"end":{"line":199,"column":24}},"type":"default-arg","locations":[{"start":{"line":199,"column":20},"end":{"line":199,"column":24}}],"line":199},"21":{"loc":{"start":{"line":200,"column":6},"end":{"line":200,"column":23}},"type":"default-arg","locations":[{"start":{"line":200,"column":19},"end":{"line":200,"column":23}}],"line":200},"22":{"loc":{"start":{"line":201,"column":6},"end":{"line":201,"column":27}},"type":"default-arg","locations":[{"start":{"line":201,"column":23},"end":{"line":201,"column":27}}],"line":201},"23":{"loc":{"start":{"line":202,"column":6},"end":{"line":202,"column":27}},"type":"default-arg","locations":[{"start":{"line":202,"column":23},"end":{"line":202,"column":27}}],"line":202},"24":{"loc":{"start":{"line":205,"column":6},"end":{"line":205,"column":19}},"type":"default-arg","locations":[{"start":{"line":205,"column":15},"end":{"line":205,"column":19}}],"line":205},"25":{"loc":{"start":{"line":206,"column":6},"end":{"line":206,"column":23}},"type":"default-arg","locations":[{"start":{"line":206,"column":18},"end":{"line":206,"column":23}}],"line":206},"26":{"loc":{"start":{"line":207,"column":6},"end":{"line":207,"column":27}},"type":"default-arg","locations":[{"start":{"line":207,"column":22},"end":{"line":207,"column":27}}],"line":207},"27":{"loc":{"start":{"line":208,"column":6},"end":{"line":208,"column":22}},"type":"default-arg","locations":[{"start":{"line":208,"column":18},"end":{"line":208,"column":22}}],"line":208},"28":{"loc":{"start":{"line":209,"column":6},"end":{"line":209,"column":21}},"type":"default-arg","locations":[{"start":{"line":209,"column":17},"end":{"line":209,"column":21}}],"line":209},"29":{"loc":{"start":{"line":210,"column":6},"end":{"line":210,"column":19}},"type":"default-arg","locations":[{"start":{"line":210,"column":15},"end":{"line":210,"column":19}}],"line":210},"30":{"loc":{"start":{"line":211,"column":6},"end":{"line":211,"column":24}},"type":"default-arg","locations":[{"start":{"line":211,"column":15},"end":{"line":211,"column":24}}],"line":211},"31":{"loc":{"start":{"line":212,"column":6},"end":{"line":212,"column":28}},"type":"default-arg","locations":[{"start":{"line":212,"column":22},"end":{"line":212,"column":28}}],"line":212},"32":{"loc":{"start":{"line":213,"column":6},"end":{"line":213,"column":16}},"type":"default-arg","locations":[{"start":{"line":213,"column":15},"end":{"line":213,"column":16}}],"line":213},"33":{"loc":{"start":{"line":217,"column":27},"end":{"line":217,"column":59}},"type":"cond-expr","locations":[{"start":{"line":217,"column":36},"end":{"line":217,"column":52}},{"start":{"line":217,"column":55},"end":{"line":217,"column":59}}],"line":217},"34":{"loc":{"start":{"line":228,"column":8},"end":{"line":228,"column":45}},"type":"cond-expr","locations":[{"start":{"line":228,"column":21},"end":{"line":228,"column":38}},{"start":{"line":228,"column":41},"end":{"line":228,"column":45}}],"line":228},"35":{"loc":{"start":{"line":247,"column":18},"end":{"line":247,"column":65}},"type":"cond-expr","locations":[{"start":{"line":247,"column":39},"end":{"line":247,"column":61}},{"start":{"line":247,"column":64},"end":{"line":247,"column":65}}],"line":247},"36":{"loc":{"start":{"line":254,"column":4},"end":{"line":254,"column":24}},"type":"binary-expr","locations":[{"start":{"line":254,"column":4},"end":{"line":254,"column":6}},{"start":{"line":254,"column":10},"end":{"line":254,"column":24}}],"line":254},"37":{"loc":{"start":{"line":260,"column":4},"end":{"line":262,"column":5}},"type":"if","locations":[{"start":{"line":260,"column":4},"end":{"line":262,"column":5}},{"start":{},"end":{}}],"line":260}},"s":{"0":1,"1":1,"2":2,"3":2,"4":2,"5":5,"6":2,"7":1,"8":1,"9":1,"10":1,"11":1,"12":1,"13":1,"14":2,"15":5,"16":1,"17":1,"18":1,"19":1,"20":1,"21":1,"22":1,"23":1,"24":0,"25":1,"26":1,"27":2,"28":2,"29":2,"30":2,"31":2,"32":2,"33":2,"34":2,"35":2,"36":2,"37":2,"38":2,"39":2,"40":0,"41":2,"42":1,"43":1,"44":1,"45":1,"46":1,"47":1,"48":0,"49":1,"50":1,"51":1,"52":4,"53":4,"54":0,"55":4,"56":4,"57":4,"58":4,"59":4,"60":0,"61":0,"62":0,"63":4,"64":1,"65":2,"66":2,"67":0,"68":2,"69":2,"70":1,"71":1},"f":{"0":2,"1":5,"2":5,"3":1,"4":2,"5":1,"6":4,"7":2},"b":{"0":[1,1],"1":[1,0],"2":[1,0],"3":[1,0],"4":[1,0],"5":[1,0],"6":[1,0],"7":[1,1],"8":[1,1],"9":[2,2],"10":[2,0],"11":[2,1],"12":[0,2],"13":[2,2],"14":[1,1],"15":[0,4],"16":[1],"17":[0],"18":[0],"19":[0],"20":[0],"21":[0],"22":[1],"23":[1],"24":[0],"25":[1],"26":[4],"27":[2],"28":[2],"29":[2],"30":[3],"31":[3],"32":[3],"33":[2,2],"34":[3,1],"35":[0,4],"36":[4,4],"37":[0,2]},"_coverageSchema":"1a1c01bbd47fc00a2c39e90264f33305004495a9","hash":"d9f0637661819d751786a64c9067f6cc382bbb35"}
,"/Users/philipleesha/Documents/Projects/littleswaps-firebase/functions/src/products/updateUsersListingCounts.js": {"path":"/Users/philipleesha/Documents/Projects/littleswaps-firebase/functions/src/products/updateUsersListingCounts.js","statementMap":{"0":{"start":{"line":4,"column":40},"end":{"line":50,"column":1}},"1":{"start":{"line":10,"column":2},"end":{"line":49,"column":3}},"2":{"start":{"line":11,"column":22},"end":{"line":23,"column":5}},"3":{"start":{"line":24,"column":4},"end":{"line":24,"column":84}},"4":{"start":{"line":25,"column":20},"end":{"line":25,"column":67}},"5":{"start":{"line":27,"column":4},"end":{"line":31,"column":5}},"6":{"start":{"line":28,"column":6},"end":{"line":28,"column":38}},"7":{"start":{"line":30,"column":6},"end":{"line":30,"column":64}},"8":{"start":{"line":33,"column":23},"end":{"line":33,"column":42}},"9":{"start":{"line":34,"column":4},"end":{"line":44,"column":5}},"10":{"start":{"line":35,"column":19},"end":{"line":35,"column":36}},"11":{"start":{"line":36,"column":21},"end":{"line":40,"column":7}},"12":{"start":{"line":41,"column":6},"end":{"line":41,"column":58}},"13":{"start":{"line":43,"column":6},"end":{"line":43,"column":59}},"14":{"start":{"line":46,"column":4},"end":{"line":46,"column":61}},"15":{"start":{"line":48,"column":4},"end":{"line":48,"column":63}}},"fnMap":{"0":{"name":"(anonymous_0)","decl":{"start":{"line":4,"column":40},"end":{"line":4,"column":41}},"loc":{"start":{"line":9,"column":6},"end":{"line":50,"column":1}},"line":9}},"branchMap":{"0":{"loc":{"start":{"line":5,"column":2},"end":{"line":5,"column":15}},"type":"default-arg","locations":[{"start":{"line":5,"column":10},"end":{"line":5,"column":15}}],"line":5},"1":{"loc":{"start":{"line":6,"column":2},"end":{"line":6,"column":18}},"type":"default-arg","locations":[{"start":{"line":6,"column":13},"end":{"line":6,"column":18}}],"line":6},"2":{"loc":{"start":{"line":7,"column":2},"end":{"line":7,"column":24}},"type":"default-arg","locations":[{"start":{"line":7,"column":19},"end":{"line":7,"column":24}}],"line":7},"3":{"loc":{"start":{"line":8,"column":2},"end":{"line":8,"column":16}},"type":"default-arg","locations":[{"start":{"line":8,"column":11},"end":{"line":8,"column":16}}],"line":8},"4":{"loc":{"start":{"line":12,"column":10},"end":{"line":14,"column":7}},"type":"binary-expr","locations":[{"start":{"line":12,"column":10},"end":{"line":12,"column":15}},{"start":{"line":12,"column":19},"end":{"line":14,"column":7}}],"line":12},"5":{"loc":{"start":{"line":15,"column":10},"end":{"line":17,"column":7}},"type":"binary-expr","locations":[{"start":{"line":15,"column":10},"end":{"line":15,"column":16}},{"start":{"line":15,"column":20},"end":{"line":17,"column":7}}],"line":15},"6":{"loc":{"start":{"line":18,"column":10},"end":{"line":22,"column":7}},"type":"binary-expr","locations":[{"start":{"line":18,"column":10},"end":{"line":18,"column":24}},{"start":{"line":18,"column":28},"end":{"line":22,"column":7}}],"line":18},"7":{"loc":{"start":{"line":20,"column":10},"end":{"line":20,"column":40}},"type":"cond-expr","locations":[{"start":{"line":20,"column":21},"end":{"line":20,"column":22}},{"start":{"line":20,"column":25},"end":{"line":20,"column":40}}],"line":20},"8":{"loc":{"start":{"line":20,"column":25},"end":{"line":20,"column":40}},"type":"cond-expr","locations":[{"start":{"line":20,"column":34},"end":{"line":20,"column":36}},{"start":{"line":20,"column":39},"end":{"line":20,"column":40}}],"line":20},"9":{"loc":{"start":{"line":27,"column":4},"end":{"line":31,"column":5}},"type":"if","locations":[{"start":{"line":27,"column":4},"end":{"line":31,"column":5}},{"start":{"line":29,"column":11},"end":{"line":31,"column":5}}],"line":27},"10":{"loc":{"start":{"line":34,"column":4},"end":{"line":44,"column":5}},"type":"if","locations":[{"start":{"line":34,"column":4},"end":{"line":44,"column":5}},{"start":{"line":42,"column":11},"end":{"line":44,"column":5}}],"line":34}},"s":{"0":1,"1":7,"2":7,"3":7,"4":7,"5":7,"6":6,"7":1,"8":6,"9":6,"10":0,"11":0,"12":0,"13":1,"14":1,"15":6},"f":{"0":7},"b":{"0":[4],"1":[5],"2":[5],"3":[6],"4":[7,3],"5":[7,1],"6":[7,2],"7":[1,1],"8":[1,0],"9":[6,1],"10":[0,1]},"_coverageSchema":"1a1c01bbd47fc00a2c39e90264f33305004495a9","hash":"9285fa0c82e71e4219f9a8eecb6460d9ffc0eedd"}
,"/Users/philipleesha/Documents/Projects/littleswaps-firebase/functions/src/users/addReviewSnippet.js": {"path":"/Users/philipleesha/Documents/Projects/littleswaps-firebase/functions/src/users/addReviewSnippet.js","statementMap":{"0":{"start":{"line":4,"column":32},"end":{"line":12,"column":1}},"1":{"start":{"line":5,"column":24},"end":{"line":5,"column":54}},"2":{"start":{"line":7,"column":2},"end":{"line":11,"column":31}}},"fnMap":{"0":{"name":"(anonymous_0)","decl":{"start":{"line":4,"column":32},"end":{"line":4,"column":33}},"loc":{"start":{"line":4,"column":50},"end":{"line":12,"column":1}},"line":4}},"branchMap":{},"s":{"0":1,"1":1,"2":1},"f":{"0":1},"b":{},"_coverageSchema":"1a1c01bbd47fc00a2c39e90264f33305004495a9","hash":"7102cc41463dafd598fe924bc0c30b0d658873dd"}
,"/Users/philipleesha/Documents/Projects/littleswaps-firebase/functions/src/users/getReviewSnippet.js": {"path":"/Users/philipleesha/Documents/Projects/littleswaps-firebase/functions/src/users/getReviewSnippet.js","statementMap":{"0":{"start":{"line":3,"column":32},"end":{"line":14,"column":1}},"1":{"start":{"line":4,"column":23},"end":{"line":11,"column":10}},"2":{"start":{"line":13,"column":2},"end":{"line":13,"column":50}},"3":{"start":{"line":13,"column":38},"end":{"line":13,"column":48}}},"fnMap":{"0":{"name":"(anonymous_0)","decl":{"start":{"line":3,"column":32},"end":{"line":3,"column":33}},"loc":{"start":{"line":3,"column":50},"end":{"line":14,"column":1}},"line":3},"1":{"name":"(anonymous_1)","decl":{"start":{"line":13,"column":31},"end":{"line":13,"column":32}},"loc":{"start":{"line":13,"column":38},"end":{"line":13,"column":48}},"line":13}},"branchMap":{},"s":{"0":1,"1":1,"2":1,"3":3},"f":{"0":1,"1":3},"b":{},"_coverageSchema":"1a1c01bbd47fc00a2c39e90264f33305004495a9","hash":"5d49c0caef1b053ee62cfa913c85af4292259598"}
,"/Users/philipleesha/Documents/Projects/littleswaps-firebase/functions/src/users/index.js": {"path":"/Users/philipleesha/Documents/Projects/littleswaps-firebase/functions/src/users/index.js","statementMap":{"0":{"start":{"line":5,"column":35},"end":{"line":5,"column":157}},"1":{"start":{"line":7,"column":26},"end":{"line":30,"column":1}},"2":{"start":{"line":8,"column":2},"end":{"line":29,"column":3}},"3":{"start":{"line":9,"column":19},"end":{"line":9,"column":38}},"4":{"start":{"line":10,"column":20},"end":{"line":14,"column":12}},"5":{"start":{"line":15,"column":17},"end":{"line":15,"column":31}},"6":{"start":{"line":17,"column":4},"end":{"line":26,"column":5}},"7":{"start":{"line":18,"column":6},"end":{"line":25,"column":9}},"8":{"start":{"line":28,"column":4},"end":{"line":28,"column":71}},"9":{"start":{"line":32,"column":26},"end":{"line":45,"column":1}},"10":{"start":{"line":33,"column":2},"end":{"line":44,"column":3}},"11":{"start":{"line":34,"column":19},"end":{"line":34,"column":38}},"12":{"start":{"line":35,"column":23},"end":{"line":35,"column":47}},"13":{"start":{"line":36,"column":22},"end":{"line":36,"column":45}},"14":{"start":{"line":37,"column":4},"end":{"line":37,"column":42}},"15":{"start":{"line":38,"column":4},"end":{"line":38,"column":40}},"16":{"start":{"line":40,"column":4},"end":{"line":40,"column":53}},"17":{"start":{"line":41,"column":4},"end":{"line":41,"column":68}},"18":{"start":{"line":43,"column":4},"end":{"line":43,"column":64}},"19":{"start":{"line":47,"column":28},"end":{"line":58,"column":1}},"20":{"start":{"line":48,"column":2},"end":{"line":57,"column":3}},"21":{"start":{"line":49,"column":4},"end":{"line":56,"column":7}},"22":{"start":{"line":60,"column":31},"end":{"line":70,"column":1}},"23":{"start":{"line":61,"column":2},"end":{"line":69,"column":3}},"24":{"start":{"line":65,"column":4},"end":{"line":65,"column":34}},"25":{"start":{"line":66,"column":4},"end":{"line":66,"column":39}},"26":{"start":{"line":67,"column":4},"end":{"line":67,"column":43}},"27":{"start":{"line":68,"column":4},"end":{"line":68,"column":41}},"28":{"start":{"line":72,"column":21},"end":{"line":92,"column":1}},"29":{"start":{"line":73,"column":2},"end":{"line":91,"column":3}},"30":{"start":{"line":74,"column":4},"end":{"line":90,"column":5}},"31":{"start":{"line":75,"column":26},"end":{"line":79,"column":31}},"32":{"start":{"line":80,"column":31},"end":{"line":82,"column":14}},"33":{"start":{"line":84,"column":6},"end":{"line":89,"column":9}},"34":{"start":{"line":85,"column":8},"end":{"line":88,"column":11}},"35":{"start":{"line":94,"column":18},"end":{"line":112,"column":1}},"36":{"start":{"line":95,"column":24},"end":{"line":99,"column":10}},"37":{"start":{"line":101,"column":2},"end":{"line":111,"column":3}},"38":{"start":{"line":102,"column":18},"end":{"line":102,"column":43}},"39":{"start":{"line":103,"column":4},"end":{"line":108,"column":7}},"40":{"start":{"line":104,"column":6},"end":{"line":107,"column":9}},"41":{"start":{"line":110,"column":4},"end":{"line":110,"column":25}},"42":{"start":{"line":114,"column":22},"end":{"line":137,"column":1}},"43":{"start":{"line":115,"column":23},"end":{"line":115,"column":64}},"44":{"start":{"line":116,"column":16},"end":{"line":116,"column":41}},"45":{"start":{"line":118,"column":27},"end":{"line":118,"column":83}},"46":{"start":{"line":119,"column":2},"end":{"line":124,"column":5}},"47":{"start":{"line":120,"column":4},"end":{"line":123,"column":7}},"48":{"start":{"line":126,"column":28},"end":{"line":126,"column":80}},"49":{"start":{"line":127,"column":2},"end":{"line":132,"column":5}},"50":{"start":{"line":128,"column":4},"end":{"line":131,"column":7}},"51":{"start":{"line":134,"column":2},"end":{"line":136,"column":3}},"52":{"start":{"line":135,"column":4},"end":{"line":135,"column":25}},"53":{"start":{"line":139,"column":20},"end":{"line":189,"column":1}},"54":{"start":{"line":140,"column":16},"end":{"line":140,"column":41}},"55":{"start":{"line":141,"column":18},"end":{"line":141,"column":67}},"56":{"start":{"line":143,"column":19},"end":{"line":143,"column":21}},"57":{"start":{"line":146,"column":31},"end":{"line":146,"column":77}},"58":{"start":{"line":147,"column":2},"end":{"line":164,"column":5}},"59":{"start":{"line":148,"column":23},"end":{"line":148,"column":39}},"60":{"start":{"line":149,"column":22},"end":{"line":149,"column":82}},"61":{"start":{"line":151,"column":20},"end":{"line":162,"column":8}},"62":{"start":{"line":156,"column":8},"end":{"line":161,"column":11}},"63":{"start":{"line":157,"column":10},"end":{"line":160,"column":13}},"64":{"start":{"line":163,"column":4},"end":{"line":163,"column":27}},"65":{"start":{"line":166,"column":26},"end":{"line":166,"column":67}},"66":{"start":{"line":167,"column":2},"end":{"line":184,"column":5}},"67":{"start":{"line":168,"column":23},"end":{"line":168,"column":39}},"68":{"start":{"line":169,"column":21},"end":{"line":169,"column":80}},"69":{"start":{"line":171,"column":20},"end":{"line":182,"column":8}},"70":{"start":{"line":176,"column":8},"end":{"line":181,"column":11}},"71":{"start":{"line":177,"column":10},"end":{"line":180,"column":13}},"72":{"start":{"line":183,"column":4},"end":{"line":183,"column":27}},"73":{"start":{"line":186,"column":2},"end":{"line":186,"column":30}},"74":{"start":{"line":188,"column":2},"end":{"line":188,"column":23}}},"fnMap":{"0":{"name":"(anonymous_0)","decl":{"start":{"line":7,"column":26},"end":{"line":7,"column":27}},"loc":{"start":{"line":7,"column":43},"end":{"line":30,"column":1}},"line":7},"1":{"name":"(anonymous_1)","decl":{"start":{"line":32,"column":26},"end":{"line":32,"column":27}},"loc":{"start":{"line":32,"column":43},"end":{"line":45,"column":1}},"line":32},"2":{"name":"(anonymous_2)","decl":{"start":{"line":47,"column":28},"end":{"line":47,"column":29}},"loc":{"start":{"line":47,"column":61},"end":{"line":58,"column":1}},"line":47},"3":{"name":"(anonymous_3)","decl":{"start":{"line":60,"column":31},"end":{"line":60,"column":32}},"loc":{"start":{"line":60,"column":76},"end":{"line":70,"column":1}},"line":60},"4":{"name":"(anonymous_4)","decl":{"start":{"line":72,"column":21},"end":{"line":72,"column":22}},"loc":{"start":{"line":72,"column":37},"end":{"line":92,"column":1}},"line":72},"5":{"name":"(anonymous_5)","decl":{"start":{"line":84,"column":31},"end":{"line":84,"column":32}},"loc":{"start":{"line":84,"column":46},"end":{"line":89,"column":7}},"line":84},"6":{"name":"(anonymous_6)","decl":{"start":{"line":94,"column":18},"end":{"line":94,"column":19}},"loc":{"start":{"line":94,"column":42},"end":{"line":112,"column":1}},"line":94},"7":{"name":"(anonymous_7)","decl":{"start":{"line":103,"column":26},"end":{"line":103,"column":27}},"loc":{"start":{"line":103,"column":39},"end":{"line":108,"column":5}},"line":103},"8":{"name":"(anonymous_8)","decl":{"start":{"line":114,"column":22},"end":{"line":114,"column":23}},"loc":{"start":{"line":114,"column":46},"end":{"line":137,"column":1}},"line":114},"9":{"name":"(anonymous_9)","decl":{"start":{"line":119,"column":27},"end":{"line":119,"column":28}},"loc":{"start":{"line":119,"column":36},"end":{"line":124,"column":3}},"line":119},"10":{"name":"(anonymous_10)","decl":{"start":{"line":127,"column":28},"end":{"line":127,"column":29}},"loc":{"start":{"line":127,"column":37},"end":{"line":132,"column":3}},"line":127},"11":{"name":"(anonymous_11)","decl":{"start":{"line":139,"column":20},"end":{"line":139,"column":21}},"loc":{"start":{"line":139,"column":44},"end":{"line":189,"column":1}},"line":139},"12":{"name":"(anonymous_12)","decl":{"start":{"line":147,"column":31},"end":{"line":147,"column":32}},"loc":{"start":{"line":147,"column":46},"end":{"line":164,"column":3}},"line":147},"13":{"name":"(anonymous_13)","decl":{"start":{"line":155,"column":12},"end":{"line":155,"column":13}},"loc":{"start":{"line":155,"column":33},"end":{"line":162,"column":7}},"line":155},"14":{"name":"(anonymous_14)","decl":{"start":{"line":156,"column":32},"end":{"line":156,"column":33}},"loc":{"start":{"line":156,"column":53},"end":{"line":161,"column":9}},"line":156},"15":{"name":"(anonymous_15)","decl":{"start":{"line":167,"column":26},"end":{"line":167,"column":27}},"loc":{"start":{"line":167,"column":41},"end":{"line":184,"column":3}},"line":167},"16":{"name":"(anonymous_16)","decl":{"start":{"line":175,"column":12},"end":{"line":175,"column":13}},"loc":{"start":{"line":175,"column":38},"end":{"line":182,"column":7}},"line":175},"17":{"name":"(anonymous_17)","decl":{"start":{"line":176,"column":37},"end":{"line":176,"column":38}},"loc":{"start":{"line":176,"column":58},"end":{"line":181,"column":9}},"line":176}},"branchMap":{"0":{"loc":{"start":{"line":17,"column":4},"end":{"line":26,"column":5}},"type":"if","locations":[{"start":{"line":17,"column":4},"end":{"line":26,"column":5}},{"start":{},"end":{}}],"line":17},"1":{"loc":{"start":{"line":48,"column":2},"end":{"line":57,"column":3}},"type":"if","locations":[{"start":{"line":48,"column":2},"end":{"line":57,"column":3}},{"start":{},"end":{}}],"line":48},"2":{"loc":{"start":{"line":48,"column":6},"end":{"line":48,"column":42}},"type":"binary-expr","locations":[{"start":{"line":48,"column":6},"end":{"line":48,"column":23}},{"start":{"line":48,"column":27},"end":{"line":48,"column":42}}],"line":48},"3":{"loc":{"start":{"line":61,"column":2},"end":{"line":69,"column":3}},"type":"if","locations":[{"start":{"line":61,"column":2},"end":{"line":69,"column":3}},{"start":{},"end":{}}],"line":61},"4":{"loc":{"start":{"line":62,"column":4},"end":{"line":63,"column":46}},"type":"binary-expr","locations":[{"start":{"line":62,"column":4},"end":{"line":62,"column":54}},{"start":{"line":63,"column":4},"end":{"line":63,"column":46}}],"line":62},"5":{"loc":{"start":{"line":73,"column":2},"end":{"line":91,"column":3}},"type":"if","locations":[{"start":{"line":73,"column":2},"end":{"line":91,"column":3}},{"start":{},"end":{}}],"line":73},"6":{"loc":{"start":{"line":73,"column":6},"end":{"line":73,"column":51}},"type":"binary-expr","locations":[{"start":{"line":73,"column":6},"end":{"line":73,"column":19}},{"start":{"line":73,"column":23},"end":{"line":73,"column":51}}],"line":73},"7":{"loc":{"start":{"line":86,"column":21},"end":{"line":86,"column":61}},"type":"binary-expr","locations":[{"start":{"line":86,"column":21},"end":{"line":86,"column":38}},{"start":{"line":86,"column":42},"end":{"line":86,"column":61}}],"line":86},"8":{"loc":{"start":{"line":87,"column":20},"end":{"line":87,"column":39}},"type":"binary-expr","locations":[{"start":{"line":87,"column":20},"end":{"line":87,"column":33}},{"start":{"line":87,"column":37},"end":{"line":87,"column":39}}],"line":87},"9":{"loc":{"start":{"line":101,"column":2},"end":{"line":111,"column":3}},"type":"if","locations":[{"start":{"line":101,"column":2},"end":{"line":111,"column":3}},{"start":{},"end":{}}],"line":101},"10":{"loc":{"start":{"line":105,"column":19},"end":{"line":105,"column":59}},"type":"binary-expr","locations":[{"start":{"line":105,"column":19},"end":{"line":105,"column":36}},{"start":{"line":105,"column":40},"end":{"line":105,"column":59}}],"line":105},"11":{"loc":{"start":{"line":106,"column":18},"end":{"line":106,"column":37}},"type":"binary-expr","locations":[{"start":{"line":106,"column":18},"end":{"line":106,"column":31}},{"start":{"line":106,"column":35},"end":{"line":106,"column":37}}],"line":106},"12":{"loc":{"start":{"line":121,"column":21},"end":{"line":121,"column":61}},"type":"binary-expr","locations":[{"start":{"line":121,"column":21},"end":{"line":121,"column":38}},{"start":{"line":121,"column":42},"end":{"line":121,"column":61}}],"line":121},"13":{"loc":{"start":{"line":122,"column":20},"end":{"line":122,"column":39}},"type":"binary-expr","locations":[{"start":{"line":122,"column":20},"end":{"line":122,"column":33}},{"start":{"line":122,"column":37},"end":{"line":122,"column":39}}],"line":122},"14":{"loc":{"start":{"line":129,"column":17},"end":{"line":129,"column":57}},"type":"binary-expr","locations":[{"start":{"line":129,"column":17},"end":{"line":129,"column":34}},{"start":{"line":129,"column":38},"end":{"line":129,"column":57}}],"line":129},"15":{"loc":{"start":{"line":130,"column":16},"end":{"line":130,"column":35}},"type":"binary-expr","locations":[{"start":{"line":130,"column":16},"end":{"line":130,"column":29}},{"start":{"line":130,"column":33},"end":{"line":130,"column":35}}],"line":130},"16":{"loc":{"start":{"line":134,"column":2},"end":{"line":136,"column":3}},"type":"if","locations":[{"start":{"line":134,"column":2},"end":{"line":136,"column":3}},{"start":{},"end":{}}],"line":134},"17":{"loc":{"start":{"line":134,"column":6},"end":{"line":134,"column":57}},"type":"binary-expr","locations":[{"start":{"line":134,"column":6},"end":{"line":134,"column":29}},{"start":{"line":134,"column":33},"end":{"line":134,"column":57}}],"line":134},"18":{"loc":{"start":{"line":158,"column":28},"end":{"line":158,"column":68}},"type":"binary-expr","locations":[{"start":{"line":158,"column":28},"end":{"line":158,"column":45}},{"start":{"line":158,"column":49},"end":{"line":158,"column":68}}],"line":158},"19":{"loc":{"start":{"line":159,"column":27},"end":{"line":159,"column":46}},"type":"binary-expr","locations":[{"start":{"line":159,"column":27},"end":{"line":159,"column":40}},{"start":{"line":159,"column":44},"end":{"line":159,"column":46}}],"line":159},"20":{"loc":{"start":{"line":178,"column":29},"end":{"line":178,"column":69}},"type":"binary-expr","locations":[{"start":{"line":178,"column":29},"end":{"line":178,"column":46}},{"start":{"line":178,"column":50},"end":{"line":178,"column":69}}],"line":178},"21":{"loc":{"start":{"line":179,"column":28},"end":{"line":179,"column":47}},"type":"binary-expr","locations":[{"start":{"line":179,"column":28},"end":{"line":179,"column":41}},{"start":{"line":179,"column":45},"end":{"line":179,"column":47}}],"line":179}},"s":{"0":1,"1":1,"2":2,"3":2,"4":2,"5":1,"6":1,"7":1,"8":1,"9":1,"10":6,"11":6,"12":6,"13":6,"14":6,"15":6,"16":6,"17":6,"18":4,"19":1,"20":6,"21":1,"22":1,"23":6,"24":4,"25":4,"26":4,"27":3,"28":1,"29":4,"30":1,"31":2,"32":2,"33":2,"34":4,"35":1,"36":4,"37":4,"38":4,"39":4,"40":7,"41":4,"42":1,"43":4,"44":4,"45":4,"46":4,"47":7,"48":4,"49":4,"50":6,"51":3,"52":3,"53":1,"54":3,"55":3,"56":3,"57":3,"58":3,"59":3,"60":0,"61":0,"62":0,"63":0,"64":0,"65":0,"66":0,"67":0,"68":0,"69":0,"70":0,"71":0,"72":0,"73":0,"74":0},"f":{"0":2,"1":6,"2":6,"3":6,"4":4,"5":4,"6":4,"7":7,"8":4,"9":7,"10":6,"11":3,"12":3,"13":0,"14":0,"15":0,"16":0,"17":0},"b":{"0":[1,0],"1":[1,5],"2":[6,5],"3":[4,2],"4":[6,2],"5":[1,3],"6":[4,1],"7":[4,4],"8":[4,0],"9":[4,0],"10":[7,4],"11":[7,0],"12":[7,4],"13":[7,0],"14":[6,4],"15":[6,0],"16":[3,0],"17":[3,0],"18":[0,0],"19":[0,0],"20":[0,0],"21":[0,0]},"_coverageSchema":"1a1c01bbd47fc00a2c39e90264f33305004495a9","hash":"6cf8630a5bed88e6441bfbb3cf2aba37ede6a4c9"}
,"/Users/philipleesha/Documents/Projects/littleswaps-firebase/functions/src/users/reviews.js": {"path":"/Users/philipleesha/Documents/Projects/littleswaps-firebase/functions/src/users/reviews.js","statementMap":{"0":{"start":{"line":4,"column":28},"end":{"line":16,"column":1}},"1":{"start":{"line":5,"column":2},"end":{"line":8,"column":3}},"2":{"start":{"line":10,"column":2},"end":{"line":10,"column":46}},"3":{"start":{"line":12,"column":2},"end":{"line":15,"column":3}}},"fnMap":{"0":{"name":"(anonymous_0)","decl":{"start":{"line":4,"column":28},"end":{"line":4,"column":29}},"loc":{"start":{"line":4,"column":45},"end":{"line":16,"column":1}},"line":4}},"branchMap":{},"s":{"0":1,"1":1,"2":1,"3":1},"f":{"0":1},"b":{},"_coverageSchema":"1a1c01bbd47fc00a2c39e90264f33305004495a9","hash":"fc6eb9885a3aac8d2a79c57bad1484075f895c97"}
,"/Users/philipleesha/Documents/Projects/littleswaps-firebase/functions/src/utils/constants.js": {"path":"/Users/philipleesha/Documents/Projects/littleswaps-firebase/functions/src/utils/constants.js","statementMap":{"0":{"start":{"line":1,"column":31},"end":{"line":7,"column":1}},"1":{"start":{"line":2,"column":19},"end":{"line":2,"column":36}},"2":{"start":{"line":3,"column":2},"end":{"line":6,"column":3}}},"fnMap":{"0":{"name":"(anonymous_0)","decl":{"start":{"line":1,"column":31},"end":{"line":1,"column":32}},"loc":{"start":{"line":1,"column":47},"end":{"line":7,"column":1}},"line":1}},"branchMap":{},"s":{"0":4,"1":1,"2":1},"f":{"0":1},"b":{},"_coverageSchema":"1a1c01bbd47fc00a2c39e90264f33305004495a9","hash":"bc2de4ea22904ffcc41df33b01c89038fa60edd5"}
,"/Users/philipleesha/Documents/Projects/littleswaps-firebase/functions/src/utils/emails.js": {"path":"/Users/philipleesha/Documents/Projects/littleswaps-firebase/functions/src/utils/emails.js","statementMap":{"0":{"start":{"line":4,"column":30},"end":{"line":15,"column":1}},"1":{"start":{"line":17,"column":25},"end":{"line":51,"column":1}},"2":{"start":{"line":18,"column":2},"end":{"line":50,"column":3}},"3":{"start":{"line":19,"column":4},"end":{"line":19,"column":92}},"4":{"start":{"line":20,"column":4},"end":{"line":46,"column":5}},"5":{"start":{"line":21,"column":6},"end":{"line":39,"column":9}},"6":{"start":{"line":41,"column":6},"end":{"line":41,"column":71}},"7":{"start":{"line":42,"column":6},"end":{"line":42,"column":51}},"8":{"start":{"line":44,"column":6},"end":{"line":44,"column":98}},"9":{"start":{"line":45,"column":6},"end":{"line":45,"column":45}},"10":{"start":{"line":48,"column":4},"end":{"line":48,"column":73}},"11":{"start":{"line":49,"column":4},"end":{"line":49,"column":32}}},"fnMap":{"0":{"name":"(anonymous_0)","decl":{"start":{"line":17,"column":25},"end":{"line":17,"column":26}},"loc":{"start":{"line":17,"column":64},"end":{"line":51,"column":1}},"line":17}},"branchMap":{"0":{"loc":{"start":{"line":18,"column":2},"end":{"line":50,"column":3}},"type":"if","locations":[{"start":{"line":18,"column":2},"end":{"line":50,"column":3}},{"start":{"line":47,"column":9},"end":{"line":50,"column":3}}],"line":18},"1":{"loc":{"start":{"line":18,"column":6},"end":{"line":18,"column":25}},"type":"binary-expr","locations":[{"start":{"line":18,"column":6},"end":{"line":18,"column":11}},{"start":{"line":18,"column":15},"end":{"line":18,"column":25}}],"line":18}},"s":{"0":4,"1":4,"2":4,"3":2,"4":2,"5":2,"6":1,"7":1,"8":1,"9":1,"10":2,"11":2},"f":{"0":4},"b":{"0":[2,2],"1":[4,2]},"_coverageSchema":"1a1c01bbd47fc00a2c39e90264f33305004495a9","hash":"b6027098cd9791974dd4fb45b05ddb2e9d0743cc"}
,"/Users/philipleesha/Documents/Projects/littleswaps-firebase/functions/src/utils/pushNotifications.js": {"path":"/Users/philipleesha/Documents/Projects/littleswaps-firebase/functions/src/utils/pushNotifications.js","statementMap":{"0":{"start":{"line":5,"column":26},"end":{"line":5,"column":37}},"1":{"start":{"line":7,"column":38},"end":{"line":14,"column":1}},"2":{"start":{"line":8,"column":18},"end":{"line":8,"column":52}},"3":{"start":{"line":10,"column":2},"end":{"line":13,"column":3}},"4":{"start":{"line":11,"column":4},"end":{"line":11,"column":53}},"5":{"start":{"line":12,"column":4},"end":{"line":12,"column":51}},"6":{"start":{"line":16,"column":31},"end":{"line":139,"column":1}},"7":{"start":{"line":19,"column":2},"end":{"line":136,"column":3}},"8":{"start":{"line":22,"column":6},"end":{"line":29,"column":8}},"9":{"start":{"line":30,"column":6},"end":{"line":30,"column":12}},"10":{"start":{"line":33,"column":6},"end":{"line":40,"column":8}},"11":{"start":{"line":41,"column":6},"end":{"line":41,"column":12}},"12":{"start":{"line":44,"column":6},"end":{"line":51,"column":8}},"13":{"start":{"line":52,"column":6},"end":{"line":52,"column":12}},"14":{"start":{"line":55,"column":6},"end":{"line":62,"column":8}},"15":{"start":{"line":63,"column":6},"end":{"line":63,"column":12}},"16":{"start":{"line":66,"column":6},"end":{"line":73,"column":8}},"17":{"start":{"line":74,"column":6},"end":{"line":74,"column":12}},"18":{"start":{"line":77,"column":6},"end":{"line":84,"column":8}},"19":{"start":{"line":85,"column":6},"end":{"line":85,"column":12}},"20":{"start":{"line":89,"column":6},"end":{"line":96,"column":8}},"21":{"start":{"line":97,"column":6},"end":{"line":97,"column":12}},"22":{"start":{"line":101,"column":6},"end":{"line":108,"column":8}},"23":{"start":{"line":109,"column":6},"end":{"line":109,"column":12}},"24":{"start":{"line":112,"column":6},"end":{"line":119,"column":8}},"25":{"start":{"line":120,"column":6},"end":{"line":120,"column":12}},"26":{"start":{"line":123,"column":6},"end":{"line":130,"column":8}},"27":{"start":{"line":131,"column":6},"end":{"line":131,"column":12}},"28":{"start":{"line":134,"column":6},"end":{"line":134,"column":58}},"29":{"start":{"line":135,"column":6},"end":{"line":135,"column":12}},"30":{"start":{"line":138,"column":2},"end":{"line":138,"column":29}},"31":{"start":{"line":142,"column":25},"end":{"line":161,"column":1}},"32":{"start":{"line":143,"column":18},"end":{"line":143,"column":79}},"33":{"start":{"line":145,"column":2},"end":{"line":160,"column":3}},"34":{"start":{"line":146,"column":21},"end":{"line":146,"column":35}},"35":{"start":{"line":147,"column":22},"end":{"line":147,"column":40}},"36":{"start":{"line":149,"column":4},"end":{"line":157,"column":5}},"37":{"start":{"line":150,"column":6},"end":{"line":150,"column":59}},"38":{"start":{"line":151,"column":6},"end":{"line":151,"column":40}},"39":{"start":{"line":152,"column":23},"end":{"line":152,"column":60}},"40":{"start":{"line":153,"column":6},"end":{"line":153,"column":69}},"41":{"start":{"line":154,"column":6},"end":{"line":154,"column":22}},"42":{"start":{"line":156,"column":6},"end":{"line":156,"column":59}},"43":{"start":{"line":159,"column":4},"end":{"line":159,"column":64}}},"fnMap":{"0":{"name":"(anonymous_0)","decl":{"start":{"line":7,"column":38},"end":{"line":7,"column":39}},"loc":{"start":{"line":7,"column":72},"end":{"line":14,"column":1}},"line":7},"1":{"name":"(anonymous_1)","decl":{"start":{"line":16,"column":31},"end":{"line":16,"column":32}},"loc":{"start":{"line":16,"column":47},"end":{"line":139,"column":1}},"line":16},"2":{"name":"(anonymous_2)","decl":{"start":{"line":142,"column":25},"end":{"line":142,"column":26}},"loc":{"start":{"line":142,"column":52},"end":{"line":161,"column":1}},"line":142}},"branchMap":{"0":{"loc":{"start":{"line":10,"column":2},"end":{"line":13,"column":3}},"type":"if","locations":[{"start":{"line":10,"column":2},"end":{"line":13,"column":3}},{"start":{},"end":{}}],"line":10},"1":{"loc":{"start":{"line":19,"column":2},"end":{"line":136,"column":3}},"type":"switch","locations":[{"start":{"line":20,"column":4},"end":{"line":20,"column":51}},{"start":{"line":21,"column":4},"end":{"line":30,"column":12}},{"start":{"line":32,"column":4},"end":{"line":41,"column":12}},{"start":{"line":43,"column":4},"end":{"line":52,"column":12}},{"start":{"line":54,"column":4},"end":{"line":63,"column":12}},{"start":{"line":65,"column":4},"end":{"line":74,"column":12}},{"start":{"line":76,"column":4},"end":{"line":85,"column":12}},{"start":{"line":87,"column":4},"end":{"line":87,"column":52}},{"start":{"line":88,"column":4},"end":{"line":97,"column":12}},{"start":{"line":99,"column":4},"end":{"line":99,"column":44}},{"start":{"line":100,"column":4},"end":{"line":109,"column":12}},{"start":{"line":111,"column":4},"end":{"line":120,"column":12}},{"start":{"line":122,"column":4},"end":{"line":131,"column":12}},{"start":{"line":133,"column":4},"end":{"line":135,"column":12}}],"line":19},"2":{"loc":{"start":{"line":145,"column":2},"end":{"line":160,"column":3}},"type":"if","locations":[{"start":{"line":145,"column":2},"end":{"line":160,"column":3}},{"start":{"line":158,"column":9},"end":{"line":160,"column":3}}],"line":145},"3":{"loc":{"start":{"line":149,"column":4},"end":{"line":157,"column":5}},"type":"if","locations":[{"start":{"line":149,"column":4},"end":{"line":157,"column":5}},{"start":{"line":155,"column":11},"end":{"line":157,"column":5}}],"line":149}},"s":{"0":4,"1":4,"2":13,"3":13,"4":12,"5":12,"6":4,"7":13,"8":1,"9":1,"10":2,"11":2,"12":2,"13":2,"14":1,"15":1,"16":1,"17":1,"18":1,"19":1,"20":1,"21":1,"22":1,"23":1,"24":1,"25":1,"26":1,"27":1,"28":1,"29":1,"30":13,"31":4,"32":12,"33":12,"34":11,"35":11,"36":11,"37":10,"38":10,"39":10,"40":10,"41":10,"42":1,"43":1},"f":{"0":13,"1":13,"2":12},"b":{"0":[12,1],"1":[1,1,2,2,1,1,1,1,1,1,1,1,1,1],"2":[11,1],"3":[10,1]},"_coverageSchema":"1a1c01bbd47fc00a2c39e90264f33305004495a9","hash":"8575881a257e3a54b0831a0ad7d99b5867b9ad72"}
}
