TN:
SF:src/followers/index.js
FN:5,(anonymous_0)
FN:20,(anonymous_1)
FNF:2
FNH:2
FNDA:1,(anonymous_0)
FNDA:1,(anonymous_1)
DA:5,1
DA:6,1
DA:7,1
DA:9,1
DA:10,1
DA:12,1
DA:13,1
DA:15,0
DA:16,0
DA:20,1
DA:21,1
DA:22,1
DA:24,1
DA:25,1
DA:27,1
DA:28,1
DA:30,0
DA:31,0
LF:18
LH:14
BRF:0
BRH:0
end_of_record
TN:
SF:src/followers/updateFollowCounts.js
FN:4,(anonymous_0)
FNF:1
FNH:1
FNDA:3,(anonymous_0)
DA:4,1
DA:5,3
DA:6,3
DA:7,3
DA:11,2
DA:13,1
DA:14,1
LF:7
LH:7
BRDA:8,0,0,2
BRDA:8,0,1,1
BRF:2
BRH:2
end_of_record
TN:
SF:src/likes/getLikeSnippet.js
FN:3,(anonymous_0)
FN:12,(anonymous_1)
FNF:2
FNH:2
FNDA:1,(anonymous_0)
FNDA:1,(anonymous_1)
DA:3,1
DA:4,1
DA:12,1
DA:13,1
DA:14,1
LF:5
LH:5
BRDA:17,0,0,1
BRDA:17,0,1,0
BRF:2
BRH:1
end_of_record
TN:
SF:src/likes/index.js
FN:5,(anonymous_0)
FN:18,(anonymous_1)
FNF:2
FNH:2
FNDA:1,(anonymous_0)
FNDA:1,(anonymous_1)
DA:5,1
DA:6,1
DA:7,1
DA:9,1
DA:11,1
DA:13,0
DA:14,0
DA:18,1
DA:19,1
DA:20,1
DA:22,1
DA:24,1
DA:26,0
DA:27,0
LF:14
LH:10
BRF:0
BRH:0
end_of_record
TN:
SF:src/likes/updateProductLike.js
FN:5,(anonymous_0)
FNF:1
FNH:1
FNDA:3,(anonymous_0)
DA:5,1
DA:6,3
DA:7,3
DA:8,3
DA:17,2
DA:19,1
DA:20,1
LF:7
LH:7
BRDA:13,0,0,2
BRDA:13,0,1,1
BRF:2
BRH:2
end_of_record
TN:
SF:src/orders/index.js
FN:15,(anonymous_0)
FN:36,(anonymous_1)
FNF:2
FNH:2
FNDA:3,(anonymous_0)
FNDA:4,(anonymous_1)
DA:8,1
DA:10,1
DA:11,1
DA:12,1
DA:15,1
DA:16,3
DA:17,3
DA:18,1
DA:20,2
DA:22,1
DA:27,2
DA:28,2
DA:36,1
DA:37,4
DA:38,4
DA:39,4
DA:41,4
DA:46,4
DA:47,1
DA:48,1
DA:51,3
DA:52,3
DA:54,3
DA:55,3
DA:56,3
DA:58,3
DA:60,3
DA:66,1
DA:73,1
DA:84,1
DA:85,1
DA:87,1
DA:88,0
DA:98,0
DA:99,0
DA:101,0
DA:102,0
DA:118,0
DA:121,1
DA:145,1
DA:147,2
LF:41
LH:35
BRDA:17,0,0,1
BRDA:17,0,1,2
BRDA:36,1,0,2
BRDA:46,2,0,1
BRDA:46,2,1,3
BRDA:46,3,0,4
BRDA:46,3,1,3
BRDA:76,4,0,0
BRDA:76,4,1,1
BRDA:81,5,0,0
BRDA:81,5,1,1
BRDA:87,6,0,0
BRDA:87,6,1,1
BRF:13
BRH:10
end_of_record
TN:
SF:src/orders/onUpdateOrderStatus.js
FN:15,(anonymous_0)
FN:19,(anonymous_1)
FN:40,(anonymous_2)
FN:68,(anonymous_3)
FN:98,(anonymous_4)
FN:120,(anonymous_5)
FN:129,(anonymous_6)
FN:153,(anonymous_7)
FN:167,(anonymous_8)
FN:181,(anonymous_9)
FN:208,(anonymous_10)
FN:222,(anonymous_11)
FN:238,(anonymous_12)
FN:251,(anonymous_13)
FN:288,(anonymous_14)
FNF:15
FNH:15
FNDA:2,(anonymous_0)
FNDA:3,(anonymous_1)
FNDA:2,(anonymous_2)
FNDA:6,(anonymous_3)
FNDA:2,(anonymous_4)
FNDA:6,(anonymous_5)
FNDA:1,(anonymous_6)
FNDA:1,(anonymous_7)
FNDA:1,(anonymous_8)
FNDA:1,(anonymous_9)
FNDA:1,(anonymous_10)
FNDA:1,(anonymous_11)
FNDA:1,(anonymous_12)
FNDA:1,(anonymous_13)
FNDA:6,(anonymous_14)
DA:8,2
DA:9,2
DA:11,2
DA:12,2
DA:13,2
DA:15,2
DA:16,2
DA:19,2
DA:20,3
DA:21,3
DA:23,3
DA:24,0
DA:27,3
DA:29,3
DA:30,0
DA:33,3
DA:35,0
DA:36,0
DA:40,2
DA:47,2
DA:48,2
DA:50,2
DA:51,2
DA:52,1
DA:60,2
DA:68,2
DA:73,6
DA:74,6
DA:76,6
DA:77,6
DA:78,6
DA:82,6
DA:83,6
DA:85,6
DA:91,6
DA:98,2
DA:101,2
DA:102,2
DA:103,2
DA:104,2
DA:105,2
DA:106,2
DA:107,2
DA:108,2
DA:114,2
DA:120,2
DA:121,6
DA:122,6
DA:126,6
DA:129,2
DA:130,1
DA:140,1
DA:141,1
DA:142,1
DA:144,1
DA:153,2
DA:154,1
DA:159,1
DA:167,2
DA:168,1
DA:169,1
DA:170,1
DA:171,1
DA:172,1
DA:181,2
DA:182,1
DA:183,1
DA:184,1
DA:185,1
DA:186,1
DA:187,1
DA:194,1
DA:199,1
DA:208,2
DA:209,1
DA:210,1
DA:211,1
DA:213,1
DA:222,2
DA:223,1
DA:224,1
DA:225,1
DA:227,1
DA:235,1
DA:238,2
DA:239,1
DA:240,1
DA:241,1
DA:242,1
DA:251,2
DA:252,1
DA:253,1
DA:254,1
DA:255,1
DA:257,1
DA:263,1
DA:268,1
DA:276,1
DA:279,2
DA:288,2
DA:289,6
DA:290,6
DA:296,6
DA:297,6
DA:298,0
DA:299,0
DA:302,6
DA:304,6
DA:305,6
DA:308,0
DA:309,0
DA:310,0
LF:112
LH:103
BRDA:23,0,0,0
BRDA:23,0,1,3
BRDA:29,1,0,0
BRDA:29,1,1,3
BRDA:50,2,0,0
BRDA:50,3,0,0
BRDA:51,4,0,1
BRDA:51,4,1,1
BRDA:76,5,0,6
BRDA:76,5,1,0
BRDA:103,6,0,2
BRDA:103,6,1,0
BRDA:288,7,0,4
BRDA:297,8,0,0
BRDA:297,8,1,6
BRF:15
BRH:8
end_of_record
TN:
SF:src/orders/sendOrderUpdateEmails.js
FN:4,(anonymous_0)
FN:60,(anonymous_1)
FNF:2
FNH:2
FNDA:1,(anonymous_0)
FNDA:1,(anonymous_1)
DA:4,2
DA:11,1
DA:28,1
DA:60,2
DA:66,1
DA:67,1
DA:82,1
DA:98,1
LF:8
LH:8
BRF:0
BRH:0
end_of_record
TN:
SF:src/payments/index.js
FN:14,(anonymous_0)
FN:53,(anonymous_1)
FN:98,(anonymous_2)
FN:138,(anonymous_3)
FN:158,(anonymous_4)
FN:180,(anonymous_5)
FN:201,(anonymous_6)
FN:254,(anonymous_7)
FN:279,(anonymous_8)
FN:313,(anonymous_9)
FN:344,(anonymous_10)
FN:388,(anonymous_11)
FN:444,(anonymous_12)
FNF:13
FNH:12
FNDA:4,(anonymous_0)
FNDA:5,(anonymous_1)
FNDA:3,(anonymous_2)
FNDA:3,(anonymous_3)
FNDA:3,(anonymous_4)
FNDA:4,(anonymous_5)
FNDA:2,(anonymous_6)
FNDA:0,(anonymous_7)
FNDA:3,(anonymous_8)
FNDA:3,(anonymous_9)
FNDA:4,(anonymous_10)
FNDA:4,(anonymous_11)
FNDA:4,(anonymous_12)
DA:9,1
DA:10,1
DA:11,1
DA:12,1
DA:14,1
DA:15,4
DA:16,4
DA:17,1
DA:20,3
DA:22,3
DA:29,2
DA:33,1
DA:37,1
DA:39,1
DA:44,3
DA:45,3
DA:53,1
DA:54,5
DA:55,5
DA:56,1
DA:59,4
DA:61,4
DA:66,3
DA:67,3
DA:68,1
DA:72,2
DA:73,1
DA:79,1
DA:86,2
DA:87,2
DA:98,1
DA:99,3
DA:100,1
DA:103,2
DA:105,2
DA:106,2
DA:107,2
DA:113,1
DA:116,1
DA:123,1
DA:128,1
DA:130,1
DA:132,1
DA:133,1
DA:134,1
DA:138,1
DA:139,3
DA:140,1
DA:143,2
DA:144,2
DA:146,2
DA:147,2
DA:151,1
DA:153,1
DA:154,1
DA:158,1
DA:159,3
DA:160,1
DA:161,1
DA:164,2
DA:165,2
DA:167,2
DA:168,2
DA:173,1
DA:175,1
DA:176,1
DA:180,1
DA:181,4
DA:183,4
DA:184,2
DA:185,2
DA:188,2
DA:189,2
DA:191,2
DA:192,2
DA:194,1
DA:196,1
DA:197,1
DA:201,1
DA:202,2
DA:203,0
DA:204,0
DA:207,2
DA:214,2
DA:216,2
DA:217,2
DA:242,1
DA:244,1
DA:249,1
DA:250,1
DA:254,1
DA:255,0
DA:259,0
DA:260,0
DA:262,0
DA:263,0
DA:266,0
DA:269,0
DA:270,0
DA:272,0
DA:273,0
DA:276,0
DA:279,1
DA:280,3
DA:281,3
DA:282,1
DA:283,1
DA:286,2
DA:287,2
DA:288,2
DA:289,2
DA:302,1
DA:304,1
DA:305,1
DA:313,1
DA:314,3
DA:315,3
DA:316,1
DA:319,2
DA:321,2
DA:322,2
DA:326,2
DA:333,1
DA:335,1
DA:336,1
DA:344,1
DA:345,4
DA:347,4
DA:348,1
DA:351,3
DA:353,3
DA:354,1
DA:357,2
DA:367,2
DA:368,2
DA:374,1
DA:376,1
DA:378,1
DA:380,1
DA:388,1
DA:389,4
DA:390,4
DA:397,4
DA:398,4
DA:399,1
DA:400,1
DA:409,3
DA:411,3
DA:412,1
DA:418,2
DA:419,2
DA:426,1
DA:431,1
DA:436,1
DA:437,1
DA:444,1
DA:445,4
DA:446,4
DA:453,4
DA:454,4
DA:455,1
DA:456,1
DA:459,3
DA:460,3
DA:461,3
DA:462,1
DA:468,2
DA:470,2
DA:476,2
DA:477,2
DA:478,1
DA:479,1
DA:485,1
DA:487,1
DA:489,0
DA:490,0
LF:176
LH:161
BRDA:14,0,0,0
BRDA:16,1,0,1
BRDA:16,1,1,3
BRDA:53,2,0,0
BRDA:55,3,0,1
BRDA:55,3,1,4
BRDA:67,4,0,1
BRDA:67,4,1,2
BRDA:72,5,0,1
BRDA:72,5,1,1
BRDA:98,6,0,0
BRDA:99,7,0,1
BRDA:99,7,1,2
BRDA:138,8,0,0
BRDA:139,9,0,1
BRDA:139,9,1,2
BRDA:158,10,0,0
BRDA:159,11,0,1
BRDA:159,11,1,2
BRDA:180,12,0,0
BRDA:183,13,0,2
BRDA:183,13,1,2
BRDA:201,14,0,0
BRDA:202,15,0,0
BRDA:202,15,1,2
BRDA:213,16,0,2
BRDA:254,17,0,0
BRDA:266,18,0,0
BRDA:266,18,1,0
BRDA:266,18,2,0
BRDA:279,19,0,0
BRDA:281,20,0,1
BRDA:281,20,1,2
BRDA:313,21,0,0
BRDA:315,22,0,1
BRDA:315,22,1,2
BRDA:344,23,0,0
BRDA:347,24,0,1
BRDA:347,24,1,3
BRDA:353,25,0,1
BRDA:353,25,1,2
BRDA:388,26,0,0
BRDA:398,27,0,1
BRDA:398,27,1,3
BRDA:398,28,0,4
BRDA:398,28,1,4
BRDA:411,29,0,1
BRDA:411,29,1,2
BRDA:411,30,0,3
BRDA:411,30,1,2
BRDA:411,30,2,2
BRDA:444,31,0,0
BRDA:454,32,0,1
BRDA:454,32,1,3
BRDA:454,33,0,4
BRDA:454,33,1,4
BRDA:461,34,0,1
BRDA:461,34,1,2
BRDA:461,35,0,3
BRDA:461,35,1,2
BRDA:476,36,0,2
BRDA:476,36,1,0
BRDA:477,37,0,1
BRDA:477,37,1,1
BRF:64
BRH:46
end_of_record
TN:
SF:src/products/connectToPostgres.js
FN:4,(anonymous_0)
FNF:1
FNH:1
FNDA:1,(anonymous_0)
DA:2,1
DA:4,1
DA:5,1
DA:13,1
LF:4
LH:4
BRF:0
BRH:0
end_of_record
TN:
SF:src/products/constants.js
FN:55,(anonymous_0)
FNF:1
FNH:1
FNDA:4,(anonymous_0)
DA:1,1
DA:27,1
DA:53,1
DA:55,1
DA:61,4
LF:5
LH:5
BRDA:84,0,0,3
BRDA:84,0,1,1
BRDA:94,1,0,0
BRDA:94,1,1,4
BRF:4
BRH:3
end_of_record
TN:
SF:src/products/index.js
FN:16,(anonymous_0)
FN:20,(anonymous_1)
FN:41,(anonymous_2)
FN:51,(anonymous_3)
FN:103,(anonymous_4)
FN:163,(anonymous_5)
FN:186,(anonymous_6)
FN:258,(anonymous_7)
FNF:8
FNH:8
FNDA:2,(anonymous_0)
FNDA:5,(anonymous_1)
FNDA:5,(anonymous_2)
FNDA:1,(anonymous_3)
FNDA:2,(anonymous_4)
FNDA:1,(anonymous_5)
FNDA:4,(anonymous_6)
FNDA:2,(anonymous_7)
DA:14,1
DA:16,1
DA:17,2
DA:18,2
DA:20,2
DA:21,5
DA:28,2
DA:30,1
DA:31,1
DA:32,1
DA:35,1
DA:36,1
DA:37,1
DA:38,1
DA:41,2
DA:42,5
DA:51,1
DA:53,1
DA:54,1
DA:55,1
DA:60,1
DA:62,1
DA:69,1
DA:71,1
DA:94,0
DA:99,1
DA:103,1
DA:106,2
DA:107,2
DA:108,2
DA:109,2
DA:110,2
DA:112,2
DA:113,2
DA:118,2
DA:120,2
DA:126,2
DA:127,2
DA:130,2
DA:132,2
DA:157,0
DA:159,2
DA:163,1
DA:167,1
DA:169,1
DA:170,1
DA:171,1
DA:173,1
DA:175,0
DA:180,1
DA:183,1
DA:186,1
DA:188,4
DA:189,4
DA:190,0
DA:193,4
DA:214,4
DA:217,4
DA:219,4
DA:245,4
DA:250,0
DA:251,0
DA:252,0
DA:254,4
DA:258,1
DA:259,2
DA:260,2
DA:261,0
DA:264,2
DA:266,2
DA:274,1
DA:283,1
LF:72
LH:64
BRDA:28,0,0,1
BRDA:28,0,1,1
BRDA:79,1,0,1
BRDA:79,1,1,0
BRDA:83,2,0,1
BRDA:83,2,1,0
BRDA:84,3,0,1
BRDA:84,3,1,0
BRDA:86,4,0,1
BRDA:86,4,1,0
BRDA:88,5,0,1
BRDA:88,5,1,0
BRDA:90,6,0,1
BRDA:90,6,1,0
BRDA:91,7,0,1
BRDA:91,7,1,1
BRDA:99,8,0,1
BRDA:99,8,1,1
BRDA:123,9,0,2
BRDA:123,9,1,2
BRDA:126,10,0,2
BRDA:126,10,1,0
BRDA:126,11,0,2
BRDA:126,11,1,1
BRDA:152,12,0,0
BRDA:152,12,1,2
BRDA:159,13,0,2
BRDA:159,13,1,2
BRDA:180,14,0,1
BRDA:180,14,1,1
BRDA:189,15,0,0
BRDA:189,15,1,4
BRDA:195,16,0,1
BRDA:196,17,0,0
BRDA:197,18,0,0
BRDA:198,19,0,0
BRDA:199,20,0,0
BRDA:200,21,0,0
BRDA:201,22,0,1
BRDA:202,23,0,1
BRDA:205,24,0,0
BRDA:206,25,0,1
BRDA:207,26,0,4
BRDA:208,27,0,2
BRDA:209,28,0,2
BRDA:210,29,0,2
BRDA:211,30,0,3
BRDA:212,31,0,3
BRDA:213,32,0,3
BRDA:217,33,0,2
BRDA:217,33,1,2
BRDA:228,34,0,3
BRDA:228,34,1,1
BRDA:247,35,0,0
BRDA:247,35,1,4
BRDA:254,36,0,4
BRDA:254,36,1,4
BRDA:260,37,0,0
BRDA:260,37,1,2
BRF:59
BRH:42
end_of_record
TN:
SF:src/products/updateUsersListingCounts.js
FN:4,(anonymous_0)
FNF:1
FNH:1
FNDA:7,(anonymous_0)
DA:4,1
DA:10,7
DA:11,7
DA:24,7
DA:25,7
DA:27,7
DA:28,6
DA:30,1
DA:33,6
DA:34,6
DA:35,0
DA:36,0
DA:41,0
DA:43,1
DA:46,1
DA:48,6
LF:16
LH:13
BRDA:5,0,0,4
BRDA:6,1,0,5
BRDA:7,2,0,5
BRDA:8,3,0,6
BRDA:12,4,0,7
BRDA:12,4,1,3
BRDA:15,5,0,7
BRDA:15,5,1,1
BRDA:18,6,0,7
BRDA:18,6,1,2
BRDA:20,7,0,1
BRDA:20,7,1,1
BRDA:20,8,0,1
BRDA:20,8,1,0
BRDA:27,9,0,6
BRDA:27,9,1,1
BRDA:34,10,0,0
BRDA:34,10,1,1
BRF:18
BRH:16
end_of_record
TN:
SF:src/users/addReviewSnippet.js
FN:4,(anonymous_0)
FNF:1
FNH:1
FNDA:1,(anonymous_0)
DA:4,1
DA:5,1
DA:7,1
LF:3
LH:3
BRF:0
BRH:0
end_of_record
TN:
SF:src/users/getReviewSnippet.js
FN:3,(anonymous_0)
FN:13,(anonymous_1)
FNF:2
FNH:2
FNDA:1,(anonymous_0)
FNDA:3,(anonymous_1)
DA:3,1
DA:4,1
DA:13,3
LF:3
LH:3
BRF:0
BRH:0
end_of_record
TN:
SF:src/users/index.js
FN:7,(anonymous_0)
FN:32,(anonymous_1)
FN:47,(anonymous_2)
FN:60,(anonymous_3)
FN:72,(anonymous_4)
FN:84,(anonymous_5)
FN:94,(anonymous_6)
FN:103,(anonymous_7)
FN:114,(anonymous_8)
FN:119,(anonymous_9)
FN:127,(anonymous_10)
FN:139,(anonymous_11)
FN:146,(anonymous_12)
FN:154,(anonymous_13)
FN:155,(anonymous_14)
FN:166,(anonymous_15)
FN:174,(anonymous_16)
FN:175,(anonymous_17)
FNF:18
FNH:13
FNDA:2,(anonymous_0)
FNDA:6,(anonymous_1)
FNDA:6,(anonymous_2)
FNDA:6,(anonymous_3)
FNDA:4,(anonymous_4)
FNDA:4,(anonymous_5)
FNDA:4,(anonymous_6)
FNDA:7,(anonymous_7)
FNDA:4,(anonymous_8)
FNDA:7,(anonymous_9)
FNDA:7,(anonymous_10)
FNDA:4,(anonymous_11)
FNDA:4,(anonymous_12)
FNDA:0,(anonymous_13)
FNDA:0,(anonymous_14)
FNDA:0,(anonymous_15)
FNDA:0,(anonymous_16)
FNDA:0,(anonymous_17)
DA:5,1
DA:7,1
DA:8,2
DA:9,2
DA:10,2
DA:15,1
DA:17,1
DA:18,1
DA:28,1
DA:32,1
DA:33,6
DA:34,6
DA:35,6
DA:36,6
DA:37,6
DA:38,6
DA:40,6
DA:41,6
DA:43,4
DA:47,1
DA:48,6
DA:49,1
DA:60,1
DA:61,6
DA:65,4
DA:66,4
DA:67,4
DA:68,4
DA:72,1
DA:73,4
DA:74,1
DA:75,2
DA:80,2
DA:84,2
DA:85,4
DA:94,1
DA:95,4
DA:101,4
DA:102,4
DA:103,4
DA:104,7
DA:110,4
DA:114,1
DA:115,4
DA:116,4
DA:118,4
DA:119,4
DA:120,7
DA:126,4
DA:127,4
DA:128,7
DA:134,4
DA:135,4
DA:139,1
DA:140,4
DA:141,4
DA:143,4
DA:145,4
DA:146,4
DA:147,4
DA:148,1
DA:150,1
DA:155,0
DA:156,0
DA:162,0
DA:165,0
DA:166,0
DA:167,0
DA:168,0
DA:170,0
DA:175,0
DA:176,0
DA:182,0
DA:185,0
DA:187,0
LF:75
LH:62
BRDA:17,0,0,1
BRDA:17,0,1,0
BRDA:48,1,0,1
BRDA:48,1,1,5
BRDA:48,2,0,6
BRDA:48,2,1,5
BRDA:61,3,0,4
BRDA:61,3,1,2
BRDA:62,4,0,6
BRDA:62,4,1,2
BRDA:73,5,0,1
BRDA:73,5,1,3
BRDA:73,6,0,4
BRDA:73,6,1,1
BRDA:86,7,0,4
BRDA:86,7,1,4
BRDA:87,8,0,4
BRDA:87,8,1,0
BRDA:101,9,0,4
BRDA:101,9,1,0
BRDA:105,10,0,7
BRDA:105,10,1,4
BRDA:106,11,0,7
BRDA:106,11,1,0
BRDA:121,12,0,7
BRDA:121,12,1,4
BRDA:122,13,0,7
BRDA:122,13,1,0
BRDA:129,14,0,7
BRDA:129,14,1,4
BRDA:130,15,0,7
BRDA:130,15,1,0
BRDA:134,16,0,4
BRDA:134,16,1,0
BRDA:134,17,0,4
BRDA:134,17,1,0
BRDA:157,18,0,0
BRDA:157,18,1,0
BRDA:158,19,0,0
BRDA:158,19,1,0
BRDA:177,20,0,0
BRDA:177,20,1,0
BRDA:178,21,0,0
BRDA:178,21,1,0
BRF:44
BRH:28
end_of_record
TN:
SF:src/users/reviews.js
FN:4,(anonymous_0)
FNF:1
FNH:1
FNDA:1,(anonymous_0)
DA:4,1
DA:5,1
DA:10,1
DA:12,1
LF:4
LH:4
BRF:0
BRH:0
end_of_record
TN:
SF:src/utils/constants.js
FN:1,(anonymous_0)
FNF:1
FNH:1
FNDA:1,(anonymous_0)
DA:1,6
DA:2,1
DA:3,1
LF:3
LH:3
BRF:0
BRH:0
end_of_record
TN:
SF:src/utils/emails.js
FN:17,(anonymous_0)
FNF:1
FNH:1
FNDA:4,(anonymous_0)
DA:4,6
DA:17,6
DA:18,4
DA:19,2
DA:20,2
DA:21,2
DA:41,1
DA:42,1
DA:44,1
DA:45,1
DA:48,2
DA:49,2
LF:12
LH:12
BRDA:18,0,0,2
BRDA:18,0,1,2
BRDA:18,1,0,4
BRDA:18,1,1,2
BRF:4
BRH:4
end_of_record
TN:
SF:src/utils/pushNotifications.js
FN:7,(anonymous_0)
FN:16,(anonymous_1)
FN:142,(anonymous_2)
FNF:3
FNH:3
FNDA:13,(anonymous_0)
FNDA:13,(anonymous_1)
FNDA:12,(anonymous_2)
DA:5,6
DA:7,6
DA:8,13
DA:10,13
DA:11,12
DA:12,12
DA:16,6
DA:19,13
DA:22,1
DA:30,1
DA:33,2
DA:41,2
DA:44,2
DA:52,2
DA:55,1
DA:63,1
DA:66,1
DA:74,1
DA:77,1
DA:85,1
DA:89,1
DA:97,1
DA:101,1
DA:109,1
DA:112,1
DA:120,1
DA:123,1
DA:131,1
DA:134,1
DA:135,1
DA:138,13
DA:142,6
DA:143,12
DA:145,12
DA:146,11
DA:147,11
DA:149,11
DA:150,10
DA:151,10
DA:152,10
DA:153,10
DA:154,10
DA:156,1
DA:159,1
LF:44
LH:44
BRDA:10,0,0,12
BRDA:10,0,1,1
BRDA:19,1,0,1
BRDA:19,1,1,1
BRDA:19,1,2,2
BRDA:19,1,3,2
BRDA:19,1,4,1
BRDA:19,1,5,1
BRDA:19,1,6,1
BRDA:19,1,7,1
BRDA:19,1,8,1
BRDA:19,1,9,1
BRDA:19,1,10,1
BRDA:19,1,11,1
BRDA:19,1,12,1
BRDA:19,1,13,1
BRDA:145,2,0,11
BRDA:145,2,1,1
BRDA:149,3,0,10
BRDA:149,3,1,1
BRF:20
BRH:20
end_of_record
