TN:
SF:src/followers/index.js
FN:5,(anonymous_0)
FN:20,(anonymous_1)
FNF:2
FNH:2
FNDA:1,(anonymous_0)
FNDA:1,(anonymous_1)
DA:5,1
DA:6,1
DA:7,1
DA:9,1
DA:10,1
DA:12,1
DA:13,1
DA:15,0
DA:16,0
DA:20,1
DA:21,1
DA:22,1
DA:24,1
DA:25,1
DA:27,1
DA:28,1
DA:30,0
DA:31,0
LF:18
LH:14
BRF:0
BRH:0
end_of_record
TN:
SF:src/followers/updateFollowCounts.js
FN:4,(anonymous_0)
FNF:1
FNH:1
FNDA:3,(anonymous_0)
DA:4,1
DA:5,3
DA:6,3
DA:7,3
DA:11,2
DA:13,1
DA:14,1
LF:7
LH:7
BRDA:8,0,0,2
BRDA:8,0,1,1
BRF:2
BRH:2
end_of_record
TN:
SF:src/likes/getLikeSnippet.js
FN:3,(anonymous_0)
FN:12,(anonymous_1)
FNF:2
FNH:2
FNDA:1,(anonymous_0)
FNDA:1,(anonymous_1)
DA:3,1
DA:4,1
DA:12,1
DA:13,1
DA:14,1
LF:5
LH:5
BRDA:17,0,0,1
BRDA:17,0,1,0
BRF:2
BRH:1
end_of_record
TN:
SF:src/likes/index.js
FN:5,(anonymous_0)
FN:18,(anonymous_1)
FNF:2
FNH:2
FNDA:1,(anonymous_0)
FNDA:1,(anonymous_1)
DA:5,1
DA:6,1
DA:7,1
DA:9,1
DA:11,1
DA:13,0
DA:14,0
DA:18,1
DA:19,1
DA:20,1
DA:22,1
DA:24,1
DA:26,0
DA:27,0
LF:14
LH:10
BRF:0
BRH:0
end_of_record
TN:
SF:src/likes/updateProductLike.js
FN:5,(anonymous_0)
FNF:1
FNH:1
FNDA:3,(anonymous_0)
DA:5,1
DA:6,3
DA:7,3
DA:8,3
DA:17,2
DA:19,1
DA:20,1
LF:7
LH:7
BRDA:13,0,0,2
BRDA:13,0,1,1
BRF:2
BRH:2
end_of_record
TN:
SF:src/orders/index.js
FN:16,(anonymous_0)
FN:25,(anonymous_1)
FN:46,(anonymous_2)
FN:73,(anonymous_3)
FN:103,(anonymous_4)
FN:124,(anonymous_5)
FN:133,(anonymous_6)
FN:147,(anonymous_7)
FN:171,(anonymous_8)
FN:185,(anonymous_9)
FN:201,(anonymous_10)
FN:214,(anonymous_11)
FN:256,(anonymous_12)
FN:313,(anonymous_13)
FN:361,(anonymous_14)
FN:386,(anonymous_15)
FN:408,(anonymous_16)
FNF:17
FNH:0
FNDA:0,(anonymous_0)
FNDA:0,(anonymous_1)
FNDA:0,(anonymous_2)
FNDA:0,(anonymous_3)
FNDA:0,(anonymous_4)
FNDA:0,(anonymous_5)
FNDA:0,(anonymous_6)
FNDA:0,(anonymous_7)
FNDA:0,(anonymous_8)
FNDA:0,(anonymous_9)
FNDA:0,(anonymous_10)
FNDA:0,(anonymous_11)
FNDA:0,(anonymous_12)
FNDA:0,(anonymous_13)
FNDA:0,(anonymous_14)
FNDA:0,(anonymous_15)
FNDA:0,(anonymous_16)
DA:9,1
DA:11,1
DA:12,1
DA:13,1
DA:14,1
DA:16,1
DA:17,0
DA:18,0
DA:19,0
DA:25,1
DA:26,0
DA:27,0
DA:29,0
DA:30,0
DA:33,0
DA:35,0
DA:36,0
DA:39,0
DA:41,0
DA:42,0
DA:46,1
DA:52,0
DA:53,0
DA:55,0
DA:56,0
DA:57,0
DA:65,0
DA:73,1
DA:78,0
DA:79,0
DA:81,0
DA:82,0
DA:83,0
DA:87,0
DA:88,0
DA:90,0
DA:96,0
DA:103,1
DA:106,0
DA:107,0
DA:108,0
DA:109,0
DA:110,0
DA:111,0
DA:112,0
DA:118,0
DA:124,1
DA:125,0
DA:126,0
DA:130,0
DA:133,1
DA:134,0
DA:135,0
DA:136,0
DA:137,0
DA:138,0
DA:147,1
DA:148,0
DA:149,0
DA:150,0
DA:151,0
DA:152,0
DA:157,0
DA:162,0
DA:171,1
DA:172,0
DA:173,0
DA:174,0
DA:176,0
DA:185,1
DA:186,0
DA:187,0
DA:188,0
DA:190,0
DA:198,0
DA:201,1
DA:202,0
DA:203,0
DA:204,0
DA:205,0
DA:214,1
DA:215,0
DA:216,0
DA:217,0
DA:218,0
DA:219,0
DA:224,0
DA:229,0
DA:236,0
DA:244,0
DA:247,1
DA:256,1
DA:257,0
DA:258,0
DA:259,0
DA:263,0
DA:265,0
DA:281,0
DA:313,1
DA:314,0
DA:315,0
DA:317,0
DA:318,0
DA:333,0
DA:349,0
DA:361,1
DA:362,0
DA:363,0
DA:369,0
DA:370,0
DA:371,0
DA:372,0
DA:375,0
DA:377,0
DA:378,0
DA:381,0
DA:382,0
DA:386,1
DA:387,0
DA:388,0
DA:389,0
DA:392,0
DA:394,0
DA:399,0
DA:400,0
DA:408,1
DA:409,0
DA:410,0
DA:411,0
DA:413,0
DA:418,0
DA:419,0
DA:420,0
DA:423,0
DA:424,0
DA:426,0
DA:427,0
DA:428,0
DA:430,0
DA:432,0
DA:438,0
DA:445,0
DA:456,0
DA:457,0
DA:459,0
DA:460,0
DA:470,0
DA:471,0
DA:473,0
DA:474,0
DA:490,0
DA:493,0
DA:517,0
DA:519,0
LF:154
LH:23
BRDA:29,0,0,0
BRDA:29,0,1,0
BRDA:35,1,0,0
BRDA:35,1,1,0
BRDA:55,2,0,0
BRDA:55,3,0,0
BRDA:56,4,0,0
BRDA:56,4,1,0
BRDA:81,5,0,0
BRDA:81,5,1,0
BRDA:108,6,0,0
BRDA:108,6,1,0
BRDA:370,7,0,0
BRDA:370,7,1,0
BRDA:388,8,0,0
BRDA:388,8,1,0
BRDA:418,9,0,0
BRDA:418,9,1,0
BRDA:418,10,0,0
BRDA:418,10,1,0
BRDA:448,11,0,0
BRDA:448,11,1,0
BRDA:453,12,0,0
BRDA:453,12,1,0
BRDA:459,13,0,0
BRDA:459,13,1,0
BRF:26
BRH:0
end_of_record
TN:
SF:src/payments/index.js
FN:12,(anonymous_0)
FN:51,(anonymous_1)
FN:96,(anonymous_2)
FN:136,(anonymous_3)
FN:157,(anonymous_4)
FN:181,(anonymous_5)
FN:203,(anonymous_6)
FN:237,(anonymous_7)
FN:264,(anonymous_8)
FN:322,(anonymous_9)
FN:372,(anonymous_10)
FN:400,(anonymous_11)
FNF:12
FNH:2
FNDA:4,(anonymous_0)
FNDA:5,(anonymous_1)
FNDA:0,(anonymous_2)
FNDA:0,(anonymous_3)
FNDA:0,(anonymous_4)
FNDA:0,(anonymous_5)
FNDA:0,(anonymous_6)
FNDA:0,(anonymous_7)
FNDA:0,(anonymous_8)
FNDA:0,(anonymous_9)
FNDA:0,(anonymous_10)
FNDA:0,(anonymous_11)
DA:8,1
DA:10,1
DA:12,1
DA:13,4
DA:14,4
DA:15,1
DA:18,3
DA:20,3
DA:27,2
DA:31,1
DA:35,1
DA:37,1
DA:42,3
DA:43,3
DA:51,1
DA:52,5
DA:53,5
DA:54,1
DA:57,4
DA:59,4
DA:64,3
DA:65,3
DA:66,1
DA:70,2
DA:71,1
DA:77,1
DA:84,2
DA:85,2
DA:96,1
DA:97,0
DA:98,0
DA:101,0
DA:103,0
DA:104,0
DA:105,0
DA:111,0
DA:114,0
DA:121,0
DA:126,0
DA:128,0
DA:130,0
DA:131,0
DA:132,0
DA:136,1
DA:137,0
DA:138,0
DA:141,0
DA:142,0
DA:144,0
DA:145,0
DA:149,0
DA:151,0
DA:152,0
DA:153,0
DA:157,1
DA:158,0
DA:159,0
DA:160,0
DA:161,0
DA:164,0
DA:165,0
DA:167,0
DA:168,0
DA:173,0
DA:175,0
DA:176,0
DA:177,0
DA:181,1
DA:182,0
DA:184,0
DA:185,0
DA:186,0
DA:189,0
DA:190,0
DA:192,0
DA:193,0
DA:195,0
DA:197,0
DA:198,0
DA:199,0
DA:203,1
DA:204,0
DA:205,0
DA:206,0
DA:207,0
DA:210,0
DA:211,0
DA:212,0
DA:213,0
DA:226,0
DA:228,0
DA:229,0
DA:237,1
DA:238,0
DA:239,0
DA:240,0
DA:243,0
DA:245,0
DA:246,0
DA:253,0
DA:255,0
DA:256,0
DA:264,1
DA:265,0
DA:266,0
DA:273,0
DA:274,0
DA:275,0
DA:276,0
DA:285,0
DA:287,0
DA:289,0
DA:290,0
DA:296,0
DA:297,0
DA:304,0
DA:309,0
DA:314,0
DA:315,0
DA:322,1
DA:323,0
DA:324,0
DA:331,0
DA:332,0
DA:333,0
DA:334,0
DA:337,0
DA:338,0
DA:339,0
DA:340,0
DA:346,0
DA:348,0
DA:354,0
DA:355,0
DA:356,0
DA:357,0
DA:363,0
DA:365,0
DA:367,0
DA:368,0
DA:372,1
DA:373,0
DA:377,0
DA:378,0
DA:380,0
DA:381,0
DA:384,0
DA:389,0
DA:390,0
DA:392,0
DA:393,0
DA:397,0
DA:400,1
DA:401,0
DA:402,0
DA:403,0
DA:406,0
DA:413,0
DA:415,0
DA:416,0
DA:441,0
DA:443,0
DA:448,0
DA:449,0
LF:164
LH:38
BRDA:12,0,0,0
BRDA:14,1,0,1
BRDA:14,1,1,3
BRDA:51,2,0,0
BRDA:53,3,0,1
BRDA:53,3,1,4
BRDA:65,4,0,1
BRDA:65,4,1,2
BRDA:70,5,0,1
BRDA:70,5,1,1
BRDA:96,6,0,0
BRDA:97,7,0,0
BRDA:97,7,1,0
BRDA:136,8,0,0
BRDA:137,9,0,0
BRDA:137,9,1,0
BRDA:157,10,0,0
BRDA:159,11,0,0
BRDA:159,11,1,0
BRDA:181,12,0,0
BRDA:184,13,0,0
BRDA:184,13,1,0
BRDA:203,14,0,0
BRDA:205,15,0,0
BRDA:205,15,1,0
BRDA:237,16,0,0
BRDA:239,17,0,0
BRDA:239,17,1,0
BRDA:274,18,0,0
BRDA:274,18,1,0
BRDA:274,19,0,0
BRDA:274,19,1,0
BRDA:289,20,0,0
BRDA:289,20,1,0
BRDA:289,21,0,0
BRDA:289,21,1,0
BRDA:289,21,2,0
BRDA:332,22,0,0
BRDA:332,22,1,0
BRDA:332,23,0,0
BRDA:332,23,1,0
BRDA:339,24,0,0
BRDA:339,24,1,0
BRDA:339,25,0,0
BRDA:339,25,1,0
BRDA:354,26,0,0
BRDA:354,26,1,0
BRDA:355,27,0,0
BRDA:355,27,1,0
BRDA:384,28,0,0
BRDA:384,28,1,0
BRDA:384,28,2,0
BRDA:401,29,0,0
BRDA:401,29,1,0
BRDA:412,30,0,0
BRF:55
BRH:8
end_of_record
TN:
SF:src/products/connectToPostgres.js
FN:4,(anonymous_0)
FNF:1
FNH:1
FNDA:1,(anonymous_0)
DA:2,1
DA:4,1
DA:5,1
DA:13,1
LF:4
LH:4
BRF:0
BRH:0
end_of_record
TN:
SF:src/products/constants.js
FN:55,(anonymous_0)
FNF:1
FNH:0
FNDA:0,(anonymous_0)
DA:1,1
DA:27,1
DA:53,1
DA:55,1
DA:61,0
LF:5
LH:4
BRDA:84,0,0,0
BRDA:84,0,1,0
BRDA:94,1,0,0
BRDA:94,1,1,0
BRF:4
BRH:0
end_of_record
TN:
SF:src/products/index.js
FN:16,(anonymous_0)
FN:20,(anonymous_1)
FN:41,(anonymous_2)
FN:51,(anonymous_3)
FN:103,(anonymous_4)
FN:164,(anonymous_5)
FN:187,(anonymous_6)
FNF:7
FNH:1
FNDA:0,(anonymous_0)
FNDA:0,(anonymous_1)
FNDA:0,(anonymous_2)
FNDA:0,(anonymous_3)
FNDA:1,(anonymous_4)
FNDA:0,(anonymous_5)
FNDA:0,(anonymous_6)
DA:14,1
DA:16,1
DA:17,0
DA:18,0
DA:20,0
DA:21,0
DA:28,0
DA:30,0
DA:31,0
DA:32,0
DA:35,0
DA:36,0
DA:37,0
DA:38,0
DA:41,0
DA:42,0
DA:51,1
DA:53,0
DA:54,0
DA:55,0
DA:60,0
DA:62,0
DA:69,0
DA:71,0
DA:94,0
DA:99,0
DA:103,1
DA:106,1
DA:107,1
DA:108,1
DA:109,1
DA:110,1
DA:113,1
DA:114,1
DA:119,1
DA:121,1
DA:127,1
DA:128,0
DA:131,1
DA:133,1
DA:158,0
DA:160,1
DA:164,1
DA:168,0
DA:170,0
DA:171,0
DA:172,0
DA:174,0
DA:176,0
DA:181,0
DA:184,0
DA:187,1
DA:189,0
DA:190,0
DA:191,0
DA:194,0
DA:215,0
DA:218,0
DA:220,0
DA:246,0
DA:251,0
DA:252,0
DA:253,0
DA:255,0
LF:64
LH:19
BRDA:28,0,0,0
BRDA:28,0,1,0
BRDA:79,1,0,0
BRDA:79,1,1,0
BRDA:83,2,0,0
BRDA:83,2,1,0
BRDA:84,3,0,0
BRDA:84,3,1,0
BRDA:86,4,0,0
BRDA:86,4,1,0
BRDA:88,5,0,0
BRDA:88,5,1,0
BRDA:90,6,0,0
BRDA:90,6,1,0
BRDA:91,7,0,0
BRDA:91,7,1,0
BRDA:99,8,0,0
BRDA:99,8,1,0
BRDA:124,9,0,1
BRDA:124,9,1,1
BRDA:127,10,0,0
BRDA:127,10,1,1
BRDA:127,11,0,1
BRDA:127,11,1,1
BRDA:153,12,0,0
BRDA:153,12,1,1
BRDA:160,13,0,1
BRDA:160,13,1,1
BRDA:181,14,0,0
BRDA:181,14,1,0
BRDA:190,15,0,0
BRDA:190,15,1,0
BRDA:196,16,0,0
BRDA:197,17,0,0
BRDA:198,18,0,0
BRDA:199,19,0,0
BRDA:200,20,0,0
BRDA:201,21,0,0
BRDA:202,22,0,0
BRDA:203,23,0,0
BRDA:206,24,0,0
BRDA:207,25,0,0
BRDA:208,26,0,0
BRDA:209,27,0,0
BRDA:210,28,0,0
BRDA:211,29,0,0
BRDA:212,30,0,0
BRDA:213,31,0,0
BRDA:214,32,0,0
BRDA:218,33,0,0
BRDA:218,33,1,0
BRDA:229,34,0,0
BRDA:229,34,1,0
BRDA:248,35,0,0
BRDA:248,35,1,0
BRDA:255,36,0,0
BRDA:255,36,1,0
BRF:57
BRH:8
end_of_record
TN:
SF:src/products/updateUsersListingCounts.js
FN:4,(anonymous_0)
FNF:1
FNH:1
FNDA:7,(anonymous_0)
DA:4,1
DA:10,7
DA:11,7
DA:24,7
DA:25,7
DA:27,7
DA:28,6
DA:30,1
DA:33,6
DA:34,6
DA:35,0
DA:36,0
DA:41,0
DA:43,1
DA:46,1
DA:48,6
LF:16
LH:13
BRDA:5,0,0,4
BRDA:6,1,0,5
BRDA:7,2,0,5
BRDA:8,3,0,6
BRDA:12,4,0,7
BRDA:12,4,1,3
BRDA:15,5,0,7
BRDA:15,5,1,1
BRDA:18,6,0,7
BRDA:18,6,1,2
BRDA:20,7,0,1
BRDA:20,7,1,1
BRDA:20,8,0,1
BRDA:20,8,1,0
BRDA:27,9,0,6
BRDA:27,9,1,1
BRDA:34,10,0,0
BRDA:34,10,1,1
BRF:18
BRH:16
end_of_record
TN:
SF:src/utils/constants.js
FN:1,(anonymous_0)
FNF:1
FNH:1
FNDA:1,(anonymous_0)
DA:1,1
DA:2,1
DA:3,1
LF:3
LH:3
BRF:0
BRH:0
end_of_record
TN:
SF:src/utils/emails.js
FN:17,(anonymous_0)
FNF:1
FNH:0
FNDA:0,(anonymous_0)
DA:4,1
DA:17,1
DA:18,0
DA:19,0
DA:20,0
DA:21,0
DA:41,0
DA:42,0
DA:44,0
DA:45,0
DA:48,0
DA:49,0
LF:12
LH:2
BRDA:18,0,0,0
BRDA:18,0,1,0
BRDA:18,1,0,0
BRDA:18,1,1,0
BRF:4
BRH:0
end_of_record
TN:
SF:src/utils/pushNotifications.js
FN:7,(anonymous_0)
FN:16,(anonymous_1)
FN:142,(anonymous_2)
FNF:3
FNH:0
FNDA:0,(anonymous_0)
FNDA:0,(anonymous_1)
FNDA:0,(anonymous_2)
DA:5,1
DA:7,1
DA:8,0
DA:10,0
DA:11,0
DA:12,0
DA:16,1
DA:19,0
DA:22,0
DA:30,0
DA:33,0
DA:41,0
DA:44,0
DA:52,0
DA:55,0
DA:63,0
DA:66,0
DA:74,0
DA:77,0
DA:85,0
DA:89,0
DA:97,0
DA:101,0
DA:109,0
DA:112,0
DA:120,0
DA:123,0
DA:131,0
DA:134,0
DA:135,0
DA:138,0
DA:142,1
DA:143,0
DA:145,0
DA:146,0
DA:147,0
DA:149,0
DA:150,0
DA:151,0
DA:152,0
DA:153,0
DA:154,0
DA:156,0
DA:159,0
LF:44
LH:4
BRDA:10,0,0,0
BRDA:10,0,1,0
BRDA:19,1,0,0
BRDA:19,1,1,0
BRDA:19,1,2,0
BRDA:19,1,3,0
BRDA:19,1,4,0
BRDA:19,1,5,0
BRDA:19,1,6,0
BRDA:19,1,7,0
BRDA:19,1,8,0
BRDA:19,1,9,0
BRDA:19,1,10,0
BRDA:19,1,11,0
BRDA:19,1,12,0
BRDA:19,1,13,0
BRDA:145,2,0,0
BRDA:145,2,1,0
BRDA:149,3,0,0
BRDA:149,3,1,0
BRF:20
BRH:0
end_of_record
